1648109714.9189|110|响应超时|/goods/feeds?pageNum=1&pageSize=5
1648109714.9239|110|响应超时|/goods/feeds?pageNum=1&pageSize=5
1648109715.4050|130|请求发出后服务端不回响应断开连接|/api/path1
1648109715.6981|130|请求发出后服务端不回响应断开连接|/api/path1
1648109716.0851|130|请求发出后服务端不回响应断开连接|/api/path1
1648109716.0881|130|请求发出后服务端不回响应断开连接|/api/path1
1648109716.2961|130|请求发出后服务端不回响应断开连接|/api/path1
1648109716.3120|130|请求发出后服务端不回响应断开连接|/api/path1
1648109716.3289|130|请求发出后服务端不回响应断开连接|/api/path1
1648109716.3479|130|请求发出后服务端不回响应断开连接|/api/path1
1648109716.7840|110|响应超时|/goods/feeds?pageNum=1&pageSize=5
1648109716.8888|110|响应超时|/goods/feeds?pageNum=1&pageSize=5
1648109717.2249|110|响应超时|/goods/feeds?pageNum=1&pageSize=5
1648109717.4131|110|响应超时|/goods/feeds?pageNum=1&pageSize=5
1648109717.7476|110|响应超时|/goods/feeds?pageNum=1&pageSize=5
1648109717.8675|110|响应超时|/goods/feeds?pageNum=1&pageSize=5
1648109717.8830|110|响应超时|/goods/feeds?pageNum=1&pageSize=5
1648109717.8940|110|响应超时|/goods/feeds?pageNum=1&pageSize=5
1648109718.0335|110|响应超时|/goods/feeds?pageNum=1&pageSize=5
1648109718.3583|110|响应超时|/goods/feeds?pageNum=1&pageSize=5
1648109718.6903|110|响应超时|/goods/feeds?pageNum=1&pageSize=5
1648109718.7491|110|响应超时|/goods/feeds?pageNum=1&pageSize=5
1648109719.4083|110|响应超时|/api/path1
