1648145396.9765|110|响应超时|/goods/feeds?pageNum=1&pageSize=5
1648145397.0139|110|响应超时|/goods/feeds?pageNum=1&pageSize=5
1648145397.1094|110|响应超时|/goods/feeds?pageNum=1&pageSize=5
1648145397.4924|110|响应超时|/goods/feeds?pageNum=1&pageSize=5
1648145397.7943|110|响应超时|/goods/feeds?pageNum=1&pageSize=5
1648145398.0514|110|响应超时|/goods/feeds?pageNum=1&pageSize=5
1648145398.3577|110|响应超时|/goods/feeds?pageNum=1&pageSize=5
1648145398.3835|110|响应超时|/goods/feeds?pageNum=1&pageSize=5
1648145398.5449|110|响应超时|/goods/feeds?pageNum=1&pageSize=5
1648145398.6686|110|响应超时|/goods/feeds?pageNum=1&pageSize=5
1648145398.7055|110|响应超时|/goods/feeds?pageNum=1&pageSize=5
1648145398.7373|110|响应超时|/goods/feeds?pageNum=1&pageSize=5
1648145399.0764|110|响应超时|/goods/feeds?pageNum=1&pageSize=5
1648145399.1293|110|响应超时|/goods/feeds?pageNum=1&pageSize=5
1648145399.2711|110|响应超时|/goods/feeds?pageNum=1&pageSize=5
1648145399.2868|110|响应超时|/goods/feeds?pageNum=1&pageSize=5
1648145399.6273|110|响应超时|/goods/feeds?pageNum=1&pageSize=5
1648145399.7847|110|响应超时|/goods/feeds?pageNum=1&pageSize=5
1648145399.8101|110|响应超时|/goods/feeds?pageNum=1&pageSize=5
1648145399.8249|110|响应超时|/goods/feeds?pageNum=1&pageSize=5
1648145399.8499|110|响应超时|/goods/feeds?pageNum=1&pageSize=5
1648145399.8606|110|响应超时|/goods/feeds?pageNum=1&pageSize=5
1648145400.0304|110|响应超时|/goods/feeds?pageNum=1&pageSize=5
1648145400.4885|110|响应超时|/goods/feeds?pageNum=1&pageSize=5
1648145400.5951|110|响应超时|/goods/feeds?pageNum=1&pageSize=5
1648145400.8474|110|响应超时|/goods/feeds?pageNum=1&pageSize=5
1648145401.3942|110|响应超时|/goods/feeds?pageNum=1&pageSize=5
1648145401.4255|110|响应超时|/goods/feeds?pageNum=1&pageSize=5
1648145401.4415|110|响应超时|/goods/feeds?pageNum=1&pageSize=5
1648145401.4874|110|响应超时|/goods/feeds?pageNum=1&pageSize=5
1648145401.6601|110|响应超时|/goods/feeds?pageNum=1&pageSize=5
1648145401.6878|110|响应超时|/goods/feeds?pageNum=1&pageSize=5
1648145401.6953|110|响应超时|/goods/feeds?pageNum=1&pageSize=5
1648145401.7191|110|响应超时|/goods/feeds?pageNum=1&pageSize=5
1648145401.9846|110|响应超时|/goods/feeds?pageNum=1&pageSize=5
1648145402.0255|110|响应超时|/goods/feeds?pageNum=1&pageSize=5
1648145402.0620|110|响应超时|/goods/feeds?pageNum=1&pageSize=5
1648145402.0710|110|响应超时|/goods/feeds?pageNum=1&pageSize=5
1648145402.2491|110|响应超时|/goods/feeds?pageNum=1&pageSize=5
1648145402.2637|110|响应超时|/goods/feeds?pageNum=1&pageSize=5
1648145402.6552|110|响应超时|/goods/feeds?pageNum=1&pageSize=5
1648145402.6738|110|响应超时|/goods/feeds?pageNum=1&pageSize=5
1648145402.7188|110|响应超时|/goods/feeds?pageNum=1&pageSize=5
1648145403.4224|110|响应超时|/goods/feeds?pageNum=1&pageSize=5
1648145404.5870|110|响应超时|/goods/feeds?pageNum=1&pageSize=5
1648145404.8064|110|响应超时|/goods/feeds?pageNum=1&pageSize=5
1648145404.8805|110|响应超时|/goods/feeds?pageNum=1&pageSize=5
1648145405.6511|110|响应超时|/goods/feeds?pageNum=1&pageSize=5
1648145405.9044|110|响应超时|/goods/feeds?pageNum=1&pageSize=5
1648145406.0243|110|响应超时|/goods/feeds?pageNum=1&pageSize=5
1648145406.2369|110|响应超时|/goods/feeds?pageNum=1&pageSize=5
1648145406.2895|110|响应超时|/goods/feeds?pageNum=1&pageSize=5
1648145406.3026|110|响应超时|/goods/feeds?pageNum=1&pageSize=5
1648145406.3829|110|响应超时|/goods/feeds?pageNum=1&pageSize=5
1648145406.4366|110|响应超时|/goods/feeds?pageNum=1&pageSize=5
1648145406.5679|110|响应超时|/goods/feeds?pageNum=1&pageSize=5
1648145406.9278|110|响应超时|/goods/feeds?pageNum=1&pageSize=5
1648145407.2473|110|响应超时|/goods/feeds?pageNum=1&pageSize=5
1648145407.2658|110|响应超时|/goods/feeds?pageNum=1&pageSize=5
1648145407.4349|110|响应超时|/goods/feeds?pageNum=1&pageSize=5
1648145407.5064|110|响应超时|/goods/feeds?pageNum=1&pageSize=5
1648145408.2078|110|响应超时|/goods/feeds?pageNum=1&pageSize=5
1648145408.3022|110|响应超时|/goods/feeds?pageNum=1&pageSize=5
1648145408.7973|110|响应超时|/goods/feeds?pageNum=1&pageSize=5
1648145408.8229|110|响应超时|/goods/feeds?pageNum=1&pageSize=5
1648145409.1006|110|响应超时|/goods/feeds?pageNum=1&pageSize=5
1648145409.4201|110|响应超时|/goods/feeds?pageNum=1&pageSize=5
1648145409.7106|110|响应超时|/goods/feeds?pageNum=1&pageSize=5
1648145410.6154|110|响应超时|/goods/feeds?pageNum=1&pageSize=5
1648145411.4215|110|响应超时|/goods/feeds?pageNum=1&pageSize=5
1648145411.9668|110|响应超时|/goods/feeds?pageNum=1&pageSize=5
1648145412.4153|110|响应超时|/goods/feeds?pageNum=1&pageSize=5
1648145412.8078|110|响应超时|/goods/feeds?pageNum=1&pageSize=5
1648145413.0983|110|响应超时|/goods/feeds?pageNum=1&pageSize=5
1648145413.4653|110|响应超时|/goods/feeds?pageNum=1&pageSize=5
1648145413.6070|110|响应超时|/goods/feeds?pageNum=1&pageSize=5
1648145413.7063|110|响应超时|/goods/feeds?pageNum=1&pageSize=5
1648145413.8901|110|响应超时|/goods/feeds?pageNum=1&pageSize=5
1648145415.0645|110|响应超时|/goods/feeds?pageNum=1&pageSize=5
1648145415.1003|110|响应超时|/goods/feeds?pageNum=1&pageSize=5
1648145416.2447|110|响应超时|/goods/feeds?pageNum=1&pageSize=5
1648145416.6306|110|响应超时|/goods/feeds?pageNum=1&pageSize=5
1648145416.6893|110|响应超时|/goods/feeds?pageNum=1&pageSize=5
1648145416.9294|100|连接超时|/goods/feeds?pageNum=1&pageSize=5
1648145417.0724|100|连接超时|/goods/feeds?pageNum=1&pageSize=5
1648145417.1440|100|连接超时|/goods/feeds?pageNum=1&pageSize=5
1648145417.4857|110|响应超时|/goods/feeds?pageNum=1&pageSize=5
1648145417.8095|110|响应超时|/goods/feeds?pageNum=1&pageSize=5
1648145417.8362|110|响应超时|/goods/feeds?pageNum=1&pageSize=5
1648145418.0639|100|连接超时|/goods/feeds?pageNum=1&pageSize=5
1648145418.0791|100|连接超时|/goods/feeds?pageNum=1&pageSize=5
1648145418.4535|110|响应超时|/goods/feeds?pageNum=1&pageSize=5
1648145418.5603|110|响应超时|/goods/feeds?pageNum=1&pageSize=5
1648145418.6346|100|连接超时|/goods/feeds?pageNum=1&pageSize=5
1648145419.0911|100|连接超时|/goods/feeds?pageNum=1&pageSize=5
1648145419.1001|100|连接超时|/goods/feeds?pageNum=1&pageSize=5
1648145419.1745|100|连接超时|/goods/feeds?pageNum=1&pageSize=5
1648145419.2674|100|连接超时|/goods/feeds?pageNum=1&pageSize=5
1648145419.2974|100|连接超时|/goods/feeds?pageNum=1&pageSize=5
1648145419.3214|100|连接超时|/goods/feeds?pageNum=1&pageSize=5
1648145419.6212|100|连接超时|/goods/feeds?pageNum=1&pageSize=5
1648145419.7061|110|响应超时|/goods/feeds?pageNum=1&pageSize=5
1648145419.9793|100|连接超时|/goods/feeds?pageNum=1&pageSize=5
1648145420.0292|100|连接超时|/goods/feeds?pageNum=1&pageSize=5
1648145420.0986|100|连接超时|/goods/feeds?pageNum=1&pageSize=5
1648145420.2803|110|响应超时|/goods/feeds?pageNum=1&pageSize=5
1648145420.3306|100|连接超时|/goods/feeds?pageNum=1&pageSize=5
1648145420.6559|110|响应超时|/goods/feeds?pageNum=1&pageSize=5
1648145420.6684|110|响应超时|/goods/feeds?pageNum=1&pageSize=5
1648145420.7622|110|响应超时|/goods/feeds?pageNum=1&pageSize=5
1648145420.7721|100|连接超时|/goods/feeds?pageNum=1&pageSize=5
1648145420.7816|100|连接超时|/goods/feeds?pageNum=1&pageSize=5
1648145420.8812|100|连接超时|/goods/feeds?pageNum=1&pageSize=5
1648145420.8904|100|连接超时|/goods/feeds?pageNum=1&pageSize=5
1648145420.9382|100|连接超时|/goods/feeds?pageNum=1&pageSize=5
1648145420.9515|100|连接超时|/goods/feeds?pageNum=1&pageSize=5
1648145420.9803|100|连接超时|/goods/feeds?pageNum=1&pageSize=5
1648145421.0234|110|响应超时|/goods/feeds?pageNum=1&pageSize=5
1648145421.2092|100|连接超时|/goods/feeds?pageNum=1&pageSize=5
1648145421.2181|100|连接超时|/goods/feeds?pageNum=1&pageSize=5
1648145421.2653|100|连接超时|/goods/feeds?pageNum=1&pageSize=5
1648145421.2719|100|连接超时|/goods/feeds?pageNum=1&pageSize=5
1648145421.2799|100|连接超时|/goods/feeds?pageNum=1&pageSize=5
1648145421.3783|110|响应超时|/goods/feeds?pageNum=1&pageSize=5
1648145421.3960|110|响应超时|/goods/feeds?pageNum=1&pageSize=5
1648145421.4105|100|连接超时|/goods/feeds?pageNum=1&pageSize=5
1648145421.5434|100|连接超时|/goods/feeds?pageNum=1&pageSize=5
1648145421.6031|100|连接超时|/goods/feeds?pageNum=1&pageSize=5
1648145421.6427|100|连接超时|/goods/feeds?pageNum=1&pageSize=5
1648145421.6626|100|连接超时|/goods/feeds?pageNum=1&pageSize=5
1648145422.0423|100|连接超时|/goods/feeds?pageNum=1&pageSize=5
1648145422.0552|100|连接超时|/goods/feeds?pageNum=1&pageSize=5
1648145422.1015|110|响应超时|/goods/feeds?pageNum=1&pageSize=5
1648145422.1293|100|连接超时|/goods/feeds?pageNum=1&pageSize=5
1648145422.1369|100|连接超时|/goods/feeds?pageNum=1&pageSize=5
1648145422.3279|100|连接超时|/goods/feeds?pageNum=1&pageSize=5
1648145422.3406|100|连接超时|/goods/feeds?pageNum=1&pageSize=5
1648145422.3406|100|连接超时|/goods/feeds?pageNum=1&pageSize=5
1648145422.3524|100|连接超时|/goods/feeds?pageNum=1&pageSize=5
1648145422.4663|100|连接超时|/goods/feeds?pageNum=1&pageSize=5
1648145422.4848|100|连接超时|/goods/feeds?pageNum=1&pageSize=5
1648145422.5533|100|连接超时|/goods/feeds?pageNum=1&pageSize=5
1648145422.6132|100|连接超时|/goods/feeds?pageNum=1&pageSize=5
1648145422.6132|100|连接超时|/goods/feeds?pageNum=1&pageSize=5
1648145422.6142|100|连接超时|/goods/feeds?pageNum=1&pageSize=5
1648145422.6342|100|连接超时|/goods/feeds?pageNum=1&pageSize=5
1648145422.6551|100|连接超时|/goods/feeds?pageNum=1&pageSize=5
1648145422.6854|100|连接超时|/goods/feeds?pageNum=1&pageSize=5
1648145422.7981|100|连接超时|/goods/feeds?pageNum=1&pageSize=5
1648145422.8242|100|连接超时|/goods/feeds?pageNum=1&pageSize=5
1648145422.9006|100|连接超时|/goods/feeds?pageNum=1&pageSize=5
1648145423.2142|100|连接超时|/goods/feeds?pageNum=1&pageSize=5
1648145423.2547|100|连接超时|/goods/feeds?pageNum=1&pageSize=5
1648145423.2697|100|连接超时|/goods/feeds?pageNum=1&pageSize=5
1648145423.3114|100|连接超时|/goods/feeds?pageNum=1&pageSize=5
1648145423.4334|100|连接超时|/goods/feeds?pageNum=1&pageSize=5
1648145423.4833|100|连接超时|/goods/feeds?pageNum=1&pageSize=5
1648145423.4952|100|连接超时|/goods/feeds?pageNum=1&pageSize=5
1648145423.5162|100|连接超时|/goods/feeds?pageNum=1&pageSize=5
1648145423.5552|100|连接超时|/goods/feeds?pageNum=1&pageSize=5
1648145423.6003|100|连接超时|/goods/feeds?pageNum=1&pageSize=5
1648145423.6114|100|连接超时|/goods/feeds?pageNum=1&pageSize=5
1648145423.6708|100|连接超时|/goods/feeds?pageNum=1&pageSize=5
1648145423.7192|100|连接超时|/goods/feeds?pageNum=1&pageSize=5
1648145423.7603|100|连接超时|/goods/feeds?pageNum=1&pageSize=5
1648145423.7652|100|连接超时|/goods/feeds?pageNum=1&pageSize=5
1648145423.8064|100|连接超时|/goods/feeds?pageNum=1&pageSize=5
1648145423.9099|100|连接超时|/goods/feeds?pageNum=1&pageSize=5
1648145424.0039|100|连接超时|/goods/feeds?pageNum=1&pageSize=5
1648145424.0721|100|连接超时|/goods/feeds?pageNum=1&pageSize=5
1648145424.0841|110|响应超时|/goods/feeds?pageNum=1&pageSize=5
1648145424.1019|100|连接超时|/goods/feeds?pageNum=1&pageSize=5
1648145424.1244|100|连接超时|/goods/feeds?pageNum=1&pageSize=5
1648145424.1742|100|连接超时|/goods/feeds?pageNum=1&pageSize=5
1648145424.2741|110|响应超时|/goods/feeds?pageNum=1&pageSize=5
1648145424.2771|100|连接超时|/goods/feeds?pageNum=1&pageSize=5
1648145424.6057|100|连接超时|/goods/feeds?pageNum=1&pageSize=5
1648145424.6347|110|响应超时|/goods/feeds?pageNum=1&pageSize=5
1648145424.6367|100|连接超时|/goods/feeds?pageNum=1&pageSize=5
1648145424.6508|100|连接超时|/goods/feeds?pageNum=1&pageSize=5
1648145424.7609|100|连接超时|/goods/feeds?pageNum=1&pageSize=5
1648145424.8401|100|连接超时|/goods/feeds?pageNum=1&pageSize=5
1648145424.9242|100|连接超时|/goods/feeds?pageNum=1&pageSize=5
1648145425.0121|100|连接超时|/goods/feeds?pageNum=1&pageSize=5
1648145425.0171|100|连接超时|/goods/feeds?pageNum=1&pageSize=5
1648145425.1017|100|连接超时|/goods/feeds?pageNum=1&pageSize=5
1648145425.2917|100|连接超时|/goods/feeds?pageNum=1&pageSize=5
1648145425.2967|100|连接超时|/goods/feeds?pageNum=1&pageSize=5
1648145425.3302|100|连接超时|/goods/feeds?pageNum=1&pageSize=5
1648145425.3591|100|连接超时|/goods/feeds?pageNum=1&pageSize=5
1648145425.4252|100|连接超时|/goods/feeds?pageNum=1&pageSize=5
1648145425.4372|100|连接超时|/goods/feeds?pageNum=1&pageSize=5
1648145425.4831|100|连接超时|/goods/feeds?pageNum=1&pageSize=5
1648145425.5199|100|连接超时|/goods/feeds?pageNum=1&pageSize=5
1648145425.5297|100|连接超时|/goods/feeds?pageNum=1&pageSize=5
1648145425.6433|100|连接超时|/goods/feeds?pageNum=1&pageSize=5
1648145425.7794|100|连接超时|/goods/feeds?pageNum=1&pageSize=5
1648145425.8401|100|连接超时|/goods/feeds?pageNum=1&pageSize=5
1648145425.9172|110|响应超时|/goods/feeds?pageNum=1&pageSize=5
1648145425.9202|100|连接超时|/goods/feeds?pageNum=1&pageSize=5
1648145426.0369|100|连接超时|/goods/feeds?pageNum=1&pageSize=5
1648145426.0455|100|连接超时|/goods/feeds?pageNum=1&pageSize=5
1648145426.0833|100|连接超时|/goods/feeds?pageNum=1&pageSize=5
1648145426.0993|100|连接超时|/goods/feeds?pageNum=1&pageSize=5
1648145426.1152|100|连接超时|/goods/feeds?pageNum=1&pageSize=5
1648145426.1599|100|连接超时|/goods/feeds?pageNum=1&pageSize=5
1648145426.3612|100|连接超时|/goods/feeds?pageNum=1&pageSize=5
1648145426.5533|100|连接超时|/goods/feeds?pageNum=1&pageSize=5
1648145426.5714|100|连接超时|/goods/feeds?pageNum=1&pageSize=5
1648145426.6494|100|连接超时|/goods/feeds?pageNum=1&pageSize=5
1648145426.6963|100|连接超时|/goods/feeds?pageNum=1&pageSize=5
1648145426.7825|100|连接超时|/goods/feeds?pageNum=1&pageSize=5
1648145426.9016|110|响应超时|/goods/feeds?pageNum=1&pageSize=5
1648145426.9257|110|响应超时|/goods/feeds?pageNum=1&pageSize=5
1648145426.9304|100|连接超时|/goods/feeds?pageNum=1&pageSize=5
1648145426.9515|100|连接超时|/goods/feeds?pageNum=1&pageSize=5
1648145426.9782|100|连接超时|/goods/feeds?pageNum=1&pageSize=5
1648145426.9887|100|连接超时|/goods/feeds?pageNum=1&pageSize=5
1648145427.1221|100|连接超时|/goods/feeds?pageNum=1&pageSize=5
1648145427.1762|100|连接超时|/goods/feeds?pageNum=1&pageSize=5
1648145427.1772|100|连接超时|/goods/feeds?pageNum=1&pageSize=5
1648145427.3559|110|响应超时|/goods/feeds?pageNum=1&pageSize=5
1648145427.3665|100|连接超时|/goods/feeds?pageNum=1&pageSize=5
1648145427.4781|100|连接超时|/goods/feeds?pageNum=1&pageSize=5
1648145427.4871|100|连接超时|/goods/feeds?pageNum=1&pageSize=5
1648145427.5022|100|连接超时|/goods/feeds?pageNum=1&pageSize=5
1648145427.5157|100|连接超时|/goods/feeds?pageNum=1&pageSize=5
1648145427.5571|100|连接超时|/goods/feeds?pageNum=1&pageSize=5
1648145427.6050|100|连接超时|/goods/feeds?pageNum=1&pageSize=5
1648145427.6156|100|连接超时|/goods/feeds?pageNum=1&pageSize=5
1648145427.6597|100|连接超时|/goods/feeds?pageNum=1&pageSize=5
1648145427.7913|110|响应超时|/goods/feeds?pageNum=1&pageSize=5
1648145427.8705|100|连接超时|/goods/feeds?pageNum=1&pageSize=5
1648145427.9587|100|连接超时|/goods/feeds?pageNum=1&pageSize=5
1648145428.0496|100|连接超时|/goods/feeds?pageNum=1&pageSize=5
1648145428.0652|100|连接超时|/goods/feeds?pageNum=1&pageSize=5
1648145428.1010|100|连接超时|/goods/feeds?pageNum=1&pageSize=5
1648145428.1029|100|连接超时|/goods/feeds?pageNum=1&pageSize=5
1648145428.1293|100|连接超时|/goods/feeds?pageNum=1&pageSize=5
1648145428.1875|100|连接超时|/goods/feeds?pageNum=1&pageSize=5
1648145428.1885|100|连接超时|/goods/feeds?pageNum=1&pageSize=5
1648145428.2164|110|响应超时|/goods/feeds?pageNum=1&pageSize=5
1648145428.2284|100|连接超时|/goods/feeds?pageNum=1&pageSize=5
1648145428.2373|100|连接超时|/goods/feeds?pageNum=1&pageSize=5
1648145428.2535|100|连接超时|/goods/feeds?pageNum=1&pageSize=5
1648145428.3043|110|响应超时|/goods/feeds?pageNum=1&pageSize=5
1648145428.3063|100|连接超时|/goods/feeds?pageNum=1&pageSize=5
1648145428.3103|100|连接超时|/goods/feeds?pageNum=1&pageSize=5
1648145428.3465|100|连接超时|/goods/feeds?pageNum=1&pageSize=5
1648145428.4553|100|连接超时|/goods/feeds?pageNum=1&pageSize=5
1648145428.4664|100|连接超时|/goods/feeds?pageNum=1&pageSize=5
1648145428.4903|100|连接超时|/goods/feeds?pageNum=1&pageSize=5
1648145428.5809|100|连接超时|/goods/feeds?pageNum=1&pageSize=5
1648145428.6064|100|连接超时|/goods/feeds?pageNum=1&pageSize=5
1648145428.6533|100|连接超时|/goods/feeds?pageNum=1&pageSize=5
1648145428.6634|100|连接超时|/goods/feeds?pageNum=1&pageSize=5
1648145428.7271|100|连接超时|/goods/feeds?pageNum=1&pageSize=5
1648145428.8033|110|响应超时|/goods/feeds?pageNum=1&pageSize=5
1648145428.8053|110|响应超时|/goods/feeds?pageNum=1&pageSize=5
1648145428.8335|100|连接超时|/goods/feeds?pageNum=1&pageSize=5
1648145428.8495|100|连接超时|/goods/feeds?pageNum=1&pageSize=5
1648145428.8540|100|连接超时|/goods/feeds?pageNum=1&pageSize=5
1648145428.8793|100|连接超时|/goods/feeds?pageNum=1&pageSize=5
1648145428.8954|100|连接超时|/goods/feeds?pageNum=1&pageSize=5
1648145429.0925|100|连接超时|/goods/feeds?pageNum=1&pageSize=5
1648145429.1899|100|连接超时|/goods/feeds?pageNum=1&pageSize=5
1648145429.1904|100|连接超时|/goods/feeds?pageNum=1&pageSize=5
1648145429.3439|100|连接超时|/goods/feeds?pageNum=1&pageSize=5
1648145429.3921|100|连接超时|/goods/feeds?pageNum=1&pageSize=5
1648145429.4043|100|连接超时|/goods/feeds?pageNum=1&pageSize=5
1648145429.4540|100|连接超时|/goods/feeds?pageNum=1&pageSize=5
1648145429.4658|100|连接超时|/goods/feeds?pageNum=1&pageSize=5
1648145429.4814|100|连接超时|/goods/feeds?pageNum=1&pageSize=5
1648145429.5604|100|连接超时|/goods/feeds?pageNum=1&pageSize=5
1648145429.5714|100|连接超时|/goods/feeds?pageNum=1&pageSize=5
1648145429.6549|100|连接超时|/goods/feeds?pageNum=1&pageSize=5
1648145429.7411|100|连接超时|/goods/feeds?pageNum=1&pageSize=5
1648145429.7983|100|连接超时|/goods/feeds?pageNum=1&pageSize=5
1648145429.8547|100|连接超时|/goods/feeds?pageNum=1&pageSize=5
1648145429.8788|100|连接超时|/goods/feeds?pageNum=1&pageSize=5
1648145429.9004|100|连接超时|/goods/feeds?pageNum=1&pageSize=5
1648145429.9391|100|连接超时|/goods/feeds?pageNum=1&pageSize=5
1648145429.9493|110|响应超时|/goods/feeds?pageNum=1&pageSize=5
1648145429.9649|100|连接超时|/goods/feeds?pageNum=1&pageSize=5
1648145429.9799|100|连接超时|/goods/feeds?pageNum=1&pageSize=5
1648145430.1984|100|连接超时|/goods/feeds?pageNum=1&pageSize=5
1648145430.3162|100|连接超时|/goods/feeds?pageNum=1&pageSize=5
1648145430.3290|100|连接超时|/goods/feeds?pageNum=1&pageSize=5
1648145430.4491|100|连接超时|/goods/feeds?pageNum=1&pageSize=5
1648145430.4643|100|连接超时|/goods/feeds?pageNum=1&pageSize=5
1648145430.5625|100|连接超时|/goods/feeds?pageNum=1&pageSize=5
1648145430.5737|100|连接超时|/goods/feeds?pageNum=1&pageSize=5
1648145430.5879|100|连接超时|/goods/feeds?pageNum=1&pageSize=5
1648145430.6364|100|连接超时|/goods/feeds?pageNum=1&pageSize=5
1648145430.6550|100|连接超时|/goods/feeds?pageNum=1&pageSize=5
1648145430.8364|100|连接超时|/goods/feeds?pageNum=1&pageSize=5
1648145430.9468|100|连接超时|/goods/feeds?pageNum=1&pageSize=5
1648145430.9580|100|连接超时|/goods/feeds?pageNum=1&pageSize=5
1648145430.9590|100|连接超时|/goods/feeds?pageNum=1&pageSize=5
1648145431.0214|100|连接超时|/goods/feeds?pageNum=1&pageSize=5
1648145431.0499|100|连接超时|/goods/feeds?pageNum=1&pageSize=5
1648145431.0953|100|连接超时|/goods/feeds?pageNum=1&pageSize=5
1648145431.1297|100|连接超时|/goods/feeds?pageNum=1&pageSize=5
1648145431.2491|100|连接超时|/goods/feeds?pageNum=1&pageSize=5
1648145431.2697|100|连接超时|/goods/feeds?pageNum=1&pageSize=5
1648145431.2853|100|连接超时|/goods/feeds?pageNum=1&pageSize=5
1648145431.3112|100|连接超时|/goods/feeds?pageNum=1&pageSize=5
1648145431.3749|100|连接超时|/goods/feeds?pageNum=1&pageSize=5
1648145431.4962|100|连接超时|/goods/feeds?pageNum=1&pageSize=5
1648145431.6651|100|连接超时|/goods/feeds?pageNum=1&pageSize=5
1648145431.7176|110|响应超时|/goods/feeds?pageNum=1&pageSize=5
1648145431.7321|100|连接超时|/goods/feeds?pageNum=1&pageSize=5
1648145431.8103|100|连接超时|/goods/feeds?pageNum=1&pageSize=5
1648145431.8223|100|连接超时|/goods/feeds?pageNum=1&pageSize=5
1648145431.8612|100|连接超时|/goods/feeds?pageNum=1&pageSize=5
1648145431.8761|100|连接超时|/goods/feeds?pageNum=1&pageSize=5
1648145432.0608|100|连接超时|/goods/feeds?pageNum=1&pageSize=5
1648145432.0660|100|连接超时|/goods/feeds?pageNum=1&pageSize=5
1648145432.1046|100|连接超时|/goods/feeds?pageNum=1&pageSize=5
1648145432.1812|100|连接超时|/goods/feeds?pageNum=1&pageSize=5
1648145432.2571|100|连接超时|/goods/feeds?pageNum=1&pageSize=5
1648145432.2641|100|连接超时|/goods/feeds?pageNum=1&pageSize=5
1648145432.3466|100|连接超时|/goods/feeds?pageNum=1&pageSize=5
1648145432.3476|100|连接超时|/goods/feeds?pageNum=1&pageSize=5
1648145432.3515|100|连接超时|/goods/feeds?pageNum=1&pageSize=5
1648145432.3824|100|连接超时|/goods/feeds?pageNum=1&pageSize=5
1648145432.4174|100|连接超时|/goods/feeds?pageNum=1&pageSize=5
1648145432.4614|100|连接超时|/goods/feeds?pageNum=1&pageSize=5
1648145432.5358|100|连接超时|/goods/feeds?pageNum=1&pageSize=5
1648145432.6612|100|连接超时|/goods/feeds?pageNum=1&pageSize=5
1648145432.7691|100|连接超时|/goods/feeds?pageNum=1&pageSize=5
1648145432.7799|100|连接超时|/goods/feeds?pageNum=1&pageSize=5
1648145432.8074|100|连接超时|/goods/feeds?pageNum=1&pageSize=5
1648145432.8761|100|连接超时|/goods/feeds?pageNum=1&pageSize=5
1648145432.9801|100|连接超时|/goods/feeds?pageNum=1&pageSize=5
1648145433.0634|110|响应超时|/goods/feeds?pageNum=1&pageSize=5
1648145433.0714|100|连接超时|/goods/feeds?pageNum=1&pageSize=5
1648145433.0834|100|连接超时|/goods/feeds?pageNum=1&pageSize=5
1648145433.1143|100|连接超时|/goods/feeds?pageNum=1&pageSize=5
1648145433.1452|100|连接超时|/goods/feeds?pageNum=1&pageSize=5
1648145433.2554|100|连接超时|/goods/feeds?pageNum=1&pageSize=5
1648145433.2584|100|连接超时|/goods/feeds?pageNum=1&pageSize=5
1648145433.2901|100|连接超时|/goods/feeds?pageNum=1&pageSize=5
1648145433.4900|100|连接超时|/goods/feeds?pageNum=1&pageSize=5
1648145433.5209|100|连接超时|/goods/feeds?pageNum=1&pageSize=5
1648145433.6078|100|连接超时|/goods/feeds?pageNum=1&pageSize=5
1648145433.6579|100|连接超时|/goods/feeds?pageNum=1&pageSize=5
1648145433.6689|100|连接超时|/goods/feeds?pageNum=1&pageSize=5
1648145433.6954|100|连接超时|/goods/feeds?pageNum=1&pageSize=5
1648145433.7557|100|连接超时|/goods/feeds?pageNum=1&pageSize=5
1648145433.8648|100|连接超时|/goods/feeds?pageNum=1&pageSize=5
1648145433.8896|100|连接超时|/goods/feeds?pageNum=1&pageSize=5
1648145434.0113|100|连接超时|/goods/feeds?pageNum=1&pageSize=5
1648145434.1270|100|连接超时|/goods/feeds?pageNum=1&pageSize=5
1648145434.1512|100|连接超时|/goods/feeds?pageNum=1&pageSize=5
1648145434.2323|100|连接超时|/goods/feeds?pageNum=1&pageSize=5
1648145434.2743|100|连接超时|/goods/feeds?pageNum=1&pageSize=5
1648145434.2941|100|连接超时|/goods/feeds?pageNum=1&pageSize=5
1648145434.3009|100|连接超时|/goods/feeds?pageNum=1&pageSize=5
1648145434.3982|100|连接超时|/goods/feeds?pageNum=1&pageSize=5
1648145434.5694|100|连接超时|/goods/feeds?pageNum=1&pageSize=5
1648145434.5704|100|连接超时|/goods/feeds?pageNum=1&pageSize=5
1648145434.6103|110|响应超时|/goods/feeds?pageNum=1&pageSize=5
1648145434.6865|100|连接超时|/goods/feeds?pageNum=1&pageSize=5
1648145434.7723|100|连接超时|/goods/feeds?pageNum=1&pageSize=5
1648145434.8171|110|响应超时|/goods/feeds?pageNum=1&pageSize=5
1648145434.9915|100|连接超时|/goods/feeds?pageNum=1&pageSize=5
1648145435.0684|100|连接超时|/goods/feeds?pageNum=1&pageSize=5
1648145435.0823|110|响应超时|/goods/feeds?pageNum=1&pageSize=5
1648145435.1053|100|连接超时|/goods/feeds?pageNum=1&pageSize=5
1648145435.1212|100|连接超时|/goods/feeds?pageNum=1&pageSize=5
1648145435.1433|100|连接超时|/goods/feeds?pageNum=1&pageSize=5
1648145435.2171|100|连接超时|/goods/feeds?pageNum=1&pageSize=5
1648145435.2991|100|连接超时|/goods/feeds?pageNum=1&pageSize=5
1648145435.3397|100|连接超时|/goods/feeds?pageNum=1&pageSize=5
1648145435.3534|100|连接超时|/goods/feeds?pageNum=1&pageSize=5
1648145435.3683|100|连接超时|/goods/feeds?pageNum=1&pageSize=5
1648145435.4372|100|连接超时|/goods/feeds?pageNum=1&pageSize=5
1648145435.5414|100|连接超时|/goods/feeds?pageNum=1&pageSize=5
1648145436.0132|110|响应超时|/goods/feeds?pageNum=1&pageSize=5
1648145436.0277|100|连接超时|/goods/feeds?pageNum=1&pageSize=5
1648145436.1012|100|连接超时|/goods/feeds?pageNum=1&pageSize=5
1648145436.1325|100|连接超时|/goods/feeds?pageNum=1&pageSize=5
1648145436.2072|100|连接超时|/goods/feeds?pageNum=1&pageSize=5
1648145436.2981|100|连接超时|/goods/feeds?pageNum=1&pageSize=5
1648145436.3477|100|连接超时|/goods/feeds?pageNum=1&pageSize=5
1648145436.3726|100|连接超时|/goods/feeds?pageNum=1&pageSize=5
1648145436.4081|100|连接超时|/goods/feeds?pageNum=1&pageSize=5
1648145436.4394|100|连接超时|/goods/feeds?pageNum=1&pageSize=5
1648145436.4552|100|连接超时|/goods/feeds?pageNum=1&pageSize=5
1648145436.4695|100|连接超时|/goods/feeds?pageNum=1&pageSize=5
1648145436.6288|100|连接超时|/goods/feeds?pageNum=1&pageSize=5
1648145436.6542|100|连接超时|/goods/feeds?pageNum=1&pageSize=5
1648145436.7665|110|响应超时|/goods/feeds?pageNum=1&pageSize=5
1648145436.8462|100|连接超时|/goods/feeds?pageNum=1&pageSize=5
1648145436.9821|100|连接超时|/goods/feeds?pageNum=1&pageSize=5
1648145437.0686|110|响应超时|/goods/feeds?pageNum=1&pageSize=5
1648145437.1334|100|连接超时|/goods/feeds?pageNum=1&pageSize=5
1648145437.2051|100|连接超时|/goods/feeds?pageNum=1&pageSize=5
1648145437.3104|100|连接超时|/goods/feeds?pageNum=1&pageSize=5
1648145437.3233|100|连接超时|/goods/feeds?pageNum=1&pageSize=5
1648145437.4891|100|连接超时|/goods/feeds?pageNum=1&pageSize=5
1648145437.5299|100|连接超时|/goods/feeds?pageNum=1&pageSize=5
1648145437.6854|100|连接超时|/goods/feeds?pageNum=1&pageSize=5
1648145437.8464|100|连接超时|/goods/feeds?pageNum=1&pageSize=5
1648145437.9839|100|连接超时|/goods/feeds?pageNum=1&pageSize=5
1648145438.1623|100|连接超时|/goods/feeds?pageNum=1&pageSize=5
1648145438.2312|100|连接超时|/goods/feeds?pageNum=1&pageSize=5
1648145438.2685|100|连接超时|/goods/feeds?pageNum=1&pageSize=5
1648145438.3051|100|连接超时|/goods/feeds?pageNum=1&pageSize=5
1648145438.3378|100|连接超时|/goods/feeds?pageNum=1&pageSize=5
1648145438.3526|100|连接超时|/goods/feeds?pageNum=1&pageSize=5
1648145438.3946|100|连接超时|/goods/feeds?pageNum=1&pageSize=5
1648145438.4023|100|连接超时|/goods/feeds?pageNum=1&pageSize=5
1648145438.4362|100|连接超时|/goods/feeds?pageNum=1&pageSize=5
1648145438.4592|100|连接超时|/goods/feeds?pageNum=1&pageSize=5
1648145438.5128|110|响应超时|/goods/feeds?pageNum=1&pageSize=5
1648145438.6435|110|响应超时|/goods/feeds?pageNum=1&pageSize=5
1648145438.6484|100|连接超时|/goods/feeds?pageNum=1&pageSize=5
1648145438.6555|110|响应超时|/goods/feeds?pageNum=1&pageSize=5
1648145438.6555|100|连接超时|/goods/feeds?pageNum=1&pageSize=5
1648145438.6970|100|连接超时|/goods/feeds?pageNum=1&pageSize=5
1648145438.7562|100|连接超时|/goods/feeds?pageNum=1&pageSize=5
1648145438.7664|100|连接超时|/goods/feeds?pageNum=1&pageSize=5
1648145438.8267|100|连接超时|/goods/feeds?pageNum=1&pageSize=5
1648145438.8417|100|连接超时|/goods/feeds?pageNum=1&pageSize=5
1648145438.9541|110|响应超时|/goods/feeds?pageNum=1&pageSize=5
1648145438.9865|100|连接超时|/goods/feeds?pageNum=1&pageSize=5
1648145438.9875|100|连接超时|/goods/feeds?pageNum=1&pageSize=5
1648145439.0410|100|连接超时|/goods/feeds?pageNum=1&pageSize=5
1648145439.1002|110|响应超时|/goods/feeds?pageNum=1&pageSize=5
1648145439.1301|100|连接超时|/goods/feeds?pageNum=1&pageSize=5
1648145439.1649|110|响应超时|/goods/feeds?pageNum=1&pageSize=5
1648145439.1659|100|连接超时|/goods/feeds?pageNum=1&pageSize=5
1648145439.1933|100|连接超时|/goods/feeds?pageNum=1&pageSize=5
1648145439.1953|100|连接超时|/goods/feeds?pageNum=1&pageSize=5
1648145439.2254|100|连接超时|/goods/feeds?pageNum=1&pageSize=5
1648145439.2662|100|连接超时|/goods/feeds?pageNum=1&pageSize=5
1648145439.2813|100|连接超时|/goods/feeds?pageNum=1&pageSize=5
1648145439.3088|100|连接超时|/goods/feeds?pageNum=1&pageSize=5
1648145439.3774|100|连接超时|/goods/feeds?pageNum=1&pageSize=5
1648145439.3884|100|连接超时|/goods/feeds?pageNum=1&pageSize=5
1648145439.3954|100|连接超时|/goods/feeds?pageNum=1&pageSize=5
1648145439.4096|100|连接超时|/goods/feeds?pageNum=1&pageSize=5
1648145439.4492|100|连接超时|/goods/feeds?pageNum=1&pageSize=5
1648145439.4622|100|连接超时|/goods/feeds?pageNum=1&pageSize=5
1648145439.4692|100|连接超时|/goods/feeds?pageNum=1&pageSize=5
1648145439.4823|100|连接超时|/goods/feeds?pageNum=1&pageSize=5
1648145439.4983|100|连接超时|/goods/feeds?pageNum=1&pageSize=5
1648145439.5554|100|连接超时|/goods/feeds?pageNum=1&pageSize=5
1648145440.0284|100|连接超时|/goods/feeds?pageNum=1&pageSize=5
1648145440.0374|100|连接超时|/goods/feeds?pageNum=1&pageSize=5
1648145440.0394|100|连接超时|/goods/feeds?pageNum=1&pageSize=5
1648145440.0885|100|连接超时|/goods/feeds?pageNum=1&pageSize=5
1648145440.0907|100|连接超时|/goods/feeds?pageNum=1&pageSize=5
1648145440.1167|100|连接超时|/goods/feeds?pageNum=1&pageSize=5
1648145440.1653|100|连接超时|/goods/feeds?pageNum=1&pageSize=5
1648145440.1803|100|连接超时|/goods/feeds?pageNum=1&pageSize=5
1648145440.2092|100|连接超时|/goods/feeds?pageNum=1&pageSize=5
1648145440.2343|100|连接超时|/goods/feeds?pageNum=1&pageSize=5
1648145440.2833|100|连接超时|/goods/feeds?pageNum=1&pageSize=5
1648145440.2971|100|连接超时|/goods/feeds?pageNum=1&pageSize=5
1648145440.3912|100|连接超时|/goods/feeds?pageNum=1&pageSize=5
1648145440.3925|100|连接超时|/goods/feeds?pageNum=1&pageSize=5
1648145440.4047|100|连接超时|/goods/feeds?pageNum=1&pageSize=5
1648145440.4522|100|连接超时|/goods/feeds?pageNum=1&pageSize=5
1648145440.4618|110|响应超时|/goods/feeds?pageNum=1&pageSize=5
1648145440.4699|100|连接超时|/goods/feeds?pageNum=1&pageSize=5
1648145440.5327|110|响应超时|/goods/feeds?pageNum=1&pageSize=5
1648145440.5409|100|连接超时|/goods/feeds?pageNum=1&pageSize=5
1648145440.5644|110|响应超时|/goods/feeds?pageNum=1&pageSize=5
1648145440.6504|100|连接超时|/goods/feeds?pageNum=1&pageSize=5
1648145440.7123|110|响应超时|/goods/feeds?pageNum=1&pageSize=5
1648145440.7643|100|连接超时|/goods/feeds?pageNum=1&pageSize=5
1648145440.9172|100|连接超时|/goods/feeds?pageNum=1&pageSize=5
1648145440.9302|110|响应超时|/goods/feeds?pageNum=1&pageSize=5
1648145440.9954|100|连接超时|/goods/feeds?pageNum=1&pageSize=5
1648145441.0553|100|连接超时|/goods/feeds?pageNum=1&pageSize=5
1648145441.0593|100|连接超时|/goods/feeds?pageNum=1&pageSize=5
1648145441.1267|100|连接超时|/goods/feeds?pageNum=1&pageSize=5
1648145441.2881|100|连接超时|/goods/feeds?pageNum=1&pageSize=5
1648145441.3823|110|响应超时|/goods/feeds?pageNum=1&pageSize=5
1648145441.4092|100|连接超时|/goods/feeds?pageNum=1&pageSize=5
1648145441.4308|100|连接超时|/goods/feeds?pageNum=1&pageSize=5
1648145441.4668|100|连接超时|/goods/feeds?pageNum=1&pageSize=5
1648145441.4707|100|连接超时|/goods/feeds?pageNum=1&pageSize=5
1648145441.5570|100|连接超时|/goods/feeds?pageNum=1&pageSize=5
1648145441.7646|100|连接超时|/goods/feeds?pageNum=1&pageSize=5
1648145441.7792|100|连接超时|/goods/feeds?pageNum=1&pageSize=5
1648145442.0588|100|连接超时|/goods/feeds?pageNum=1&pageSize=5
1648145442.1221|100|连接超时|/goods/feeds?pageNum=1&pageSize=5
1648145442.1577|100|连接超时|/goods/feeds?pageNum=1&pageSize=5
1648145442.1734|100|连接超时|/goods/feeds?pageNum=1&pageSize=5
1648145442.2259|100|连接超时|/goods/feeds?pageNum=1&pageSize=5
1648145442.2731|100|连接超时|/goods/feeds?pageNum=1&pageSize=5
1648145442.2841|100|连接超时|/goods/feeds?pageNum=1&pageSize=5
1648145442.2947|100|连接超时|/goods/feeds?pageNum=1&pageSize=5
1648145442.3144|100|连接超时|/goods/feeds?pageNum=1&pageSize=5
1648145442.3494|100|连接超时|/goods/feeds?pageNum=1&pageSize=5
1648145442.3719|100|连接超时|/goods/feeds?pageNum=1&pageSize=5
1648145442.4014|100|连接超时|/goods/feeds?pageNum=1&pageSize=5
1648145442.4094|100|连接超时|/goods/feeds?pageNum=1&pageSize=5
1648145442.4393|100|连接超时|/goods/feeds?pageNum=1&pageSize=5
1648145442.4443|110|响应超时|/goods/feeds?pageNum=1&pageSize=5
1648145442.4483|100|连接超时|/goods/feeds?pageNum=1&pageSize=5
1648145442.4632|100|连接超时|/goods/feeds?pageNum=1&pageSize=5
1648145442.4872|100|连接超时|/goods/feeds?pageNum=1&pageSize=5
1648145442.8714|110|响应超时|/goods/feeds?pageNum=1&pageSize=5
1648145443.0396|100|连接超时|/goods/feeds?pageNum=1&pageSize=5
1648145443.0696|100|连接超时|/goods/feeds?pageNum=1&pageSize=5
1648145443.1473|100|连接超时|/goods/feeds?pageNum=1&pageSize=5
1648145443.3232|100|连接超时|/goods/feeds?pageNum=1&pageSize=5
1648145443.3974|100|连接超时|/goods/feeds?pageNum=1&pageSize=5
1648145443.3985|100|连接超时|/goods/feeds?pageNum=1&pageSize=5
1648145443.4343|100|连接超时|/goods/feeds?pageNum=1&pageSize=5
1648145443.4632|100|连接超时|/goods/feeds?pageNum=1&pageSize=5
1648145443.4672|100|连接超时|/goods/feeds?pageNum=1&pageSize=5
1648145443.5222|100|连接超时|/goods/feeds?pageNum=1&pageSize=5
1648145443.5371|100|连接超时|/goods/feeds?pageNum=1&pageSize=5
1648145443.5471|100|连接超时|/goods/feeds?pageNum=1&pageSize=5
1648145443.6182|100|连接超时|/goods/feeds?pageNum=1&pageSize=5
1648145443.8053|100|连接超时|/goods/feeds?pageNum=1&pageSize=5
1648145443.9926|100|连接超时|/goods/feeds?pageNum=1&pageSize=5
1648145444.0288|100|连接超时|/goods/feeds?pageNum=1&pageSize=5
1648145444.0552|100|连接超时|/goods/feeds?pageNum=1&pageSize=5
1648145444.0621|100|连接超时|/goods/feeds?pageNum=1&pageSize=5
1648145444.1873|100|连接超时|/goods/feeds?pageNum=1&pageSize=5
1648145444.2153|100|连接超时|/goods/feeds?pageNum=1&pageSize=5
1648145444.2243|100|连接超时|/goods/feeds?pageNum=1&pageSize=5
1648145444.2328|100|连接超时|/goods/feeds?pageNum=1&pageSize=5
1648145444.2698|110|响应超时|/goods/feeds?pageNum=1&pageSize=5
1648145444.3002|100|连接超时|/goods/feeds?pageNum=1&pageSize=5
1648145444.3342|100|连接超时|/goods/feeds?pageNum=1&pageSize=5
1648145444.3746|100|连接超时|/goods/feeds?pageNum=1&pageSize=5
1648145444.4522|100|连接超时|/goods/feeds?pageNum=1&pageSize=5
1648145444.5088|100|连接超时|/goods/feeds?pageNum=1&pageSize=5
1648145444.5589|100|连接超时|/goods/feeds?pageNum=1&pageSize=5
1648145444.5742|100|连接超时|/goods/feeds?pageNum=1&pageSize=5
1648145444.7795|100|连接超时|/goods/feeds?pageNum=1&pageSize=5
1648145444.9542|110|响应超时|/goods/feeds?pageNum=1&pageSize=5
1648145445.0441|100|连接超时|/goods/feeds?pageNum=1&pageSize=5
1648145445.1231|110|响应超时|/goods/feeds?pageNum=1&pageSize=5
1648145445.1484|100|连接超时|/goods/feeds?pageNum=1&pageSize=5
1648145445.2382|100|连接超时|/goods/feeds?pageNum=1&pageSize=5
1648145445.3680|100|连接超时|/goods/feeds?pageNum=1&pageSize=5
1648145445.3788|100|连接超时|/goods/feeds?pageNum=1&pageSize=5
1648145445.4072|100|连接超时|/goods/feeds?pageNum=1&pageSize=5
1648145445.4082|100|连接超时|/goods/feeds?pageNum=1&pageSize=5
1648145445.4232|100|连接超时|/goods/feeds?pageNum=1&pageSize=5
1648145445.4631|100|连接超时|/goods/feeds?pageNum=1&pageSize=5
1648145445.4859|100|连接超时|/goods/feeds?pageNum=1&pageSize=5
1648145445.6154|110|响应超时|/goods/feeds?pageNum=1&pageSize=5
1648145445.7142|100|连接超时|/goods/feeds?pageNum=1&pageSize=5
1648145445.7756|110|响应超时|/goods/feeds?pageNum=1&pageSize=5
1648145445.8003|100|连接超时|/goods/feeds?pageNum=1&pageSize=5
1648145445.8574|100|连接超时|/goods/feeds?pageNum=1&pageSize=5
1648145446.1203|100|连接超时|/goods/feeds?pageNum=1&pageSize=5
1648145446.1722|100|连接超时|/goods/feeds?pageNum=1&pageSize=5
1648145446.2427|100|连接超时|/goods/feeds?pageNum=1&pageSize=5
1648145446.2577|100|连接超时|/goods/feeds?pageNum=1&pageSize=5
1648145446.2884|100|连接超时|/goods/feeds?pageNum=1&pageSize=5
1648145446.3041|100|连接超时|/goods/feeds?pageNum=1&pageSize=5
1648145446.3185|100|连接超时|/goods/feeds?pageNum=1&pageSize=5
1648145446.3628|100|连接超时|/goods/feeds?pageNum=1&pageSize=5
1648145446.3949|100|连接超时|/goods/feeds?pageNum=1&pageSize=5
1648145446.4415|100|连接超时|/goods/feeds?pageNum=1&pageSize=5
1648145446.4866|100|连接超时|/goods/feeds?pageNum=1&pageSize=5
1648145446.5010|100|连接超时|/goods/feeds?pageNum=1&pageSize=5
1648145446.5108|100|连接超时|/goods/feeds?pageNum=1&pageSize=5
1648145446.5586|100|连接超时|/goods/feeds?pageNum=1&pageSize=5
1648145446.6891|100|连接超时|/goods/feeds?pageNum=1&pageSize=5
1648145446.7428|100|连接超时|/goods/feeds?pageNum=1&pageSize=5
1648145446.7923|100|连接超时|/goods/feeds?pageNum=1&pageSize=5
1648145446.8112|100|连接超时|/goods/feeds?pageNum=1&pageSize=5
1648145446.8212|100|连接超时|/goods/feeds?pageNum=1&pageSize=5
1648145446.8314|100|连接超时|/goods/feeds?pageNum=1&pageSize=5
1648145446.9621|100|连接超时|/goods/feeds?pageNum=1&pageSize=5
1648145447.0091|110|响应超时|/goods/feeds?pageNum=1&pageSize=5
1648145447.0219|100|连接超时|/goods/feeds?pageNum=1&pageSize=5
1648145447.0471|100|连接超时|/goods/feeds?pageNum=1&pageSize=5
1648145447.0628|100|连接超时|/goods/feeds?pageNum=1&pageSize=5
1648145447.0798|100|连接超时|/goods/feeds?pageNum=1&pageSize=5
1648145447.0933|100|连接超时|/goods/feeds?pageNum=1&pageSize=5
1648145447.1372|100|连接超时|/goods/feeds?pageNum=1&pageSize=5
1648145447.2110|100|连接超时|/goods/feeds?pageNum=1&pageSize=5
1648145447.2495|100|连接超时|/goods/feeds?pageNum=1&pageSize=5
1648145447.2574|100|连接超时|/goods/feeds?pageNum=1&pageSize=5
1648145447.3588|100|连接超时|/goods/feeds?pageNum=1&pageSize=5
1648145447.3723|100|连接超时|/goods/feeds?pageNum=1&pageSize=5
1648145447.3963|100|连接超时|/goods/feeds?pageNum=1&pageSize=5
1648145447.4043|100|连接超时|/goods/feeds?pageNum=1&pageSize=5
1648145447.4112|100|连接超时|/goods/feeds?pageNum=1&pageSize=5
1648145447.5077|100|连接超时|/goods/feeds?pageNum=1&pageSize=5
1648145447.5616|100|连接超时|/goods/feeds?pageNum=1&pageSize=5
1648145447.5752|100|连接超时|/goods/feeds?pageNum=1&pageSize=5
1648145447.7713|100|连接超时|/goods/feeds?pageNum=1&pageSize=5
1648145447.9151|100|连接超时|/goods/feeds?pageNum=1&pageSize=5
1648145447.9332|100|连接超时|/goods/feeds?pageNum=1&pageSize=5
1648145447.9528|100|连接超时|/goods/feeds?pageNum=1&pageSize=5
1648145447.9634|100|连接超时|/goods/feeds?pageNum=1&pageSize=5
1648145448.0073|100|连接超时|/goods/feeds?pageNum=1&pageSize=5
1648145448.0797|100|连接超时|/goods/feeds?pageNum=1&pageSize=5
1648145448.0805|100|连接超时|/goods/feeds?pageNum=1&pageSize=5
1648145448.1567|100|连接超时|/goods/feeds?pageNum=1&pageSize=5
1648145448.2362|100|连接超时|/goods/feeds?pageNum=1&pageSize=5
1648145448.2502|100|连接超时|/goods/feeds?pageNum=1&pageSize=5
1648145448.3405|100|连接超时|/goods/feeds?pageNum=1&pageSize=5
1648145448.3703|100|连接超时|/goods/feeds?pageNum=1&pageSize=5
1648145448.4252|100|连接超时|/goods/feeds?pageNum=1&pageSize=5
1648145448.4921|100|连接超时|/goods/feeds?pageNum=1&pageSize=5
1648145448.5304|100|连接超时|/goods/feeds?pageNum=1&pageSize=5
1648145448.6181|110|响应超时|/goods/feeds?pageNum=1&pageSize=5
1648145448.8572|100|连接超时|/goods/feeds?pageNum=1&pageSize=5
1648145448.9944|110|响应超时|/goods/feeds?pageNum=1&pageSize=5
1648145448.9964|100|连接超时|/goods/feeds?pageNum=1&pageSize=5
1648145449.0565|100|连接超时|/goods/feeds?pageNum=1&pageSize=5
1648145449.1175|100|连接超时|/goods/feeds?pageNum=1&pageSize=5
1648145449.1817|100|连接超时|/goods/feeds?pageNum=1&pageSize=5
1648145449.2403|110|响应超时|/goods/feeds?pageNum=1&pageSize=5
1648145449.3632|100|连接超时|/goods/feeds?pageNum=1&pageSize=5
1648145449.4504|100|连接超时|/goods/feeds?pageNum=1&pageSize=5
1648145449.4684|100|连接超时|/goods/feeds?pageNum=1&pageSize=5
1648145449.4764|100|连接超时|/goods/feeds?pageNum=1&pageSize=5
1648145449.5222|100|连接超时|/goods/feeds?pageNum=1&pageSize=5
1648145449.7064|100|连接超时|/goods/feeds?pageNum=1&pageSize=5
1648145449.7243|100|连接超时|/goods/feeds?pageNum=1&pageSize=5
1648145449.7635|100|连接超时|/goods/feeds?pageNum=1&pageSize=5
1648145449.8465|100|连接超时|/goods/feeds?pageNum=1&pageSize=5
1648145449.8555|100|连接超时|/goods/feeds?pageNum=1&pageSize=5
1648145449.8794|100|连接超时|/goods/feeds?pageNum=1&pageSize=5
1648145449.9214|100|连接超时|/goods/feeds?pageNum=1&pageSize=5
1648145450.0940|100|连接超时|/goods/feeds?pageNum=1&pageSize=5
1648145450.1035|100|连接超时|/goods/feeds?pageNum=1&pageSize=5
1648145450.1123|100|连接超时|/goods/feeds?pageNum=1&pageSize=5
1648145450.1813|100|连接超时|/goods/feeds?pageNum=1&pageSize=5
1648145450.2623|100|连接超时|/goods/feeds?pageNum=1&pageSize=5
1648145450.2753|110|响应超时|/goods/feeds?pageNum=1&pageSize=5
1648145450.2933|100|连接超时|/goods/feeds?pageNum=1&pageSize=5
1648145450.3463|100|连接超时|/goods/feeds?pageNum=1&pageSize=5
1648145450.3602|110|响应超时|/goods/feeds?pageNum=1&pageSize=5
1648145450.5301|100|连接超时|/goods/feeds?pageNum=1&pageSize=5
1648145450.6171|110|响应超时|/goods/feeds?pageNum=1&pageSize=5
1648145450.8522|100|连接超时|/goods/feeds?pageNum=1&pageSize=5
1648145450.8694|100|连接超时|/goods/feeds?pageNum=1&pageSize=5
1648145450.9239|100|连接超时|/goods/feeds?pageNum=1&pageSize=5
1648145450.9380|100|连接超时|/goods/feeds?pageNum=1&pageSize=5
1648145450.9720|100|连接超时|/goods/feeds?pageNum=1&pageSize=5
1648145451.0608|100|连接超时|/goods/feeds?pageNum=1&pageSize=5
1648145451.1433|100|连接超时|/goods/feeds?pageNum=1&pageSize=5
1648145451.2135|100|连接超时|/goods/feeds?pageNum=1&pageSize=5
1648145451.2654|100|连接超时|/goods/feeds?pageNum=1&pageSize=5
1648145451.3651|100|连接超时|/goods/feeds?pageNum=1&pageSize=5
1648145451.3741|100|连接超时|/goods/feeds?pageNum=1&pageSize=5
1648145451.4124|100|连接超时|/goods/feeds?pageNum=1&pageSize=5
1648145451.4882|100|连接超时|/goods/feeds?pageNum=1&pageSize=5
1648145451.5361|100|连接超时|/goods/feeds?pageNum=1&pageSize=5
1648145451.5798|100|连接超时|/goods/feeds?pageNum=1&pageSize=5
1648145451.7034|100|连接超时|/goods/feeds?pageNum=1&pageSize=5
1648145451.7334|100|连接超时|/goods/feeds?pageNum=1&pageSize=5
1648145451.8234|100|连接超时|/goods/feeds?pageNum=1&pageSize=5
1648145451.8902|100|连接超时|/goods/feeds?pageNum=1&pageSize=5
1648145451.9773|100|连接超时|/goods/feeds?pageNum=1&pageSize=5
1648145451.9912|100|连接超时|/goods/feeds?pageNum=1&pageSize=5
1648145452.0603|100|连接超时|/goods/feeds?pageNum=1&pageSize=5
1648145452.1727|100|连接超时|/goods/feeds?pageNum=1&pageSize=5
1648145452.1757|100|连接超时|/goods/feeds?pageNum=1&pageSize=5
1648145452.1932|100|连接超时|/goods/feeds?pageNum=1&pageSize=5
1648145452.2118|110|响应超时|/goods/feeds?pageNum=1&pageSize=5
1648145452.2384|100|连接超时|/goods/feeds?pageNum=1&pageSize=5
1648145452.2444|100|连接超时|/goods/feeds?pageNum=1&pageSize=5
1648145452.2907|110|响应超时|/goods/feeds?pageNum=1&pageSize=5
1648145452.3802|100|连接超时|/goods/feeds?pageNum=1&pageSize=5
1648145452.4631|100|连接超时|/goods/feeds?pageNum=1&pageSize=5
1648145452.8322|100|连接超时|/goods/feeds?pageNum=1&pageSize=5
1648145452.8584|100|连接超时|/goods/feeds?pageNum=1&pageSize=5
1648145452.9252|100|连接超时|/goods/feeds?pageNum=1&pageSize=5
1648145452.9732|100|连接超时|/goods/feeds?pageNum=1&pageSize=5
1648145452.9872|100|连接超时|/goods/feeds?pageNum=1&pageSize=5
1648145453.1533|100|连接超时|/goods/feeds?pageNum=1&pageSize=5
1648145453.1653|100|连接超时|/goods/feeds?pageNum=1&pageSize=5
1648145453.1773|100|连接超时|/goods/feeds?pageNum=1&pageSize=5
1648145453.2058|100|连接超时|/goods/feeds?pageNum=1&pageSize=5
1648145453.2204|100|连接超时|/goods/feeds?pageNum=1&pageSize=5
1648145453.2671|100|连接超时|/goods/feeds?pageNum=1&pageSize=5
1648145453.2813|100|连接超时|/goods/feeds?pageNum=1&pageSize=5
1648145453.3174|100|连接超时|/goods/feeds?pageNum=1&pageSize=5
1648145453.3591|100|连接超时|/goods/feeds?pageNum=1&pageSize=5
1648145453.4560|100|连接超时|/goods/feeds?pageNum=1&pageSize=5
1648145453.4667|100|连接超时|/goods/feeds?pageNum=1&pageSize=5
1648145453.8231|100|连接超时|/goods/feeds?pageNum=1&pageSize=5
1648145453.8428|100|连接超时|/goods/feeds?pageNum=1&pageSize=5
1648145453.9221|100|连接超时|/goods/feeds?pageNum=1&pageSize=5
1648145453.9241|100|连接超时|/goods/feeds?pageNum=1&pageSize=5
1648145453.9726|100|连接超时|/goods/feeds?pageNum=1&pageSize=5
1648145454.0663|100|连接超时|/goods/feeds?pageNum=1&pageSize=5
1648145454.0819|100|连接超时|/goods/feeds?pageNum=1&pageSize=5
1648145454.2314|100|连接超时|/goods/feeds?pageNum=1&pageSize=5
1648145454.3058|100|连接超时|/goods/feeds?pageNum=1&pageSize=5
1648145454.3588|100|连接超时|/goods/feeds?pageNum=1&pageSize=5
1648145454.3711|100|连接超时|/goods/feeds?pageNum=1&pageSize=5
1648145454.3801|100|连接超时|/goods/feeds?pageNum=1&pageSize=5
1648145454.3943|100|连接超时|/goods/feeds?pageNum=1&pageSize=5
1648145454.4555|100|连接超时|/goods/feeds?pageNum=1&pageSize=5
1648145454.4734|100|连接超时|/goods/feeds?pageNum=1&pageSize=5
1648145454.7994|100|连接超时|/goods/feeds?pageNum=1&pageSize=5
1648145454.8515|100|连接超时|/goods/feeds?pageNum=1&pageSize=5
1648145455.0255|100|连接超时|/goods/feeds?pageNum=1&pageSize=5
1648145455.0721|100|连接超时|/goods/feeds?pageNum=1&pageSize=5
1648145455.1113|100|连接超时|/goods/feeds?pageNum=1&pageSize=5
1648145455.1254|100|连接超时|/goods/feeds?pageNum=1&pageSize=5
1648145455.1654|100|连接超时|/goods/feeds?pageNum=1&pageSize=5
1648145455.1864|100|连接超时|/goods/feeds?pageNum=1&pageSize=5
1648145455.1939|100|连接超时|/goods/feeds?pageNum=1&pageSize=5
1648145455.2167|100|连接超时|/goods/feeds?pageNum=1&pageSize=5
1648145455.2477|100|连接超时|/goods/feeds?pageNum=1&pageSize=5
1648145455.2583|100|连接超时|/goods/feeds?pageNum=1&pageSize=5
1648145455.2795|100|连接超时|/goods/feeds?pageNum=1&pageSize=5
1648145455.4754|100|连接超时|/goods/feeds?pageNum=1&pageSize=5
1648145455.5376|100|连接超时|/goods/feeds?pageNum=1&pageSize=5
1648145455.5695|110|响应超时|/goods/feeds?pageNum=1&pageSize=5
1648145455.6636|100|连接超时|/goods/feeds?pageNum=1&pageSize=5
1648145455.8073|110|响应超时|/goods/feeds?pageNum=1&pageSize=5
1648145455.8073|100|连接超时|/goods/feeds?pageNum=1&pageSize=5
1648145455.8202|100|连接超时|/goods/feeds?pageNum=1&pageSize=5
1648145455.8305|100|连接超时|/goods/feeds?pageNum=1&pageSize=5
1648145455.8739|100|连接超时|/goods/feeds?pageNum=1&pageSize=5
1648145455.8960|100|连接超时|/goods/feeds?pageNum=1&pageSize=5
1648145456.0833|100|连接超时|/goods/feeds?pageNum=1&pageSize=5
1648145456.1341|100|连接超时|/goods/feeds?pageNum=1&pageSize=5
1648145456.2041|100|连接超时|/goods/feeds?pageNum=1&pageSize=5
1648145456.2188|100|连接超时|/goods/feeds?pageNum=1&pageSize=5
1648145456.2732|100|连接超时|/goods/feeds?pageNum=1&pageSize=5
1648145456.2904|100|连接超时|/goods/feeds?pageNum=1&pageSize=5
1648145456.3116|100|连接超时|/goods/feeds?pageNum=1&pageSize=5
1648145456.3555|100|连接超时|/goods/feeds?pageNum=1&pageSize=5
1648145456.3695|100|连接超时|/goods/feeds?pageNum=1&pageSize=5
1648145456.3735|100|连接超时|/goods/feeds?pageNum=1&pageSize=5
1648145456.4434|100|连接超时|/goods/feeds?pageNum=1&pageSize=5
1648145456.4903|100|连接超时|/goods/feeds?pageNum=1&pageSize=5
1648145456.5523|100|连接超时|/goods/feeds?pageNum=1&pageSize=5
1648145456.5623|100|连接超时|/goods/feeds?pageNum=1&pageSize=5
1648145456.8351|100|连接超时|/goods/feeds?pageNum=1&pageSize=5
1648145456.8544|100|连接超时|/goods/feeds?pageNum=1&pageSize=5
1648145456.8916|100|连接超时|/goods/feeds?pageNum=1&pageSize=5
1648145456.9174|100|连接超时|/goods/feeds?pageNum=1&pageSize=5
1648145457.1258|100|连接超时|/goods/feeds?pageNum=1&pageSize=5
1648145457.1718|100|连接超时|/goods/feeds?pageNum=1&pageSize=5
1648145457.1888|100|连接超时|/goods/feeds?pageNum=1&pageSize=5
1648145457.2173|100|连接超时|/goods/feeds?pageNum=1&pageSize=5
1648145457.2327|100|连接超时|/goods/feeds?pageNum=1&pageSize=5
1648145457.2533|100|连接超时|/goods/feeds?pageNum=1&pageSize=5
1648145457.2813|100|连接超时|/goods/feeds?pageNum=1&pageSize=5
1648145457.2932|100|连接超时|/goods/feeds?pageNum=1&pageSize=5
1648145457.3845|100|连接超时|/goods/feeds?pageNum=1&pageSize=5
1648145457.3885|100|连接超时|/goods/feeds?pageNum=1&pageSize=5
1648145457.4787|100|连接超时|/goods/feeds?pageNum=1&pageSize=5
1648145457.5292|110|响应超时|/goods/feeds?pageNum=1&pageSize=5
1648145457.5418|100|连接超时|/goods/feeds?pageNum=1&pageSize=5
1648145457.6159|100|连接超时|/goods/feeds?pageNum=1&pageSize=5
1648145457.6314|100|连接超时|/goods/feeds?pageNum=1&pageSize=5
1648145457.8345|100|连接超时|/goods/feeds?pageNum=1&pageSize=5
1648145457.8491|100|连接超时|/goods/feeds?pageNum=1&pageSize=5
1648145457.8922|100|连接超时|/goods/feeds?pageNum=1&pageSize=5
1648145457.9207|100|连接超时|/goods/feeds?pageNum=1&pageSize=5
1648145457.9353|100|连接超时|/goods/feeds?pageNum=1&pageSize=5
1648145458.0113|100|连接超时|/goods/feeds?pageNum=1&pageSize=5
1648145458.0632|110|响应超时|/goods/feeds?pageNum=1&pageSize=5
1648145458.1254|100|连接超时|/goods/feeds?pageNum=1&pageSize=5
1648145458.1616|100|连接超时|/goods/feeds?pageNum=1&pageSize=5
1648145458.1686|100|连接超时|/goods/feeds?pageNum=1&pageSize=5
1648145458.1892|100|连接超时|/goods/feeds?pageNum=1&pageSize=5
1648145458.2313|100|连接超时|/goods/feeds?pageNum=1&pageSize=5
1648145458.2532|100|连接超时|/goods/feeds?pageNum=1&pageSize=5
1648145458.3152|100|连接超时|/goods/feeds?pageNum=1&pageSize=5
1648145458.4273|100|连接超时|/goods/feeds?pageNum=1&pageSize=5
1648145458.4691|100|连接超时|/goods/feeds?pageNum=1&pageSize=5
1648145458.6553|100|连接超时|/goods/feeds?pageNum=1&pageSize=5
1648145458.6703|100|连接超时|/goods/feeds?pageNum=1&pageSize=5
1648145458.6714|100|连接超时|/goods/feeds?pageNum=1&pageSize=5
1648145458.7131|100|连接超时|/goods/feeds?pageNum=1&pageSize=5
1648145458.7266|100|连接超时|/goods/feeds?pageNum=1&pageSize=5
1648145458.7593|100|连接超时|/goods/feeds?pageNum=1&pageSize=5
1648145458.8306|100|连接超时|/goods/feeds?pageNum=1&pageSize=5
1648145458.8593|100|连接超时|/goods/feeds?pageNum=1&pageSize=5
1648145459.0096|100|连接超时|/goods/feeds?pageNum=1&pageSize=5
1648145459.1663|100|连接超时|/goods/feeds?pageNum=1&pageSize=5
1648145459.1966|100|连接超时|/goods/feeds?pageNum=1&pageSize=5
1648145459.2748|100|连接超时|/goods/feeds?pageNum=1&pageSize=5
1648145459.3015|100|连接超时|/goods/feeds?pageNum=1&pageSize=5
1648145459.3161|100|连接超时|/goods/feeds?pageNum=1&pageSize=5
1648145459.4711|100|连接超时|/goods/feeds?pageNum=1&pageSize=5
1648145459.4813|100|连接超时|/goods/feeds?pageNum=1&pageSize=5
1648145459.5327|100|连接超时|/goods/feeds?pageNum=1&pageSize=5
1648145459.5936|100|连接超时|/goods/feeds?pageNum=1&pageSize=5
1648145459.6602|100|连接超时|/goods/feeds?pageNum=1&pageSize=5
1648145459.7659|100|连接超时|/goods/feeds?pageNum=1&pageSize=5
1648145459.7707|100|连接超时|/goods/feeds?pageNum=1&pageSize=5
1648145459.8518|100|连接超时|/goods/feeds?pageNum=1&pageSize=5
1648145459.8528|100|连接超时|/goods/feeds?pageNum=1&pageSize=5
1648145459.8724|100|连接超时|/goods/feeds?pageNum=1&pageSize=5
1648145459.9312|100|连接超时|/goods/feeds?pageNum=1&pageSize=5
1648145459.9322|110|响应超时|/goods/feeds?pageNum=1&pageSize=5
1648145459.9659|100|连接超时|/goods/feeds?pageNum=1&pageSize=5
1648145459.9875|100|连接超时|/goods/feeds?pageNum=1&pageSize=5
1648145460.1457|100|连接超时|/goods/feeds?pageNum=1&pageSize=5
1648145460.1768|100|连接超时|/goods/feeds?pageNum=1&pageSize=5
1648145460.3112|100|连接超时|/goods/feeds?pageNum=1&pageSize=5
1648145460.3725|100|连接超时|/goods/feeds?pageNum=1&pageSize=5
1648145460.5373|100|连接超时|/goods/feeds?pageNum=1&pageSize=5
1648145460.6483|100|连接超时|/goods/feeds?pageNum=1&pageSize=5
1648145460.6563|110|响应超时|/goods/feeds?pageNum=1&pageSize=5
1648145460.6891|100|连接超时|/goods/feeds?pageNum=1&pageSize=5
1648145460.7019|100|连接超时|/goods/feeds?pageNum=1&pageSize=5
1648145460.7125|100|连接超时|/goods/feeds?pageNum=1&pageSize=5
1648145460.7195|100|连接超时|/goods/feeds?pageNum=1&pageSize=5
1648145460.8742|100|连接超时|/goods/feeds?pageNum=1&pageSize=5
1648145461.0135|100|连接超时|/goods/feeds?pageNum=1&pageSize=5
1648145461.0443|100|连接超时|/goods/feeds?pageNum=1&pageSize=5
1648145461.0670|100|连接超时|/goods/feeds?pageNum=1&pageSize=5
1648145461.0788|100|连接超时|/goods/feeds?pageNum=1&pageSize=5
1648145461.0921|100|连接超时|/goods/feeds?pageNum=1&pageSize=5
1648145461.1473|100|连接超时|/goods/feeds?pageNum=1&pageSize=5
1648145461.1886|100|连接超时|/goods/feeds?pageNum=1&pageSize=5
1648145461.2133|100|连接超时|/goods/feeds?pageNum=1&pageSize=5
1648145461.3283|110|响应超时|/goods/feeds?pageNum=1&pageSize=5
1648145461.4563|100|连接超时|/goods/feeds?pageNum=1&pageSize=5
1648145461.4658|100|连接超时|/goods/feeds?pageNum=1&pageSize=5
1648145461.6212|100|连接超时|/goods/feeds?pageNum=1&pageSize=5
1648145461.6675|110|响应超时|/goods/feeds?pageNum=1&pageSize=5
1648145461.6781|100|连接超时|/goods/feeds?pageNum=1&pageSize=5
1648145461.7771|100|连接超时|/goods/feeds?pageNum=1&pageSize=5
1648145461.8789|100|连接超时|/goods/feeds?pageNum=1&pageSize=5
1648145461.9591|110|响应超时|/goods/feeds?pageNum=1&pageSize=5
1648145462.0513|100|连接超时|/goods/feeds?pageNum=1&pageSize=5
1648145462.0523|100|连接超时|/goods/feeds?pageNum=1&pageSize=5
1648145462.0622|100|连接超时|/goods/feeds?pageNum=1&pageSize=5
1648145462.1195|100|连接超时|/goods/feeds?pageNum=1&pageSize=5
1648145462.1884|100|连接超时|/goods/feeds?pageNum=1&pageSize=5
1648145462.2751|100|连接超时|/goods/feeds?pageNum=1&pageSize=5
1648145462.3381|100|连接超时|/goods/feeds?pageNum=1&pageSize=5
1648145462.3726|100|连接超时|/goods/feeds?pageNum=1&pageSize=5
1648145462.4204|100|连接超时|/goods/feeds?pageNum=1&pageSize=5
1648145462.4524|100|连接超时|/goods/feeds?pageNum=1&pageSize=5
1648145462.5820|100|连接超时|/goods/feeds?pageNum=1&pageSize=5
1648145462.7163|100|连接超时|/goods/feeds?pageNum=1&pageSize=5
1648145462.7463|100|连接超时|/goods/feeds?pageNum=1&pageSize=5
1648145462.8605|100|连接超时|/goods/feeds?pageNum=1&pageSize=5
1648145462.9502|100|连接超时|/goods/feeds?pageNum=1&pageSize=5
1648145463.0567|100|连接超时|/goods/feeds?pageNum=1&pageSize=5
1648145463.0952|100|连接超时|/goods/feeds?pageNum=1&pageSize=5
1648145463.1411|100|连接超时|/goods/feeds?pageNum=1&pageSize=5
1648145463.1481|100|连接超时|/goods/feeds?pageNum=1&pageSize=5
1648145463.1553|110|响应超时|/goods/feeds?pageNum=1&pageSize=5
1648145463.2332|100|连接超时|/goods/feeds?pageNum=1&pageSize=5
1648145463.2621|100|连接超时|/goods/feeds?pageNum=1&pageSize=5
1648145463.3125|100|连接超时|/goods/feeds?pageNum=1&pageSize=5
1648145463.3705|100|连接超时|/goods/feeds?pageNum=1&pageSize=5
1648145463.3715|100|连接超时|/goods/feeds?pageNum=1&pageSize=5
1648145463.4023|100|连接超时|/goods/feeds?pageNum=1&pageSize=5
1648145463.4212|100|连接超时|/goods/feeds?pageNum=1&pageSize=5
1648145463.5063|100|连接超时|/goods/feeds?pageNum=1&pageSize=5
1648145463.5763|100|连接超时|/goods/feeds?pageNum=1&pageSize=5
1648145463.5792|110|响应超时|/goods/feeds?pageNum=1&pageSize=5
1648145463.6598|100|连接超时|/goods/feeds?pageNum=1&pageSize=5
1648145463.7183|100|连接超时|/goods/feeds?pageNum=1&pageSize=5
1648145463.7573|100|连接超时|/goods/feeds?pageNum=1&pageSize=5
1648145463.7703|100|连接超时|/goods/feeds?pageNum=1&pageSize=5
1648145463.8642|100|连接超时|/goods/feeds?pageNum=1&pageSize=5
1648145463.8943|100|连接超时|/goods/feeds?pageNum=1&pageSize=5
1648145463.9352|100|连接超时|/goods/feeds?pageNum=1&pageSize=5
1648145463.9562|100|连接超时|/goods/feeds?pageNum=1&pageSize=5
1648145464.0289|100|连接超时|/goods/feeds?pageNum=1&pageSize=5
1648145464.0655|100|连接超时|/goods/feeds?pageNum=1&pageSize=5
1648145464.0848|100|连接超时|/goods/feeds?pageNum=1&pageSize=5
1648145464.1100|100|连接超时|/goods/feeds?pageNum=1&pageSize=5
1648145464.1203|100|连接超时|/goods/feeds?pageNum=1&pageSize=5
1648145464.1374|100|连接超时|/goods/feeds?pageNum=1&pageSize=5
1648145464.1537|100|连接超时|/goods/feeds?pageNum=1&pageSize=5
1648145464.1622|100|连接超时|/goods/feeds?pageNum=1&pageSize=5
1648145464.1840|100|连接超时|/goods/feeds?pageNum=1&pageSize=5
1648145464.1926|100|连接超时|/goods/feeds?pageNum=1&pageSize=5
1648145464.2215|100|连接超时|/goods/feeds?pageNum=1&pageSize=5
1648145464.2753|100|连接超时|/goods/feeds?pageNum=1&pageSize=5
1648145464.6735|100|连接超时|/goods/feeds?pageNum=1&pageSize=5
1648145464.6845|100|连接超时|/goods/feeds?pageNum=1&pageSize=5
1648145464.7443|100|连接超时|/goods/feeds?pageNum=1&pageSize=5
1648145464.8892|100|连接超时|/goods/feeds?pageNum=1&pageSize=5
1648145464.9565|110|响应超时|/goods/feeds?pageNum=1&pageSize=5
1648145464.9667|100|连接超时|/goods/feeds?pageNum=1&pageSize=5
1648145465.0513|100|连接超时|/goods/feeds?pageNum=1&pageSize=5
1648145465.0663|100|连接超时|/goods/feeds?pageNum=1&pageSize=5
1648145465.1452|100|连接超时|/goods/feeds?pageNum=1&pageSize=5
1648145465.1548|100|连接超时|/goods/feeds?pageNum=1&pageSize=5
1648145465.1793|100|连接超时|/goods/feeds?pageNum=1&pageSize=5
1648145465.1922|100|连接超时|/goods/feeds?pageNum=1&pageSize=5
1648145465.2643|100|连接超时|/goods/feeds?pageNum=1&pageSize=5
1648145465.3002|100|连接超时|/goods/feeds?pageNum=1&pageSize=5
1648145465.3237|100|连接超时|/goods/feeds?pageNum=1&pageSize=5
1648145465.3715|100|连接超时|/goods/feeds?pageNum=1&pageSize=5
1648145465.4103|100|连接超时|/goods/feeds?pageNum=1&pageSize=5
1648145465.4158|100|连接超时|/goods/feeds?pageNum=1&pageSize=5
1648145465.4353|100|连接超时|/goods/feeds?pageNum=1&pageSize=5
1648145465.5244|100|连接超时|/goods/feeds?pageNum=1&pageSize=5
1648145465.6588|100|连接超时|/goods/feeds?pageNum=1&pageSize=5
1648145465.6598|100|连接超时|/goods/feeds?pageNum=1&pageSize=5
1648145465.6678|100|连接超时|/goods/feeds?pageNum=1&pageSize=5
1648145465.7043|100|连接超时|/goods/feeds?pageNum=1&pageSize=5
1648145465.7193|100|连接超时|/goods/feeds?pageNum=1&pageSize=5
1648145465.8745|100|连接超时|/goods/feeds?pageNum=1&pageSize=5
1648145465.9211|100|连接超时|/goods/feeds?pageNum=1&pageSize=5
1648145466.0692|100|连接超时|/goods/feeds?pageNum=1&pageSize=5
1648145466.1181|100|连接超时|/goods/feeds?pageNum=1&pageSize=5
1648145466.1635|100|连接超时|/goods/feeds?pageNum=1&pageSize=5
1648145466.1845|100|连接超时|/goods/feeds?pageNum=1&pageSize=5
1648145466.1845|100|连接超时|/goods/feeds?pageNum=1&pageSize=5
1648145466.2101|100|连接超时|/goods/feeds?pageNum=1&pageSize=5
1648145466.4463|100|连接超时|/goods/feeds?pageNum=1&pageSize=5
1648145466.6004|100|连接超时|/goods/feeds?pageNum=1&pageSize=5
1648145466.6971|100|连接超时|/goods/feeds?pageNum=1&pageSize=5
1648145466.7091|100|连接超时|/goods/feeds?pageNum=1&pageSize=5
1648145466.7217|100|连接超时|/goods/feeds?pageNum=1&pageSize=5
1648145466.7655|100|连接超时|/goods/feeds?pageNum=1&pageSize=5
1648145466.7921|100|连接超时|/goods/feeds?pageNum=1&pageSize=5
1648145466.9054|100|连接超时|/goods/feeds?pageNum=1&pageSize=5
1648145466.9662|100|连接超时|/goods/feeds?pageNum=1&pageSize=5
1648145467.1137|100|连接超时|/goods/feeds?pageNum=1&pageSize=5
1648145467.1463|100|连接超时|/goods/feeds?pageNum=1&pageSize=5
1648145467.1852|100|连接超时|/goods/feeds?pageNum=1&pageSize=5
1648145467.2011|100|连接超时|/goods/feeds?pageNum=1&pageSize=5
1648145467.2197|100|连接超时|/goods/feeds?pageNum=1&pageSize=5
1648145467.2284|110|响应超时|/goods/feeds?pageNum=1&pageSize=5
1648145467.2978|100|连接超时|/goods/feeds?pageNum=1&pageSize=5
1648145467.6731|100|连接超时|/goods/feeds?pageNum=1&pageSize=5
1648145467.6911|100|连接超时|/goods/feeds?pageNum=1&pageSize=5
1648145467.7181|100|连接超时|/goods/feeds?pageNum=1&pageSize=5
1648145467.7594|100|连接超时|/goods/feeds?pageNum=1&pageSize=5
1648145467.7953|100|连接超时|/goods/feeds?pageNum=1&pageSize=5
1648145468.0322|100|连接超时|/goods/feeds?pageNum=1&pageSize=5
1648145468.2184|100|连接超时|/goods/feeds?pageNum=1&pageSize=5
1648145468.2764|100|连接超时|/goods/feeds?pageNum=1&pageSize=5
1648145468.4079|100|连接超时|/goods/feeds?pageNum=1&pageSize=5
1648145468.4304|100|连接超时|/goods/feeds?pageNum=1&pageSize=5
1648145468.4646|100|连接超时|/goods/feeds?pageNum=1&pageSize=5
1648145468.5813|100|连接超时|/goods/feeds?pageNum=1&pageSize=5
1648145468.6153|100|连接超时|/goods/feeds?pageNum=1&pageSize=5
1648145468.6751|100|连接超时|/goods/feeds?pageNum=1&pageSize=5
1648145468.7014|100|连接超时|/goods/feeds?pageNum=1&pageSize=5
1648145468.7403|100|连接超时|/goods/feeds?pageNum=1&pageSize=5
1648145468.8742|100|连接超时|/goods/feeds?pageNum=1&pageSize=5
1648145468.9156|100|连接超时|/goods/feeds?pageNum=1&pageSize=5
1648145468.9348|100|连接超时|/goods/feeds?pageNum=1&pageSize=5
1648145468.9693|100|连接超时|/goods/feeds?pageNum=1&pageSize=5
1648145468.9783|100|连接超时|/goods/feeds?pageNum=1&pageSize=5
1648145469.3042|100|连接超时|/goods/feeds?pageNum=1&pageSize=5
1648145469.3433|100|连接超时|/goods/feeds?pageNum=1&pageSize=5
1648145469.3950|100|连接超时|/goods/feeds?pageNum=1&pageSize=5
1648145469.5932|100|连接超时|/goods/feeds?pageNum=1&pageSize=5
1648145469.7083|100|连接超时|/goods/feeds?pageNum=1&pageSize=5
1648145469.7315|100|连接超时|/goods/feeds?pageNum=1&pageSize=5
1648145469.7554|100|连接超时|/goods/feeds?pageNum=1&pageSize=5
1648145469.8852|100|连接超时|/goods/feeds?pageNum=1&pageSize=5
1648145469.8937|100|连接超时|/goods/feeds?pageNum=1&pageSize=5
1648145469.9260|100|连接超时|/goods/feeds?pageNum=1&pageSize=5
1648145469.9280|100|连接超时|/goods/feeds?pageNum=1&pageSize=5
1648145470.2290|110|响应超时|/goods/feeds?pageNum=1&pageSize=5
1648145470.2812|100|连接超时|/goods/feeds?pageNum=1&pageSize=5
1648145470.2893|100|连接超时|/goods/feeds?pageNum=1&pageSize=5
1648145470.3358|100|连接超时|/goods/feeds?pageNum=1&pageSize=5
1648145470.3575|100|连接超时|/goods/feeds?pageNum=1&pageSize=5
1648145470.4084|100|连接超时|/goods/feeds?pageNum=1&pageSize=5
1648145470.4691|100|连接超时|/goods/feeds?pageNum=1&pageSize=5
1648145470.6663|100|连接超时|/goods/feeds?pageNum=1&pageSize=5
1648145470.6854|100|连接超时|/goods/feeds?pageNum=1&pageSize=5
1648145470.7593|100|连接超时|/goods/feeds?pageNum=1&pageSize=5
1648145470.8878|100|连接超时|/goods/feeds?pageNum=1&pageSize=5
1648145470.9286|100|连接超时|/goods/feeds?pageNum=1&pageSize=5
1648145471.0662|100|连接超时|/goods/feeds?pageNum=1&pageSize=5
1648145471.0682|100|连接超时|/goods/feeds?pageNum=1&pageSize=5
1648145471.0782|100|连接超时|/goods/feeds?pageNum=1&pageSize=5
1648145471.0944|100|连接超时|/goods/feeds?pageNum=1&pageSize=5
1648145471.1045|100|连接超时|/goods/feeds?pageNum=1&pageSize=5
1648145471.2756|100|连接超时|/goods/feeds?pageNum=1&pageSize=5
1648145471.3003|100|连接超时|/goods/feeds?pageNum=1&pageSize=5
1648145471.4281|100|连接超时|/goods/feeds?pageNum=1&pageSize=5
1648145471.5972|100|连接超时|/goods/feeds?pageNum=1&pageSize=5
1648145471.6325|100|连接超时|/goods/feeds?pageNum=1&pageSize=5
1648145471.6743|100|连接超时|/goods/feeds?pageNum=1&pageSize=5
1648145471.8941|100|连接超时|/goods/feeds?pageNum=1&pageSize=5
1648145472.1663|110|响应超时|/goods/feeds?pageNum=1&pageSize=5
1648145472.2313|100|连接超时|/goods/feeds?pageNum=1&pageSize=5
1648145472.2482|100|连接超时|/goods/feeds?pageNum=1&pageSize=5
1648145472.2692|100|连接超时|/goods/feeds?pageNum=1&pageSize=5
1648145472.2785|100|连接超时|/goods/feeds?pageNum=1&pageSize=5
1648145472.3473|100|连接超时|/goods/feeds?pageNum=1&pageSize=5
1648145472.4431|100|连接超时|/goods/feeds?pageNum=1&pageSize=5
1648145472.5193|100|连接超时|/goods/feeds?pageNum=1&pageSize=5
1648145472.6264|110|响应超时|/goods/feeds?pageNum=1&pageSize=5
1648145472.6264|100|连接超时|/goods/feeds?pageNum=1&pageSize=5
1648145472.6402|100|连接超时|/goods/feeds?pageNum=1&pageSize=5
1648145472.6536|100|连接超时|/goods/feeds?pageNum=1&pageSize=5
1648145472.6713|100|连接超时|/goods/feeds?pageNum=1&pageSize=5
1648145472.6854|100|连接超时|/goods/feeds?pageNum=1&pageSize=5
1648145472.7118|110|响应超时|/goods/feeds?pageNum=1&pageSize=5
1648145472.7325|100|连接超时|/goods/feeds?pageNum=1&pageSize=5
1648145472.8854|100|连接超时|/goods/feeds?pageNum=1&pageSize=5
1648145472.9247|100|连接超时|/goods/feeds?pageNum=1&pageSize=5
1648145472.9303|100|连接超时|/goods/feeds?pageNum=1&pageSize=5
1648145473.2664|100|连接超时|/goods/feeds?pageNum=1&pageSize=5
1648145473.3557|100|连接超时|/goods/feeds?pageNum=1&pageSize=5
1648145473.4475|100|连接超时|/goods/feeds?pageNum=1&pageSize=5
1648145473.6111|100|连接超时|/goods/feeds?pageNum=1&pageSize=5
1648145473.6312|100|连接超时|/goods/feeds?pageNum=1&pageSize=5
1648145473.6523|100|连接超时|/goods/feeds?pageNum=1&pageSize=5
1648145473.6902|100|连接超时|/goods/feeds?pageNum=1&pageSize=5
1648145473.8117|100|连接超时|/goods/feeds?pageNum=1&pageSize=5
1648145473.8775|100|连接超时|/goods/feeds?pageNum=1&pageSize=5
1648145473.9611|100|连接超时|/goods/feeds?pageNum=1&pageSize=5
1648145474.0122|110|响应超时|/goods/feeds?pageNum=1&pageSize=5
1648145474.2616|100|连接超时|/goods/feeds?pageNum=1&pageSize=5
1648145474.2686|100|连接超时|/goods/feeds?pageNum=1&pageSize=5
1648145474.3133|100|连接超时|/goods/feeds?pageNum=1&pageSize=5
1648145474.4338|100|连接超时|/goods/feeds?pageNum=1&pageSize=5
1648145474.4556|100|连接超时|/goods/feeds?pageNum=1&pageSize=5
1648145474.4664|100|连接超时|/goods/feeds?pageNum=1&pageSize=5
1648145474.6640|100|连接超时|/goods/feeds?pageNum=1&pageSize=5
1648145474.6857|100|连接超时|/goods/feeds?pageNum=1&pageSize=5
1648145474.6988|100|连接超时|/goods/feeds?pageNum=1&pageSize=5
1648145474.7545|100|连接超时|/goods/feeds?pageNum=1&pageSize=5
1648145474.7654|100|连接超时|/goods/feeds?pageNum=1&pageSize=5
1648145474.8013|100|连接超时|/goods/feeds?pageNum=1&pageSize=5
1648145474.8143|100|连接超时|/goods/feeds?pageNum=1&pageSize=5
1648145474.8253|100|连接超时|/goods/feeds?pageNum=1&pageSize=5
1648145474.8963|100|连接超时|/goods/feeds?pageNum=1&pageSize=5
1648145474.9003|100|连接超时|/goods/feeds?pageNum=1&pageSize=5
1648145474.9223|100|连接超时|/goods/feeds?pageNum=1&pageSize=5
1648145474.9323|100|连接超时|/goods/feeds?pageNum=1&pageSize=5
1648145474.9973|100|连接超时|/goods/feeds?pageNum=1&pageSize=5
1648145475.0403|100|连接超时|/goods/feeds?pageNum=1&pageSize=5
1648145475.0403|100|连接超时|/goods/feeds?pageNum=1&pageSize=5
1648145475.0588|100|连接超时|/goods/feeds?pageNum=1&pageSize=5
1648145475.2863|100|连接超时|/goods/feeds?pageNum=1&pageSize=5
1648145475.3633|100|连接超时|/goods/feeds?pageNum=1&pageSize=5
1648145475.4984|100|连接超时|/goods/feeds?pageNum=1&pageSize=5
1648145475.5736|100|连接超时|/goods/feeds?pageNum=1&pageSize=5
1648145475.5993|100|连接超时|/goods/feeds?pageNum=1&pageSize=5
1648145475.6795|100|连接超时|/goods/feeds?pageNum=1&pageSize=5
1648145475.6913|100|连接超时|/goods/feeds?pageNum=1&pageSize=5
1648145475.7472|100|连接超时|/goods/feeds?pageNum=1&pageSize=5
1648145475.7472|100|连接超时|/goods/feeds?pageNum=1&pageSize=5
1648145475.9553|100|连接超时|/goods/feeds?pageNum=1&pageSize=5
1648145475.9572|100|连接超时|/goods/feeds?pageNum=1&pageSize=5
1648145475.9704|100|连接超时|/goods/feeds?pageNum=1&pageSize=5
1648145476.0070|100|连接超时|/goods/feeds?pageNum=1&pageSize=5
1648145476.0302|100|连接超时|/goods/feeds?pageNum=1&pageSize=5
1648145476.1682|110|响应超时|/goods/feeds?pageNum=1&pageSize=5
1648145476.2916|100|连接超时|/goods/feeds?pageNum=1&pageSize=5
1648145476.3662|100|连接超时|/goods/feeds?pageNum=1&pageSize=5
1648145476.4062|100|连接超时|/goods/feeds?pageNum=1&pageSize=5
1648145476.4182|100|连接超时|/goods/feeds?pageNum=1&pageSize=5
1648145476.4805|100|连接超时|/goods/feeds?pageNum=1&pageSize=5
1648145476.5052|100|连接超时|/goods/feeds?pageNum=1&pageSize=5
1648145476.5261|100|连接超时|/goods/feeds?pageNum=1&pageSize=5
1648145476.6866|110|响应超时|/goods/feeds?pageNum=1&pageSize=5
1648145476.6876|100|连接超时|/goods/feeds?pageNum=1&pageSize=5
1648145476.6962|100|连接超时|/goods/feeds?pageNum=1&pageSize=5
1648145476.7563|100|连接超时|/goods/feeds?pageNum=1&pageSize=5
1648145476.7613|100|连接超时|/goods/feeds?pageNum=1&pageSize=5
1648145476.9125|100|连接超时|/goods/feeds?pageNum=1&pageSize=5
1648145477.0613|100|连接超时|/goods/feeds?pageNum=1&pageSize=5
1648145477.2682|100|连接超时|/goods/feeds?pageNum=1&pageSize=5
1648145477.2972|100|连接超时|/goods/feeds?pageNum=1&pageSize=5
1648145477.3542|100|连接超时|/goods/feeds?pageNum=1&pageSize=5
1648145477.3771|100|连接超时|/goods/feeds?pageNum=1&pageSize=5
1648145477.5483|100|连接超时|/goods/feeds?pageNum=1&pageSize=5
1648145477.6470|110|响应超时|/goods/feeds?pageNum=1&pageSize=5
1648145477.6532|100|连接超时|/goods/feeds?pageNum=1&pageSize=5
1648145477.7126|100|连接超时|/goods/feeds?pageNum=1&pageSize=5
1648145477.7146|100|连接超时|/goods/feeds?pageNum=1&pageSize=5
1648145477.7947|100|连接超时|/goods/feeds?pageNum=1&pageSize=5
1648145477.8180|100|连接超时|/goods/feeds?pageNum=1&pageSize=5
1648145477.8348|100|连接超时|/goods/feeds?pageNum=1&pageSize=5
1648145477.9695|100|连接超时|/goods/feeds?pageNum=1&pageSize=5
1648145477.9923|100|连接超时|/goods/feeds?pageNum=1&pageSize=5
1648145478.0173|100|连接超时|/goods/feeds?pageNum=1&pageSize=5
1648145478.2802|100|连接超时|/goods/feeds?pageNum=1&pageSize=5
1648145478.4114|100|连接超时|/goods/feeds?pageNum=1&pageSize=5
1648145478.4269|100|连接超时|/goods/feeds?pageNum=1&pageSize=5
1648145478.4398|100|连接超时|/goods/feeds?pageNum=1&pageSize=5
1648145478.4584|100|连接超时|/goods/feeds?pageNum=1&pageSize=5
1648145478.5348|100|连接超时|/goods/feeds?pageNum=1&pageSize=5
1648145478.5703|100|连接超时|/goods/feeds?pageNum=1&pageSize=5
1648145478.6271|100|连接超时|/goods/feeds?pageNum=1&pageSize=5
1648145478.6426|100|连接超时|/goods/feeds?pageNum=1&pageSize=5
1648145478.6584|100|连接超时|/goods/feeds?pageNum=1&pageSize=5
1648145478.7260|100|连接超时|/goods/feeds?pageNum=1&pageSize=5
1648145478.8726|100|连接超时|/goods/feeds?pageNum=1&pageSize=5
1648145478.9163|100|连接超时|/goods/feeds?pageNum=1&pageSize=5
1648145479.1271|100|连接超时|/goods/feeds?pageNum=1&pageSize=5
1648145479.1853|100|连接超时|/goods/feeds?pageNum=1&pageSize=5
1648145479.2094|100|连接超时|/goods/feeds?pageNum=1&pageSize=5
1648145479.3313|100|连接超时|/goods/feeds?pageNum=1&pageSize=5
1648145479.3323|100|连接超时|/goods/feeds?pageNum=1&pageSize=5
1648145479.4692|100|连接超时|/goods/feeds?pageNum=1&pageSize=5
1648145479.5644|100|连接超时|/goods/feeds?pageNum=1&pageSize=5
1648145479.6607|100|连接超时|/goods/feeds?pageNum=1&pageSize=5
1648145479.6852|100|连接超时|/goods/feeds?pageNum=1&pageSize=5
1648145479.7654|110|响应超时|/goods/feeds?pageNum=1&pageSize=5
1648145479.8982|100|连接超时|/goods/feeds?pageNum=1&pageSize=5
1648145479.9113|100|连接超时|/goods/feeds?pageNum=1&pageSize=5
1648145479.9673|100|连接超时|/goods/feeds?pageNum=1&pageSize=5
1648145480.0589|100|连接超时|/goods/feeds?pageNum=1&pageSize=5
1648145480.0950|100|连接超时|/goods/feeds?pageNum=1&pageSize=5
1648145480.1266|100|连接超时|/goods/feeds?pageNum=1&pageSize=5
1648145480.1409|100|连接超时|/goods/feeds?pageNum=1&pageSize=5
1648145480.1761|100|连接超时|/goods/feeds?pageNum=1&pageSize=5
1648145480.2105|100|连接超时|/goods/feeds?pageNum=1&pageSize=5
1648145480.3003|100|连接超时|/goods/feeds?pageNum=1&pageSize=5
1648145480.3381|100|连接超时|/goods/feeds?pageNum=1&pageSize=5
1648145480.3522|100|连接超时|/goods/feeds?pageNum=1&pageSize=5
1648145480.3681|100|连接超时|/goods/feeds?pageNum=1&pageSize=5
1648145480.4502|100|连接超时|/goods/feeds?pageNum=1&pageSize=5
1648145480.6312|100|连接超时|/goods/feeds?pageNum=1&pageSize=5
1648145480.6411|100|连接超时|/goods/feeds?pageNum=1&pageSize=5
1648145480.6798|100|连接超时|/goods/feeds?pageNum=1&pageSize=5
1648145480.7146|100|连接超时|/goods/feeds?pageNum=1&pageSize=5
1648145480.7861|110|响应超时|/goods/feeds?pageNum=1&pageSize=5
1648145481.1486|100|连接超时|/goods/feeds?pageNum=1&pageSize=5
1648145481.2101|100|连接超时|/goods/feeds?pageNum=1&pageSize=5
1648145481.2136|100|连接超时|/goods/feeds?pageNum=1&pageSize=5
1648145481.3179|100|连接超时|/goods/feeds?pageNum=1&pageSize=5
1648145481.3738|100|连接超时|/goods/feeds?pageNum=1&pageSize=5
1648145481.4285|110|响应超时|/goods/feeds?pageNum=1&pageSize=5
1648145481.4602|100|连接超时|/goods/feeds?pageNum=1&pageSize=5
1648145481.5877|100|连接超时|/goods/feeds?pageNum=1&pageSize=5
1648145481.6748|100|连接超时|/goods/feeds?pageNum=1&pageSize=5
1648145481.7613|100|连接超时|/goods/feeds?pageNum=1&pageSize=5
1648145481.8483|110|响应超时|/goods/feeds?pageNum=1&pageSize=5
1648145481.8533|100|连接超时|/goods/feeds?pageNum=1&pageSize=5
1648145481.9522|100|连接超时|/goods/feeds?pageNum=1&pageSize=5
1648145481.9642|100|连接超时|/goods/feeds?pageNum=1&pageSize=5
1648145481.9792|100|连接超时|/goods/feeds?pageNum=1&pageSize=5
1648145482.0251|100|连接超时|/goods/feeds?pageNum=1&pageSize=5
1648145482.1247|100|连接超时|/goods/feeds?pageNum=1&pageSize=5
1648145482.1545|100|连接超时|/goods/feeds?pageNum=1&pageSize=5
1648145482.1782|100|连接超时|/goods/feeds?pageNum=1&pageSize=5
1648145482.1935|100|连接超时|/goods/feeds?pageNum=1&pageSize=5
1648145482.2034|100|连接超时|/goods/feeds?pageNum=1&pageSize=5
1648145482.3695|100|连接超时|/goods/feeds?pageNum=1&pageSize=5
1648145482.3982|100|连接超时|/goods/feeds?pageNum=1&pageSize=5
1648145482.4726|100|连接超时|/goods/feeds?pageNum=1&pageSize=5
1648145482.5052|100|连接超时|/goods/feeds?pageNum=1&pageSize=5
1648145482.5583|110|响应超时|/goods/feeds?pageNum=1&pageSize=5
1648145482.6872|100|连接超时|/goods/feeds?pageNum=1&pageSize=5
1648145482.7360|100|连接超时|/goods/feeds?pageNum=1&pageSize=5
1648145482.9163|100|连接超时|/goods/feeds?pageNum=1&pageSize=5
1648145482.9288|100|连接超时|/goods/feeds?pageNum=1&pageSize=5
1648145482.9464|100|连接超时|/goods/feeds?pageNum=1&pageSize=5
1648145482.9721|100|连接超时|/goods/feeds?pageNum=1&pageSize=5
1648145483.0772|100|连接超时|/goods/feeds?pageNum=1&pageSize=5
1648145483.1561|100|连接超时|/goods/feeds?pageNum=1&pageSize=5
1648145483.1953|110|响应超时|/goods/feeds?pageNum=1&pageSize=5
1648145483.3213|100|连接超时|/goods/feeds?pageNum=1&pageSize=5
1648145483.4123|100|连接超时|/goods/feeds?pageNum=1&pageSize=5
1648145483.4484|100|连接超时|/goods/feeds?pageNum=1&pageSize=5
1648145483.5978|110|响应超时|/goods/feeds?pageNum=1&pageSize=5
1648145484.1141|100|连接超时|/goods/feeds?pageNum=1&pageSize=5
1648145484.1676|100|连接超时|/goods/feeds?pageNum=1&pageSize=5
1648145484.2246|100|连接超时|/goods/feeds?pageNum=1&pageSize=5
1648145484.3077|100|连接超时|/goods/feeds?pageNum=1&pageSize=5
1648145484.3102|100|连接超时|/goods/feeds?pageNum=1&pageSize=5
1648145484.3302|100|连接超时|/goods/feeds?pageNum=1&pageSize=5
1648145484.3887|100|连接超时|/goods/feeds?pageNum=1&pageSize=5
1648145484.4638|100|连接超时|/goods/feeds?pageNum=1&pageSize=5
1648145484.6081|100|连接超时|/goods/feeds?pageNum=1&pageSize=5
1648145484.6190|100|连接超时|/goods/feeds?pageNum=1&pageSize=5
1648145484.6322|100|连接超时|/goods/feeds?pageNum=1&pageSize=5
1648145484.6552|100|连接超时|/goods/feeds?pageNum=1&pageSize=5
1648145484.8607|100|连接超时|/goods/feeds?pageNum=1&pageSize=5
1648145484.9373|100|连接超时|/goods/feeds?pageNum=1&pageSize=5
1648145485.0334|100|连接超时|/goods/feeds?pageNum=1&pageSize=5
1648145485.1354|100|连接超时|/goods/feeds?pageNum=1&pageSize=5
1648145485.1807|100|连接超时|/goods/feeds?pageNum=1&pageSize=5
1648145485.2172|100|连接超时|/goods/feeds?pageNum=1&pageSize=5
1648145485.3267|100|连接超时|/goods/feeds?pageNum=1&pageSize=5
1648145485.3333|100|连接超时|/goods/feeds?pageNum=1&pageSize=5
1648145485.3771|100|连接超时|/goods/feeds?pageNum=1&pageSize=5
1648145485.3879|100|连接超时|/goods/feeds?pageNum=1&pageSize=5
1648145485.4582|100|连接超时|/goods/feeds?pageNum=1&pageSize=5
1648145485.8141|100|连接超时|/goods/feeds?pageNum=1&pageSize=5
1648145485.9211|100|连接超时|/goods/feeds?pageNum=1&pageSize=5
1648145485.9561|100|连接超时|/goods/feeds?pageNum=1&pageSize=5
1648145485.9591|100|连接超时|/goods/feeds?pageNum=1&pageSize=5
1648145485.9609|100|连接超时|/goods/feeds?pageNum=1&pageSize=5
1648145485.9757|100|连接超时|/goods/feeds?pageNum=1&pageSize=5
1648145485.9855|100|连接超时|/goods/feeds?pageNum=1&pageSize=5
1648145486.2011|100|连接超时|/goods/feeds?pageNum=1&pageSize=5
1648145486.2151|100|连接超时|/goods/feeds?pageNum=1&pageSize=5
1648145486.2518|100|连接超时|/goods/feeds?pageNum=1&pageSize=5
1648145486.3154|100|连接超时|/goods/feeds?pageNum=1&pageSize=5
1648145486.3882|100|连接超时|/goods/feeds?pageNum=1&pageSize=5
1648145486.4868|100|连接超时|/goods/feeds?pageNum=1&pageSize=5
1648145486.4978|100|连接超时|/goods/feeds?pageNum=1&pageSize=5
1648145486.5807|100|连接超时|/goods/feeds?pageNum=1&pageSize=5
1648145486.6816|100|连接超时|/goods/feeds?pageNum=1&pageSize=5
1648145486.6832|100|连接超时|/goods/feeds?pageNum=1&pageSize=5
1648145486.6951|100|连接超时|/goods/feeds?pageNum=1&pageSize=5
1648145486.7470|100|连接超时|/goods/feeds?pageNum=1&pageSize=5
1648145486.7748|100|连接超时|/goods/feeds?pageNum=1&pageSize=5
1648145486.7944|100|连接超时|/goods/feeds?pageNum=1&pageSize=5
1648145486.8617|100|连接超时|/goods/feeds?pageNum=1&pageSize=5
1648145486.9491|100|连接超时|/goods/feeds?pageNum=1&pageSize=5
1648145486.9601|100|连接超时|/goods/feeds?pageNum=1&pageSize=5
1648145486.9691|110|响应超时|/goods/feeds?pageNum=1&pageSize=5
1648145486.9899|100|连接超时|/goods/feeds?pageNum=1&pageSize=5
1648145487.0341|110|响应超时|/goods/feeds?pageNum=1&pageSize=5
1648145487.1402|100|连接超时|/goods/feeds?pageNum=1&pageSize=5
1648145487.1411|100|连接超时|/goods/feeds?pageNum=1&pageSize=5
1648145487.2628|100|连接超时|/goods/feeds?pageNum=1&pageSize=5
1648145487.3184|100|连接超时|/goods/feeds?pageNum=1&pageSize=5
1648145487.3499|100|连接超时|/goods/feeds?pageNum=1&pageSize=5
1648145487.3807|100|连接超时|/goods/feeds?pageNum=1&pageSize=5
1648145487.4149|100|连接超时|/goods/feeds?pageNum=1&pageSize=5
1648145487.4299|100|连接超时|/goods/feeds?pageNum=1&pageSize=5
1648145487.5993|100|连接超时|/goods/feeds?pageNum=1&pageSize=5
1648145487.7296|100|连接超时|/goods/feeds?pageNum=1&pageSize=5
1648145487.7839|110|响应超时|/goods/feeds?pageNum=1&pageSize=5
1648145487.8367|100|连接超时|/goods/feeds?pageNum=1&pageSize=5
1648145487.8728|100|连接超时|/goods/feeds?pageNum=1&pageSize=5
1648145487.9484|100|连接超时|/goods/feeds?pageNum=1&pageSize=5
1648145488.0198|100|连接超时|/goods/feeds?pageNum=1&pageSize=5
1648145488.0835|100|连接超时|/goods/feeds?pageNum=1&pageSize=5
1648145488.1884|100|连接超时|/goods/feeds?pageNum=1&pageSize=5
1648145488.2138|100|连接超时|/goods/feeds?pageNum=1&pageSize=5
1648145488.2532|100|连接超时|/goods/feeds?pageNum=1&pageSize=5
1648145488.3811|100|连接超时|/goods/feeds?pageNum=1&pageSize=5
1648145488.4224|100|连接超时|/goods/feeds?pageNum=1&pageSize=5
1648145488.4603|100|连接超时|/goods/feeds?pageNum=1&pageSize=5
1648145488.5121|100|连接超时|/goods/feeds?pageNum=1&pageSize=5
1648145488.6147|100|连接超时|/goods/feeds?pageNum=1&pageSize=5
1648145488.6294|100|连接超时|/goods/feeds?pageNum=1&pageSize=5
1648145488.6624|100|连接超时|/goods/feeds?pageNum=1&pageSize=5
1648145488.7628|100|连接超时|/goods/feeds?pageNum=1&pageSize=5
1648145488.7688|100|连接超时|/goods/feeds?pageNum=1&pageSize=5
1648145488.7842|100|连接超时|/goods/feeds?pageNum=1&pageSize=5
1648145488.8452|100|连接超时|/goods/feeds?pageNum=1&pageSize=5
1648145488.8512|100|连接超时|/goods/feeds?pageNum=1&pageSize=5
1648145488.9545|100|连接超时|/goods/feeds?pageNum=1&pageSize=5
1648145488.9664|100|连接超时|/goods/feeds?pageNum=1&pageSize=5
1648145488.9674|100|连接超时|/goods/feeds?pageNum=1&pageSize=5
1648145488.9837|100|连接超时|/goods/feeds?pageNum=1&pageSize=5
1648145489.0307|100|连接超时|/goods/feeds?pageNum=1&pageSize=5
1648145489.0409|100|连接超时|/goods/feeds?pageNum=1&pageSize=5
1648145489.0579|100|连接超时|/goods/feeds?pageNum=1&pageSize=5
1648145489.1442|100|连接超时|/goods/feeds?pageNum=1&pageSize=5
1648145489.1582|100|连接超时|/goods/feeds?pageNum=1&pageSize=5
1648145489.2246|100|连接超时|/goods/feeds?pageNum=1&pageSize=5
1648145489.2733|100|连接超时|/goods/feeds?pageNum=1&pageSize=5
1648145489.3028|100|连接超时|/goods/feeds?pageNum=1&pageSize=5
1648145489.3887|100|连接超时|/goods/feeds?pageNum=1&pageSize=5
1648145489.4056|100|连接超时|/goods/feeds?pageNum=1&pageSize=5
1648145489.4095|100|连接超时|/goods/feeds?pageNum=1&pageSize=5
1648145489.4592|100|连接超时|/goods/feeds?pageNum=1&pageSize=5
1648145489.5768|100|连接超时|/goods/feeds?pageNum=1&pageSize=5
1648145489.6077|100|连接超时|/goods/feeds?pageNum=1&pageSize=5
1648145489.6685|100|连接超时|/goods/feeds?pageNum=1&pageSize=5
1648145489.7436|100|连接超时|/goods/feeds?pageNum=1&pageSize=5
1648145489.7885|100|连接超时|/goods/feeds?pageNum=1&pageSize=5
1648145489.7935|100|连接超时|/goods/feeds?pageNum=1&pageSize=5
1648145489.8854|100|连接超时|/goods/feeds?pageNum=1&pageSize=5
1648145489.9014|100|连接超时|/goods/feeds?pageNum=1&pageSize=5
1648145489.9543|100|连接超时|/goods/feeds?pageNum=1&pageSize=5
1648145490.2116|100|连接超时|/goods/feeds?pageNum=1&pageSize=5
1648145490.2682|100|连接超时|/goods/feeds?pageNum=1&pageSize=5
1648145490.3481|100|连接超时|/goods/feeds?pageNum=1&pageSize=5
1648145490.4107|100|连接超时|/goods/feeds?pageNum=1&pageSize=5
1648145490.4892|100|连接超时|/goods/feeds?pageNum=1&pageSize=5
1648145490.5013|100|连接超时|/goods/feeds?pageNum=1&pageSize=5
1648145490.5864|100|连接超时|/goods/feeds?pageNum=1&pageSize=5
1648145490.6108|100|连接超时|/goods/feeds?pageNum=1&pageSize=5
1648145490.6118|100|连接超时|/goods/feeds?pageNum=1&pageSize=5
1648145490.7748|100|连接超时|/goods/feeds?pageNum=1&pageSize=5
1648145490.8554|100|连接超时|/goods/feeds?pageNum=1&pageSize=5
1648145490.8922|100|连接超时|/goods/feeds?pageNum=1&pageSize=5
1648145490.9163|100|连接超时|/goods/feeds?pageNum=1&pageSize=5
1648145490.9758|100|连接超时|/goods/feeds?pageNum=1&pageSize=5
1648145491.0496|100|连接超时|/goods/feeds?pageNum=1&pageSize=5
1648145491.0843|100|连接超时|/goods/feeds?pageNum=1&pageSize=5
1648145491.1280|100|连接超时|/goods/feeds?pageNum=1&pageSize=5
1648145491.1453|100|连接超时|/goods/feeds?pageNum=1&pageSize=5
1648145491.2068|100|连接超时|/goods/feeds?pageNum=1&pageSize=5
1648145491.2281|100|连接超时|/goods/feeds?pageNum=1&pageSize=5
1648145491.3287|100|连接超时|/goods/feeds?pageNum=1&pageSize=5
1648145491.3655|100|连接超时|/goods/feeds?pageNum=1&pageSize=5
1648145491.3984|100|连接超时|/goods/feeds?pageNum=1&pageSize=5
1648145491.4123|100|连接超时|/goods/feeds?pageNum=1&pageSize=5
1648145491.4670|100|连接超时|/goods/feeds?pageNum=1&pageSize=5
1648145491.5997|100|连接超时|/goods/feeds?pageNum=1&pageSize=5
1648145491.6238|100|连接超时|/goods/feeds?pageNum=1&pageSize=5
1648145491.6475|100|连接超时|/goods/feeds?pageNum=1&pageSize=5
1648145491.6915|100|连接超时|/goods/feeds?pageNum=1&pageSize=5
1648145491.8172|100|连接超时|/goods/feeds?pageNum=1&pageSize=5
1648145491.9911|100|连接超时|/goods/feeds?pageNum=1&pageSize=5
1648145492.0269|100|连接超时|/goods/feeds?pageNum=1&pageSize=5
1648145492.0806|100|连接超时|/goods/feeds?pageNum=1&pageSize=5
1648145492.2209|100|连接超时|/goods/feeds?pageNum=1&pageSize=5
1648145492.2490|100|连接超时|/goods/feeds?pageNum=1&pageSize=5
1648145492.3078|110|响应超时|/goods/feeds?pageNum=1&pageSize=5
1648145492.3338|100|连接超时|/goods/feeds?pageNum=1&pageSize=5
1648145492.3622|100|连接超时|/goods/feeds?pageNum=1&pageSize=5
1648145492.3856|100|连接超时|/goods/feeds?pageNum=1&pageSize=5
1648145492.3866|100|连接超时|/goods/feeds?pageNum=1&pageSize=5
1648145492.4324|100|连接超时|/goods/feeds?pageNum=1&pageSize=5
1648145492.4448|100|连接超时|/goods/feeds?pageNum=1&pageSize=5
1648145492.6153|100|连接超时|/goods/feeds?pageNum=1&pageSize=5
1648145492.6252|100|连接超时|/goods/feeds?pageNum=1&pageSize=5
1648145492.6514|100|连接超时|/goods/feeds?pageNum=1&pageSize=5
1648145492.7084|110|响应超时|/goods/feeds?pageNum=1&pageSize=5
1648145492.7894|100|连接超时|/goods/feeds?pageNum=1&pageSize=5
1648145492.8361|110|响应超时|/goods/feeds?pageNum=1&pageSize=5
1648145492.8776|100|连接超时|/goods/feeds?pageNum=1&pageSize=5
1648145492.9371|100|连接超时|/goods/feeds?pageNum=1&pageSize=5
1648145492.9824|100|连接超时|/goods/feeds?pageNum=1&pageSize=5
1648145493.1303|100|连接超时|/goods/feeds?pageNum=1&pageSize=5
1648145493.2225|100|连接超时|/goods/feeds?pageNum=1&pageSize=5
1648145493.2471|100|连接超时|/goods/feeds?pageNum=1&pageSize=5
1648145493.2607|100|连接超时|/goods/feeds?pageNum=1&pageSize=5
1648145493.4294|100|连接超时|/goods/feeds?pageNum=1&pageSize=5
1648145493.6116|100|连接超时|/goods/feeds?pageNum=1&pageSize=5
1648145493.6534|100|连接超时|/goods/feeds?pageNum=1&pageSize=5
1648145493.6664|100|连接超时|/goods/feeds?pageNum=1&pageSize=5
1648145493.6683|100|连接超时|/goods/feeds?pageNum=1&pageSize=5
1648145493.7103|100|连接超时|/goods/feeds?pageNum=1&pageSize=5
1648145493.7492|100|连接超时|/goods/feeds?pageNum=1&pageSize=5
1648145493.7511|100|连接超时|/goods/feeds?pageNum=1&pageSize=5
1648145493.8994|100|连接超时|/goods/feeds?pageNum=1&pageSize=5
1648145493.9104|100|连接超时|/goods/feeds?pageNum=1&pageSize=5
1648145493.9624|100|连接超时|/goods/feeds?pageNum=1&pageSize=5
1648145494.0553|100|连接超时|/goods/feeds?pageNum=1&pageSize=5
1648145494.1152|100|连接超时|/goods/feeds?pageNum=1&pageSize=5
1648145494.1231|100|连接超时|/goods/feeds?pageNum=1&pageSize=5
1648145494.2266|100|连接超时|/goods/feeds?pageNum=1&pageSize=5
1648145494.2902|100|连接超时|/goods/feeds?pageNum=1&pageSize=5
1648145494.3782|100|连接超时|/goods/feeds?pageNum=1&pageSize=5
1648145494.3987|100|连接超时|/goods/feeds?pageNum=1&pageSize=5
1648145494.4507|100|连接超时|/goods/feeds?pageNum=1&pageSize=5
1648145494.5044|110|响应超时|/goods/feeds?pageNum=1&pageSize=5
1648145494.5507|100|连接超时|/goods/feeds?pageNum=1&pageSize=5
1648145494.8782|100|连接超时|/goods/feeds?pageNum=1&pageSize=5
1648145494.9223|100|连接超时|/goods/feeds?pageNum=1&pageSize=5
1648145494.9453|100|连接超时|/goods/feeds?pageNum=1&pageSize=5
1648145495.0029|100|连接超时|/goods/feeds?pageNum=1&pageSize=5
1648145495.0513|100|连接超时|/goods/feeds?pageNum=1&pageSize=5
1648145495.0653|100|连接超时|/goods/feeds?pageNum=1&pageSize=5
1648145495.0812|100|连接超时|/goods/feeds?pageNum=1&pageSize=5
1648145495.3812|100|连接超时|/goods/feeds?pageNum=1&pageSize=5
1648145495.4298|100|连接超时|/goods/feeds?pageNum=1&pageSize=5
1648145495.4457|100|连接超时|/goods/feeds?pageNum=1&pageSize=5
1648145495.4615|100|连接超时|/goods/feeds?pageNum=1&pageSize=5
1648145495.4755|100|连接超时|/goods/feeds?pageNum=1&pageSize=5
1648145495.4925|100|连接超时|/goods/feeds?pageNum=1&pageSize=5
1648145495.5080|100|连接超时|/goods/feeds?pageNum=1&pageSize=5
1648145495.5917|100|连接超时|/goods/feeds?pageNum=1&pageSize=5
1648145495.6237|100|连接超时|/goods/feeds?pageNum=1&pageSize=5
1648145495.6370|100|连接超时|/goods/feeds?pageNum=1&pageSize=5
1648145495.6409|100|连接超时|/goods/feeds?pageNum=1&pageSize=5
1648145495.6707|100|连接超时|/goods/feeds?pageNum=1&pageSize=5
1648145495.8701|100|连接超时|/goods/feeds?pageNum=1&pageSize=5
1648145495.9163|100|连接超时|/goods/feeds?pageNum=1&pageSize=5
1648145495.9402|100|连接超时|/goods/feeds?pageNum=1&pageSize=5
1648145495.9777|100|连接超时|/goods/feeds?pageNum=1&pageSize=5
1648145495.9916|100|连接超时|/goods/feeds?pageNum=1&pageSize=5
1648145496.0181|100|连接超时|/goods/feeds?pageNum=1&pageSize=5
1648145496.0358|100|连接超时|/goods/feeds?pageNum=1&pageSize=5
1648145496.0673|100|连接超时|/goods/feeds?pageNum=1&pageSize=5
1648145496.0823|100|连接超时|/goods/feeds?pageNum=1&pageSize=5
1648145496.1637|100|连接超时|/goods/feeds?pageNum=1&pageSize=5
1648145496.3907|100|连接超时|/goods/feeds?pageNum=1&pageSize=5
1648145496.4137|100|连接超时|/goods/feeds?pageNum=1&pageSize=5
1648145496.4302|100|连接超时|/goods/feeds?pageNum=1&pageSize=5
1648145496.4503|100|连接超时|/goods/feeds?pageNum=1&pageSize=5
1648145496.4817|100|连接超时|/goods/feeds?pageNum=1&pageSize=5
1648145496.5109|100|连接超时|/goods/feeds?pageNum=1&pageSize=5
1648145496.5553|100|连接超时|/goods/feeds?pageNum=1&pageSize=5
1648145496.6002|100|连接超时|/goods/feeds?pageNum=1&pageSize=5
1648145496.8872|100|连接超时|/goods/feeds?pageNum=1&pageSize=5
1648145496.9467|100|连接超时|/goods/feeds?pageNum=1&pageSize=5
1648145496.9886|100|连接超时|/goods/feeds?pageNum=1&pageSize=5
1648145497.0276|100|连接超时|/goods/feeds?pageNum=1&pageSize=5
1648145497.0356|100|连接超时|/goods/feeds?pageNum=1&pageSize=5
1648145497.0506|100|连接超时|/goods/feeds?pageNum=1&pageSize=5
1648145497.0685|100|连接超时|/goods/feeds?pageNum=1&pageSize=5
1648145497.1356|100|连接超时|/goods/feeds?pageNum=1&pageSize=5
1648145497.1515|100|连接超时|/goods/feeds?pageNum=1&pageSize=5
1648145497.2132|100|连接超时|/goods/feeds?pageNum=1&pageSize=5
1648145497.2567|100|连接超时|/goods/feeds?pageNum=1&pageSize=5
1648145497.3757|100|连接超时|/goods/feeds?pageNum=1&pageSize=5
1648145497.3843|100|连接超时|/goods/feeds?pageNum=1&pageSize=5
1648145497.3982|100|连接超时|/goods/feeds?pageNum=1&pageSize=5
1648145497.4620|100|连接超时|/goods/feeds?pageNum=1&pageSize=5
1648145497.4854|110|响应超时|/goods/feeds?pageNum=1&pageSize=5
1648145497.5453|100|连接超时|/goods/feeds?pageNum=1&pageSize=5
1648145497.5702|100|连接超时|/goods/feeds?pageNum=1&pageSize=5
1648145497.6042|100|连接超时|/goods/feeds?pageNum=1&pageSize=5
1648145497.6294|100|连接超时|/goods/feeds?pageNum=1&pageSize=5
1648145497.8664|100|连接超时|/goods/feeds?pageNum=1&pageSize=5
1648145497.9543|100|连接超时|/goods/feeds?pageNum=1&pageSize=5
1648145497.9753|100|连接超时|/goods/feeds?pageNum=1&pageSize=5
1648145498.0072|100|连接超时|/goods/feeds?pageNum=1&pageSize=5
1648145498.0266|100|连接超时|/goods/feeds?pageNum=1&pageSize=5
1648145498.0631|100|连接超时|/goods/feeds?pageNum=1&pageSize=5
1648145498.0825|100|连接超时|/goods/feeds?pageNum=1&pageSize=5
1648145498.1287|100|连接超时|/goods/feeds?pageNum=1&pageSize=5
1648145498.1605|100|连接超时|/goods/feeds?pageNum=1&pageSize=5
1648145498.2587|100|连接超时|/goods/feeds?pageNum=1&pageSize=5
1648145498.2722|100|连接超时|/goods/feeds?pageNum=1&pageSize=5
1648145498.2852|100|连接超时|/goods/feeds?pageNum=1&pageSize=5
1648145498.3633|100|连接超时|/goods/feeds?pageNum=1&pageSize=5
1648145498.4036|100|连接超时|/goods/feeds?pageNum=1&pageSize=5
1648145498.4095|100|连接超时|/goods/feeds?pageNum=1&pageSize=5
1648145498.4403|100|连接超时|/goods/feeds?pageNum=1&pageSize=5
1648145498.4532|100|连接超时|/goods/feeds?pageNum=1&pageSize=5
1648145498.4652|100|连接超时|/goods/feeds?pageNum=1&pageSize=5
1648145498.5577|100|连接超时|/goods/feeds?pageNum=1&pageSize=5
1648145498.5883|100|连接超时|/goods/feeds?pageNum=1&pageSize=5
1648145498.7374|100|连接超时|/goods/feeds?pageNum=1&pageSize=5
1648145498.7682|100|连接超时|/goods/feeds?pageNum=1&pageSize=5
1648145498.8302|100|连接超时|/goods/feeds?pageNum=1&pageSize=5
1648145498.8510|100|连接超时|/goods/feeds?pageNum=1&pageSize=5
1648145498.8877|100|连接超时|/goods/feeds?pageNum=1&pageSize=5
1648145498.8920|100|连接超时|/goods/feeds?pageNum=1&pageSize=5
1648145498.9257|100|连接超时|/goods/feeds?pageNum=1&pageSize=5
1648145498.9347|100|连接超时|/goods/feeds?pageNum=1&pageSize=5
1648145498.9959|100|连接超时|/goods/feeds?pageNum=1&pageSize=5
1648145499.0045|100|连接超时|/goods/feeds?pageNum=1&pageSize=5
1648145499.0317|100|连接超时|/goods/feeds?pageNum=1&pageSize=5
1648145499.0427|100|连接超时|/goods/feeds?pageNum=1&pageSize=5
1648145499.0819|100|连接超时|/goods/feeds?pageNum=1&pageSize=5
1648145499.2429|100|连接超时|/goods/feeds?pageNum=1&pageSize=5
1648145499.3008|100|连接超时|/goods/feeds?pageNum=1&pageSize=5
1648145499.3624|110|响应超时|/goods/feeds?pageNum=1&pageSize=5
1648145499.3854|100|连接超时|/goods/feeds?pageNum=1&pageSize=5
1648145499.3951|100|连接超时|/goods/feeds?pageNum=1&pageSize=5
1648145499.4642|100|连接超时|/goods/feeds?pageNum=1&pageSize=5
1648145499.5161|100|连接超时|/goods/feeds?pageNum=1&pageSize=5
1648145499.5777|100|连接超时|/goods/feeds?pageNum=1&pageSize=5
1648145499.6117|100|连接超时|/goods/feeds?pageNum=1&pageSize=5
1648145499.6223|100|连接超时|/goods/feeds?pageNum=1&pageSize=5
1648145499.6363|100|连接超时|/goods/feeds?pageNum=1&pageSize=5
1648145499.6823|100|连接超时|/goods/feeds?pageNum=1&pageSize=5
1648145499.7534|100|连接超时|/goods/feeds?pageNum=1&pageSize=5
1648145499.9266|100|连接超时|/goods/feeds?pageNum=1&pageSize=5
1648145499.9693|100|连接超时|/goods/feeds?pageNum=1&pageSize=5
1648145500.0445|100|连接超时|/goods/feeds?pageNum=1&pageSize=5
1648145500.0455|100|连接超时|/goods/feeds?pageNum=1&pageSize=5
1648145500.0869|100|连接超时|/goods/feeds?pageNum=1&pageSize=5
1648145500.1069|100|连接超时|/goods/feeds?pageNum=1&pageSize=5
1648145500.1636|100|连接超时|/goods/feeds?pageNum=1&pageSize=5
1648145500.2402|100|连接超时|/goods/feeds?pageNum=1&pageSize=5
1648145500.2488|100|连接超时|/goods/feeds?pageNum=1&pageSize=5
1648145500.2604|100|连接超时|/goods/feeds?pageNum=1&pageSize=5
1648145500.2733|100|连接超时|/goods/feeds?pageNum=1&pageSize=5
1648145500.3802|100|连接超时|/goods/feeds?pageNum=1&pageSize=5
1648145500.3814|100|连接超时|/goods/feeds?pageNum=1&pageSize=5
1648145500.3952|100|连接超时|/goods/feeds?pageNum=1&pageSize=5
1648145500.4039|100|连接超时|/goods/feeds?pageNum=1&pageSize=5
1648145500.4258|100|连接超时|/goods/feeds?pageNum=1&pageSize=5
1648145500.4691|100|连接超时|/goods/feeds?pageNum=1&pageSize=5
1648145500.4860|100|连接超时|/goods/feeds?pageNum=1&pageSize=5
1648145500.5014|100|连接超时|/goods/feeds?pageNum=1&pageSize=5
1648145500.5512|100|连接超时|/goods/feeds?pageNum=1&pageSize=5
1648145500.6432|100|连接超时|/goods/feeds?pageNum=1&pageSize=5
1648145500.9238|100|连接超时|/goods/feeds?pageNum=1&pageSize=5
1648145500.9368|100|连接超时|/goods/feeds?pageNum=1&pageSize=5
1648145501.0254|100|连接超时|/goods/feeds?pageNum=1&pageSize=5
1648145501.0399|100|连接超时|/goods/feeds?pageNum=1&pageSize=5
1648145501.0917|100|连接超时|/goods/feeds?pageNum=1&pageSize=5
1648145501.2374|100|连接超时|/goods/feeds?pageNum=1&pageSize=5
1648145501.2585|100|连接超时|/goods/feeds?pageNum=1&pageSize=5
1648145501.4232|100|连接超时|/goods/feeds?pageNum=1&pageSize=5
1648145501.4549|100|连接超时|/goods/feeds?pageNum=1&pageSize=5
1648145501.4711|100|连接超时|/goods/feeds?pageNum=1&pageSize=5
1648145501.5301|100|连接超时|/goods/feeds?pageNum=1&pageSize=5
1648145501.5583|100|连接超时|/goods/feeds?pageNum=1&pageSize=5
1648145501.5703|100|连接超时|/goods/feeds?pageNum=1&pageSize=5
1648145501.6444|100|连接超时|/goods/feeds?pageNum=1&pageSize=5
1648145501.6524|100|连接超时|/goods/feeds?pageNum=1&pageSize=5
1648145501.6908|100|连接超时|/goods/feeds?pageNum=1&pageSize=5
1648145501.7901|100|连接超时|/goods/feeds?pageNum=1&pageSize=5
1648145501.7911|100|连接超时|/goods/feeds?pageNum=1&pageSize=5
1648145501.8917|100|连接超时|/goods/feeds?pageNum=1&pageSize=5
1648145501.9636|100|连接超时|/goods/feeds?pageNum=1&pageSize=5
1648145502.0081|100|连接超时|/goods/feeds?pageNum=1&pageSize=5
1648145502.0171|100|连接超时|/goods/feeds?pageNum=1&pageSize=5
1648145502.0474|100|连接超时|/goods/feeds?pageNum=1&pageSize=5
1648145502.0625|100|连接超时|/goods/feeds?pageNum=1&pageSize=5
1648145502.0936|100|连接超时|/goods/feeds?pageNum=1&pageSize=5
1648145502.2495|100|连接超时|/goods/feeds?pageNum=1&pageSize=5
1648145502.2705|100|连接超时|/goods/feeds?pageNum=1&pageSize=5
1648145502.5650|100|连接超时|/goods/feeds?pageNum=1&pageSize=5
1648145502.6076|100|连接超时|/goods/feeds?pageNum=1&pageSize=5
1648145502.6173|100|连接超时|/goods/feeds?pageNum=1&pageSize=5
1648145502.6413|100|连接超时|/goods/feeds?pageNum=1&pageSize=5
1648145502.6623|100|连接超时|/goods/feeds?pageNum=1&pageSize=5
1648145502.7448|100|连接超时|/goods/feeds?pageNum=1&pageSize=5
1648145502.8048|100|连接超时|/goods/feeds?pageNum=1&pageSize=5
1648145502.8293|100|连接超时|/goods/feeds?pageNum=1&pageSize=5
1648145502.9530|100|连接超时|/goods/feeds?pageNum=1&pageSize=5
1648145502.9904|100|连接超时|/goods/feeds?pageNum=1&pageSize=5
1648145503.0513|100|连接超时|/goods/feeds?pageNum=1&pageSize=5
1648145503.1999|100|连接超时|/goods/feeds?pageNum=1&pageSize=5
1648145503.2493|100|连接超时|/goods/feeds?pageNum=1&pageSize=5
1648145503.2892|100|连接超时|/goods/feeds?pageNum=1&pageSize=5
1648145503.4177|100|连接超时|/goods/feeds?pageNum=1&pageSize=5
1648145503.4244|100|连接超时|/goods/feeds?pageNum=1&pageSize=5
1648145503.5164|100|连接超时|/goods/feeds?pageNum=1&pageSize=5
1648145503.5692|100|连接超时|/goods/feeds?pageNum=1&pageSize=5
1648145503.5992|100|连接超时|/goods/feeds?pageNum=1&pageSize=5
1648145503.6621|100|连接超时|/goods/feeds?pageNum=1&pageSize=5
1648145503.6766|100|连接超时|/goods/feeds?pageNum=1&pageSize=5
1648145503.7381|100|连接超时|/goods/feeds?pageNum=1&pageSize=5
1648145503.8144|100|连接超时|/goods/feeds?pageNum=1&pageSize=5
1648145503.9033|100|连接超时|/goods/feeds?pageNum=1&pageSize=5
1648145503.9120|100|连接超时|/goods/feeds?pageNum=1&pageSize=5
1648145503.9296|100|连接超时|/goods/feeds?pageNum=1&pageSize=5
1648145503.9593|100|连接超时|/goods/feeds?pageNum=1&pageSize=5
1648145504.0134|100|连接超时|/goods/feeds?pageNum=1&pageSize=5
1648145504.0417|100|连接超时|/goods/feeds?pageNum=1&pageSize=5
1648145504.1183|100|连接超时|/goods/feeds?pageNum=1&pageSize=5
1648145504.1652|100|连接超时|/goods/feeds?pageNum=1&pageSize=5
1648145504.2417|100|连接超时|/goods/feeds?pageNum=1&pageSize=5
1648145504.2681|100|连接超时|/goods/feeds?pageNum=1&pageSize=5
1648145504.4021|100|连接超时|/goods/feeds?pageNum=1&pageSize=5
1648145504.4532|100|连接超时|/goods/feeds?pageNum=1&pageSize=5
1648145504.4840|100|连接超时|/goods/feeds?pageNum=1&pageSize=5
1648145504.5122|100|连接超时|/goods/feeds?pageNum=1&pageSize=5
1648145504.5301|100|连接超时|/goods/feeds?pageNum=1&pageSize=5
