1648188322.1704|110|响应超时|/goods/feeds?pageNum=1&pageSize=5
1648188322.2255|110|响应超时|/goods/feeds?pageNum=1&pageSize=5
1648188322.5825|110|响应超时|/goods/feeds?pageNum=1&pageSize=5
1648188322.7531|110|响应超时|/goods/feeds?pageNum=1&pageSize=5
1648188322.7975|110|响应超时|/goods/feeds?pageNum=1&pageSize=5
1648188322.8641|110|响应超时|/goods/feeds?pageNum=1&pageSize=5
1648188322.8736|110|响应超时|/goods/feeds?pageNum=1&pageSize=5
1648188323.0171|110|响应超时|/goods/feeds?pageNum=1&pageSize=5
1648188323.0747|110|响应超时|/goods/feeds?pageNum=1&pageSize=5
1648188323.1291|110|响应超时|/goods/feeds?pageNum=1&pageSize=5
1648188323.3818|110|响应超时|/goods/feeds?pageNum=1&pageSize=5
1648188323.4292|110|响应超时|/goods/feeds?pageNum=1&pageSize=5
1648188323.4841|110|响应超时|/goods/feeds?pageNum=1&pageSize=5
1648188323.5862|110|响应超时|/goods/feeds?pageNum=1&pageSize=5
1648188323.6693|110|响应超时|/goods/feeds?pageNum=1&pageSize=5
1648188323.7263|110|响应超时|/goods/feeds?pageNum=1&pageSize=5
1648188323.8002|110|响应超时|/goods/feeds?pageNum=1&pageSize=5
1648188324.0512|110|响应超时|/goods/feeds?pageNum=1&pageSize=5
1648188324.0671|110|响应超时|/goods/feeds?pageNum=1&pageSize=5
1648188324.5125|110|响应超时|/goods/feeds?pageNum=1&pageSize=5
1648188324.6473|110|响应超时|/goods/feeds?pageNum=1&pageSize=5
1648188324.6712|110|响应超时|/goods/feeds?pageNum=1&pageSize=5
1648188324.7981|110|响应超时|/goods/feeds?pageNum=1&pageSize=5
1648188325.3421|110|响应超时|/goods/feeds?pageNum=1&pageSize=5
1648188325.3760|110|响应超时|/goods/feeds?pageNum=1&pageSize=5
1648188326.0053|110|响应超时|/goods/feeds?pageNum=1&pageSize=5
1648188326.1547|110|响应超时|/goods/feeds?pageNum=1&pageSize=5
1648188326.4629|110|响应超时|/goods/feeds?pageNum=1&pageSize=5
1648188326.5105|110|响应超时|/goods/feeds?pageNum=1&pageSize=5
1648188326.8446|110|响应超时|/goods/feeds?pageNum=1&pageSize=5
1648188327.4616|110|响应超时|/goods/feeds?pageNum=1&pageSize=5
1648188327.6741|110|响应超时|/goods/feeds?pageNum=1&pageSize=5
1648188328.0137|110|响应超时|/goods/feeds?pageNum=1&pageSize=5
1648188328.1374|110|响应超时|/goods/feeds?pageNum=1&pageSize=5
1648188328.3673|110|响应超时|/goods/feeds?pageNum=1&pageSize=5
1648188328.7312|110|响应超时|/goods/feeds?pageNum=1&pageSize=5
1648188329.1084|110|响应超时|/goods/feeds?pageNum=1&pageSize=5
1648188329.3149|110|响应超时|/goods/feeds?pageNum=1&pageSize=5
1648188329.5361|110|响应超时|/goods/feeds?pageNum=1&pageSize=5
1648188329.6968|110|响应超时|/goods/feeds?pageNum=1&pageSize=5
1648188331.5946|110|响应超时|/goods/feeds?pageNum=1&pageSize=5
1648188331.6414|110|响应超时|/goods/feeds?pageNum=1&pageSize=5
1648188332.0117|110|响应超时|/goods/feeds?pageNum=1&pageSize=5
1648188332.0395|110|响应超时|/goods/feeds?pageNum=1&pageSize=5
1648188332.0703|110|响应超时|/goods/feeds?pageNum=1&pageSize=5
1648188332.1720|110|响应超时|/goods/feeds?pageNum=1&pageSize=5
1648188332.8113|110|响应超时|/goods/feeds?pageNum=1&pageSize=5
1648188332.8753|110|响应超时|/goods/feeds?pageNum=1&pageSize=5
1648188333.0396|110|响应超时|/goods/feeds?pageNum=1&pageSize=5
1648188333.2501|110|响应超时|/goods/feeds?pageNum=1&pageSize=5
1648188333.3163|110|响应超时|/goods/feeds?pageNum=1&pageSize=5
1648188333.6121|110|响应超时|/goods/feeds?pageNum=1&pageSize=5
1648188333.8694|110|响应超时|/goods/feeds?pageNum=1&pageSize=5
1648188333.9193|110|响应超时|/goods/feeds?pageNum=1&pageSize=5
1648188334.1151|110|响应超时|/goods/feeds?pageNum=1&pageSize=5
1648188334.1861|110|响应超时|/goods/feeds?pageNum=1&pageSize=5
1648188334.8349|110|响应超时|/goods/feeds?pageNum=1&pageSize=5
1648188335.5691|110|响应超时|/goods/feeds?pageNum=1&pageSize=5
1648188335.9420|110|响应超时|/goods/feeds?pageNum=1&pageSize=5
1648188335.9510|110|响应超时|/goods/feeds?pageNum=1&pageSize=5
1648188335.9951|110|响应超时|/goods/feeds?pageNum=1&pageSize=5
1648188336.1847|110|响应超时|/goods/feeds?pageNum=1&pageSize=5
1648188336.3741|110|响应超时|/goods/feeds?pageNum=1&pageSize=5
1648188336.4612|110|响应超时|/goods/feeds?pageNum=1&pageSize=5
1648188337.4881|110|响应超时|/goods/feeds?pageNum=1&pageSize=5
1648188337.5757|110|响应超时|/goods/feeds?pageNum=1&pageSize=5
1648188337.5903|110|响应超时|/goods/feeds?pageNum=1&pageSize=5
1648188337.6801|110|响应超时|/goods/feeds?pageNum=1&pageSize=5
1648188338.8986|110|响应超时|/goods/feeds?pageNum=1&pageSize=5
1648188338.9504|110|响应超时|/goods/feeds?pageNum=1&pageSize=5
1648188339.0406|110|响应超时|/goods/feeds?pageNum=1&pageSize=5
1648188339.1238|110|响应超时|/goods/feeds?pageNum=1&pageSize=5
1648188339.3802|110|响应超时|/goods/feeds?pageNum=1&pageSize=5
1648188340.2776|110|响应超时|/goods/feeds?pageNum=1&pageSize=5
1648188340.6994|110|响应超时|/goods/feeds?pageNum=1&pageSize=5
1648188340.7553|110|响应超时|/goods/feeds?pageNum=1&pageSize=5
1648188342.4128|110|响应超时|/goods/feeds?pageNum=1&pageSize=5
1648188342.5087|110|响应超时|/goods/feeds?pageNum=1&pageSize=5
1648188342.6838|110|响应超时|/goods/feeds?pageNum=1&pageSize=5
1648188342.7601|110|响应超时|/goods/feeds?pageNum=1&pageSize=5
1648188343.2523|110|响应超时|/goods/feeds?pageNum=1&pageSize=5
1648188343.7576|110|响应超时|/goods/feeds?pageNum=1&pageSize=5
1648188344.1944|110|响应超时|/goods/feeds?pageNum=1&pageSize=5
1648188344.4287|110|响应超时|/goods/feeds?pageNum=1&pageSize=5
1648188344.4304|110|响应超时|/goods/feeds?pageNum=1&pageSize=5
1648188344.8610|110|响应超时|/goods/feeds?pageNum=1&pageSize=5
1648188345.2674|110|响应超时|/goods/feeds?pageNum=1&pageSize=5
1648188345.7492|110|响应超时|/goods/feeds?pageNum=1&pageSize=5
1648188345.8681|110|响应超时|/goods/feeds?pageNum=1&pageSize=5
1648188345.9242|110|响应超时|/goods/feeds?pageNum=1&pageSize=5
1648188346.0980|110|响应超时|/goods/feeds?pageNum=1&pageSize=5
1648188346.1461|110|响应超时|/goods/feeds?pageNum=1&pageSize=5
1648188346.5132|110|响应超时|/goods/feeds?pageNum=1&pageSize=5
1648188346.9571|110|响应超时|/goods/feeds?pageNum=1&pageSize=5
1648188347.5261|110|响应超时|/goods/feeds?pageNum=1&pageSize=5
1648188348.0125|110|响应超时|/goods/feeds?pageNum=1&pageSize=5
1648188348.1692|110|响应超时|/goods/feeds?pageNum=1&pageSize=5
1648188349.2061|100|连接超时|/goods/feeds?pageNum=1&pageSize=5
1648188349.2181|110|响应超时|/goods/feeds?pageNum=1&pageSize=5
1648188349.5591|110|响应超时|/goods/feeds?pageNum=1&pageSize=5
1648188349.6651|110|响应超时|/goods/feeds?pageNum=1&pageSize=5
1648188349.9070|100|连接超时|/goods/feeds?pageNum=1&pageSize=5
1648188350.0082|100|连接超时|/goods/feeds?pageNum=1&pageSize=5
1648188350.1040|100|连接超时|/goods/feeds?pageNum=1&pageSize=5
1648188350.9018|110|响应超时|/goods/feeds?pageNum=1&pageSize=5
1648188351.0508|100|连接超时|/goods/feeds?pageNum=1&pageSize=5
1648188351.2114|110|响应超时|/goods/feeds?pageNum=1&pageSize=5
1648188351.5882|110|响应超时|/goods/feeds?pageNum=1&pageSize=5
1648188351.6141|110|响应超时|/goods/feeds?pageNum=1&pageSize=5
1648188351.7116|110|响应超时|/goods/feeds?pageNum=1&pageSize=5
1648188352.7620|110|响应超时|/goods/feeds?pageNum=1&pageSize=5
1648188352.9793|110|响应超时|/goods/feeds?pageNum=1&pageSize=5
1648188353.0711|100|连接超时|/goods/feeds?pageNum=1&pageSize=5
1648188353.1157|100|连接超时|/goods/feeds?pageNum=1&pageSize=5
1648188353.9356|100|连接超时|/goods/feeds?pageNum=1&pageSize=5
1648188353.9462|100|连接超时|/goods/feeds?pageNum=1&pageSize=5
1648188353.9631|100|连接超时|/goods/feeds?pageNum=1&pageSize=5
1648188354.1272|100|连接超时|/goods/feeds?pageNum=1&pageSize=5
1648188354.3570|110|响应超时|/goods/feeds?pageNum=1&pageSize=5
1648188355.0210|110|响应超时|/goods/feeds?pageNum=1&pageSize=5
1648188355.1061|100|连接超时|/goods/feeds?pageNum=1&pageSize=5
1648188355.1181|110|响应超时|/goods/feeds?pageNum=1&pageSize=5
1648188355.3124|110|响应超时|/goods/feeds?pageNum=1&pageSize=5
1648188355.4470|110|响应超时|/goods/feeds?pageNum=1&pageSize=5
1648188356.2713|100|连接超时|/goods/feeds?pageNum=1&pageSize=5
1648188356.4651|100|连接超时|/goods/feeds?pageNum=1&pageSize=5
1648188356.8581|110|响应超时|/goods/feeds?pageNum=1&pageSize=5
1648188357.0829|100|连接超时|/goods/feeds?pageNum=1&pageSize=5
1648188357.1151|100|连接超时|/goods/feeds?pageNum=1&pageSize=5
1648188357.1795|110|响应超时|/goods/feeds?pageNum=1&pageSize=5
1648188357.2587|100|连接超时|/goods/feeds?pageNum=1&pageSize=5
1648188357.3102|100|连接超时|/goods/feeds?pageNum=1&pageSize=5
1648188357.3881|100|连接超时|/goods/feeds?pageNum=1&pageSize=5
1648188357.4670|100|连接超时|/goods/feeds?pageNum=1&pageSize=5
1648188357.7393|110|响应超时|/goods/feeds?pageNum=1&pageSize=5
1648188358.1114|100|连接超时|/goods/feeds?pageNum=1&pageSize=5
1648188358.1839|100|连接超时|/goods/feeds?pageNum=1&pageSize=5
1648188358.2681|100|连接超时|/goods/feeds?pageNum=1&pageSize=5
1648188358.2859|100|连接超时|/goods/feeds?pageNum=1&pageSize=5
1648188358.3610|100|连接超时|/goods/feeds?pageNum=1&pageSize=5
1648188358.3721|100|连接超时|/goods/feeds?pageNum=1&pageSize=5
1648188358.4015|100|连接超时|/goods/feeds?pageNum=1&pageSize=5
1648188358.4035|100|连接超时|/goods/feeds?pageNum=1&pageSize=5
1648188358.4215|100|连接超时|/goods/feeds?pageNum=1&pageSize=5
1648188358.4840|100|连接超时|/goods/feeds?pageNum=1&pageSize=5
1648188358.6786|100|连接超时|/goods/feeds?pageNum=1&pageSize=5
1648188358.6962|100|连接超时|/goods/feeds?pageNum=1&pageSize=5
1648188358.8765|100|连接超时|/goods/feeds?pageNum=1&pageSize=5
1648188358.9845|100|连接超时|/goods/feeds?pageNum=1&pageSize=5
1648188359.0893|100|连接超时|/goods/feeds?pageNum=1&pageSize=5
1648188359.1751|110|响应超时|/goods/feeds?pageNum=1&pageSize=5
1648188359.1821|100|连接超时|/goods/feeds?pageNum=1&pageSize=5
1648188359.3514|100|连接超时|/goods/feeds?pageNum=1&pageSize=5
1648188359.4657|110|响应超时|/goods/feeds?pageNum=1&pageSize=5
1648188359.5497|100|连接超时|/goods/feeds?pageNum=1&pageSize=5
1648188359.6106|100|连接超时|/goods/feeds?pageNum=1&pageSize=5
1648188359.7091|110|响应超时|/goods/feeds?pageNum=1&pageSize=5
1648188359.8111|100|连接超时|/goods/feeds?pageNum=1&pageSize=5
1648188359.8374|110|响应超时|/goods/feeds?pageNum=1&pageSize=5
1648188359.8757|100|连接超时|/goods/feeds?pageNum=1&pageSize=5
1648188359.8903|100|连接超时|/goods/feeds?pageNum=1&pageSize=5
1648188359.9262|110|响应超时|/goods/feeds?pageNum=1&pageSize=5
1648188359.9822|100|连接超时|/goods/feeds?pageNum=1&pageSize=5
1648188360.0343|100|连接超时|/goods/feeds?pageNum=1&pageSize=5
1648188360.1102|100|连接超时|/goods/feeds?pageNum=1&pageSize=5
1648188360.1631|100|连接超时|/goods/feeds?pageNum=1&pageSize=5
1648188360.1794|100|连接超时|/goods/feeds?pageNum=1&pageSize=5
1648188360.1884|100|连接超时|/goods/feeds?pageNum=1&pageSize=5
1648188360.3081|100|连接超时|/goods/feeds?pageNum=1&pageSize=5
1648188360.3621|100|连接超时|/goods/feeds?pageNum=1&pageSize=5
1648188360.3762|100|连接超时|/goods/feeds?pageNum=1&pageSize=5
1648188360.3912|100|连接超时|/goods/feeds?pageNum=1&pageSize=5
1648188360.9842|100|连接超时|/goods/feeds?pageNum=1&pageSize=5
1648188361.1305|100|连接超时|/goods/feeds?pageNum=1&pageSize=5
1648188361.2223|100|连接超时|/goods/feeds?pageNum=1&pageSize=5
1648188361.3191|100|连接超时|/goods/feeds?pageNum=1&pageSize=5
1648188361.3810|110|响应超时|/goods/feeds?pageNum=1&pageSize=5
1648188361.3810|100|连接超时|/goods/feeds?pageNum=1&pageSize=5
1648188361.4035|100|连接超时|/goods/feeds?pageNum=1&pageSize=5
1648188361.4251|100|连接超时|/goods/feeds?pageNum=1&pageSize=5
1648188362.0560|100|连接超时|/goods/feeds?pageNum=1&pageSize=5
1648188362.0781|100|连接超时|/goods/feeds?pageNum=1&pageSize=5
1648188362.1252|100|连接超时|/goods/feeds?pageNum=1&pageSize=5
1648188362.1860|100|连接超时|/goods/feeds?pageNum=1&pageSize=5
1648188362.2244|100|连接超时|/goods/feeds?pageNum=1&pageSize=5
1648188362.2343|100|连接超时|/goods/feeds?pageNum=1&pageSize=5
1648188362.2886|100|连接超时|/goods/feeds?pageNum=1&pageSize=5
1648188362.3540|100|连接超时|/goods/feeds?pageNum=1&pageSize=5
1648188362.4124|100|连接超时|/goods/feeds?pageNum=1&pageSize=5
1648188362.4383|100|连接超时|/goods/feeds?pageNum=1&pageSize=5
1648188362.5480|110|响应超时|/goods/feeds?pageNum=1&pageSize=5
1648188362.8772|100|连接超时|/goods/feeds?pageNum=1&pageSize=5
1648188362.9072|100|连接超时|/goods/feeds?pageNum=1&pageSize=5
1648188362.9722|110|响应超时|/goods/feeds?pageNum=1&pageSize=5
1648188363.0321|110|响应超时|/goods/feeds?pageNum=1&pageSize=5
1648188363.1092|100|连接超时|/goods/feeds?pageNum=1&pageSize=5
1648188363.2602|100|连接超时|/goods/feeds?pageNum=1&pageSize=5
1648188363.2912|100|连接超时|/goods/feeds?pageNum=1&pageSize=5
1648188363.4062|110|响应超时|/goods/feeds?pageNum=1&pageSize=5
1648188363.4430|100|连接超时|/goods/feeds?pageNum=1&pageSize=5
1648188363.5406|110|响应超时|/goods/feeds?pageNum=1&pageSize=5
1648188363.6234|100|连接超时|/goods/feeds?pageNum=1&pageSize=5
1648188363.6921|100|连接超时|/goods/feeds?pageNum=1&pageSize=5
1648188363.8121|100|连接超时|/goods/feeds?pageNum=1&pageSize=5
1648188363.8563|100|连接超时|/goods/feeds?pageNum=1&pageSize=5
1648188363.8772|100|连接超时|/goods/feeds?pageNum=1&pageSize=5
1648188364.2432|100|连接超时|/goods/feeds?pageNum=1&pageSize=5
1648188364.2893|100|连接超时|/goods/feeds?pageNum=1&pageSize=5
1648188364.3038|100|连接超时|/goods/feeds?pageNum=1&pageSize=5
1648188364.3851|100|连接超时|/goods/feeds?pageNum=1&pageSize=5
1648188364.4553|100|连接超时|/goods/feeds?pageNum=1&pageSize=5
1648188364.4563|100|连接超时|/goods/feeds?pageNum=1&pageSize=5
1648188364.4563|100|连接超时|/goods/feeds?pageNum=1&pageSize=5
1648188364.4782|100|连接超时|/goods/feeds?pageNum=1&pageSize=5
1648188364.7815|110|响应超时|/goods/feeds?pageNum=1&pageSize=5
1648188364.7962|100|连接超时|/goods/feeds?pageNum=1&pageSize=5
1648188365.0619|100|连接超时|/goods/feeds?pageNum=1&pageSize=5
1648188365.1164|100|连接超时|/goods/feeds?pageNum=1&pageSize=5
1648188365.1194|100|连接超时|/goods/feeds?pageNum=1&pageSize=5
1648188365.1515|100|连接超时|/goods/feeds?pageNum=1&pageSize=5
1648188365.1603|100|连接超时|/goods/feeds?pageNum=1&pageSize=5
1648188365.1947|100|连接超时|/goods/feeds?pageNum=1&pageSize=5
1648188365.2193|100|连接超时|/goods/feeds?pageNum=1&pageSize=5
1648188365.2414|100|连接超时|/goods/feeds?pageNum=1&pageSize=5
1648188365.2612|100|连接超时|/goods/feeds?pageNum=1&pageSize=5
1648188365.2842|100|连接超时|/goods/feeds?pageNum=1&pageSize=5
1648188365.4141|100|连接超时|/goods/feeds?pageNum=1&pageSize=5
1648188365.4377|100|连接超时|/goods/feeds?pageNum=1&pageSize=5
1648188365.4502|100|连接超时|/goods/feeds?pageNum=1&pageSize=5
1648188365.6832|100|连接超时|/goods/feeds?pageNum=1&pageSize=5
1648188365.7134|100|连接超时|/goods/feeds?pageNum=1&pageSize=5
1648188365.8815|100|连接超时|/goods/feeds?pageNum=1&pageSize=5
1648188365.8825|100|连接超时|/goods/feeds?pageNum=1&pageSize=5
1648188365.8825|100|连接超时|/goods/feeds?pageNum=1&pageSize=5
1648188365.9807|100|连接超时|/goods/feeds?pageNum=1&pageSize=5
1648188366.0467|100|连接超时|/goods/feeds?pageNum=1&pageSize=5
1648188366.0885|100|连接超时|/goods/feeds?pageNum=1&pageSize=5
1648188366.2043|100|连接超时|/goods/feeds?pageNum=1&pageSize=5
1648188366.2816|100|连接超时|/goods/feeds?pageNum=1&pageSize=5
1648188366.3693|100|连接超时|/goods/feeds?pageNum=1&pageSize=5
1648188366.4628|100|连接超时|/goods/feeds?pageNum=1&pageSize=5
1648188366.5019|100|连接超时|/goods/feeds?pageNum=1&pageSize=5
1648188366.5620|110|响应超时|/goods/feeds?pageNum=1&pageSize=5
1648188366.7613|110|响应超时|/goods/feeds?pageNum=1&pageSize=5
1648188366.8357|110|响应超时|/goods/feeds?pageNum=1&pageSize=5
1648188366.8603|100|连接超时|/goods/feeds?pageNum=1&pageSize=5
1648188366.8811|100|连接超时|/goods/feeds?pageNum=1&pageSize=5
1648188366.9001|100|连接超时|/goods/feeds?pageNum=1&pageSize=5
1648188367.0386|100|连接超时|/goods/feeds?pageNum=1&pageSize=5
1648188367.0472|100|连接超时|/goods/feeds?pageNum=1&pageSize=5
1648188367.1552|100|连接超时|/goods/feeds?pageNum=1&pageSize=5
1648188367.1897|100|连接超时|/goods/feeds?pageNum=1&pageSize=5
1648188367.2511|100|连接超时|/goods/feeds?pageNum=1&pageSize=5
1648188367.3441|100|连接超时|/goods/feeds?pageNum=1&pageSize=5
1648188367.3546|100|连接超时|/goods/feeds?pageNum=1&pageSize=5
1648188367.7212|110|响应超时|/goods/feeds?pageNum=1&pageSize=5
1648188367.7762|110|响应超时|/goods/feeds?pageNum=1&pageSize=5
1648188367.7992|110|响应超时|/goods/feeds?pageNum=1&pageSize=5
1648188367.8262|100|连接超时|/goods/feeds?pageNum=1&pageSize=5
1648188367.8661|100|连接超时|/goods/feeds?pageNum=1&pageSize=5
1648188367.8912|100|连接超时|/goods/feeds?pageNum=1&pageSize=5
1648188367.9719|100|连接超时|/goods/feeds?pageNum=1&pageSize=5
1648188367.9852|100|连接超时|/goods/feeds?pageNum=1&pageSize=5
1648188367.9971|100|连接超时|/goods/feeds?pageNum=1&pageSize=5
1648188368.0141|110|响应超时|/goods/feeds?pageNum=1&pageSize=5
1648188368.0411|100|连接超时|/goods/feeds?pageNum=1&pageSize=5
1648188368.0853|100|连接超时|/goods/feeds?pageNum=1&pageSize=5
1648188368.1803|100|连接超时|/goods/feeds?pageNum=1&pageSize=5
1648188368.2027|100|连接超时|/goods/feeds?pageNum=1&pageSize=5
1648188368.2393|100|连接超时|/goods/feeds?pageNum=1&pageSize=5
1648188368.3203|100|连接超时|/goods/feeds?pageNum=1&pageSize=5
1648188368.3583|100|连接超时|/goods/feeds?pageNum=1&pageSize=5
1648188368.5943|100|连接超时|/goods/feeds?pageNum=1&pageSize=5
1648188368.5993|100|连接超时|/goods/feeds?pageNum=1&pageSize=5
1648188368.6762|100|连接超时|/goods/feeds?pageNum=1&pageSize=5
1648188368.8330|100|连接超时|/goods/feeds?pageNum=1&pageSize=5
1648188368.9302|100|连接超时|/goods/feeds?pageNum=1&pageSize=5
1648188368.9671|110|响应超时|/goods/feeds?pageNum=1&pageSize=5
1648188369.0411|100|连接超时|/goods/feeds?pageNum=1&pageSize=5
1648188369.1653|100|连接超时|/goods/feeds?pageNum=1&pageSize=5
1648188369.2373|100|连接超时|/goods/feeds?pageNum=1&pageSize=5
1648188369.3777|100|连接超时|/goods/feeds?pageNum=1&pageSize=5
1648188369.3904|100|连接超时|/goods/feeds?pageNum=1&pageSize=5
1648188369.6301|100|连接超时|/goods/feeds?pageNum=1&pageSize=5
1648188369.6500|100|连接超时|/goods/feeds?pageNum=1&pageSize=5
1648188369.7146|110|响应超时|/goods/feeds?pageNum=1&pageSize=5
1648188369.9599|100|连接超时|/goods/feeds?pageNum=1&pageSize=5
1648188369.9824|100|连接超时|/goods/feeds?pageNum=1&pageSize=5
1648188370.6390|110|响应超时|/goods/feeds?pageNum=1&pageSize=5
1648188370.9952|110|响应超时|/goods/feeds?pageNum=1&pageSize=5
1648188372.7154|110|响应超时|/goods/feeds?pageNum=1&pageSize=5
1648188373.0028|110|响应超时|/goods/feeds?pageNum=1&pageSize=5
1648188373.3718|110|响应超时|/goods/feeds?pageNum=1&pageSize=5
1648188373.4025|110|响应超时|/goods/feeds?pageNum=1&pageSize=5
1648188373.4923|110|响应超时|/goods/feeds?pageNum=1&pageSize=5
1648188376.3671|110|响应超时|/goods/feeds?pageNum=1&pageSize=5
