1648145636.8626|110|响应超时|/goods/feeds?pageNum=1&pageSize=5
1648145636.8781|110|响应超时|/goods/feeds?pageNum=1&pageSize=5
1648145637.0778|110|响应超时|/goods/feeds?pageNum=1&pageSize=5
1648145637.1943|110|响应超时|/goods/feeds?pageNum=1&pageSize=5
1648145637.8308|110|响应超时|/goods/feeds?pageNum=1&pageSize=5
1648145638.3931|110|响应超时|/goods/feeds?pageNum=1&pageSize=5
1648145638.7163|110|响应超时|/goods/feeds?pageNum=1&pageSize=5
1648145638.9702|110|响应超时|/goods/feeds?pageNum=1&pageSize=5
1648145639.1604|110|响应超时|/goods/feeds?pageNum=1&pageSize=5
1648145639.1852|110|响应超时|/goods/feeds?pageNum=1&pageSize=5
1648145639.3023|110|响应超时|/goods/feeds?pageNum=1&pageSize=5
1648145639.5129|110|响应超时|/goods/feeds?pageNum=1&pageSize=5
1648145640.2553|110|响应超时|/goods/feeds?pageNum=1&pageSize=5
1648145640.3632|110|响应超时|/goods/feeds?pageNum=1&pageSize=5
1648145640.8318|110|响应超时|/goods/feeds?pageNum=1&pageSize=5
1648145641.2152|110|响应超时|/goods/feeds?pageNum=1&pageSize=5
1648145641.8481|110|响应超时|/goods/feeds?pageNum=1&pageSize=5
1648145642.2443|110|响应超时|/goods/feeds?pageNum=1&pageSize=5
1648145642.2862|110|响应超时|/goods/feeds?pageNum=1&pageSize=5
1648145642.3658|110|响应超时|/goods/feeds?pageNum=1&pageSize=5
1648145642.3825|110|响应超时|/goods/feeds?pageNum=1&pageSize=5
1648145642.4844|110|响应超时|/goods/feeds?pageNum=1&pageSize=5
1648145642.4884|110|响应超时|/goods/feeds?pageNum=1&pageSize=5
1648145642.6117|110|响应超时|/goods/feeds?pageNum=1&pageSize=5
1648145642.7292|110|响应超时|/goods/feeds?pageNum=1&pageSize=5
1648145642.8968|110|响应超时|/goods/feeds?pageNum=1&pageSize=5
1648145643.4299|110|响应超时|/goods/feeds?pageNum=1&pageSize=5
1648145643.7956|110|响应超时|/goods/feeds?pageNum=1&pageSize=5
1648145645.6123|110|响应超时|/goods/feeds?pageNum=1&pageSize=5
1648145646.1143|110|响应超时|/goods/feeds?pageNum=1&pageSize=5
1648145646.1164|110|响应超时|/goods/feeds?pageNum=1&pageSize=5
1648145646.4104|110|响应超时|/goods/feeds?pageNum=1&pageSize=5
1648145647.9444|110|响应超时|/goods/feeds?pageNum=1&pageSize=5
1648145648.0238|110|响应超时|/goods/feeds?pageNum=1&pageSize=5
1648145648.1122|110|响应超时|/goods/feeds?pageNum=1&pageSize=5
1648145648.1644|110|响应超时|/goods/feeds?pageNum=1&pageSize=5
1648145649.5648|110|响应超时|/goods/feeds?pageNum=1&pageSize=5
1648145650.1722|110|响应超时|/goods/feeds?pageNum=1&pageSize=5
1648145650.2663|110|响应超时|/goods/feeds?pageNum=1&pageSize=5
1648145651.3888|110|响应超时|/goods/feeds?pageNum=1&pageSize=5
1648145651.6398|110|响应超时|/goods/feeds?pageNum=1&pageSize=5
1648145652.1088|110|响应超时|/goods/feeds?pageNum=1&pageSize=5
1648145652.4883|110|响应超时|/goods/feeds?pageNum=1&pageSize=5
1648145653.4103|110|响应超时|/goods/feeds?pageNum=1&pageSize=5
1648145653.8512|110|响应超时|/goods/feeds?pageNum=1&pageSize=5
1648145654.1081|110|响应超时|/goods/feeds?pageNum=1&pageSize=5
1648145654.6503|110|响应超时|/goods/feeds?pageNum=1&pageSize=5
1648145655.5142|110|响应超时|/goods/feeds?pageNum=1&pageSize=5
1648145656.6923|110|响应超时|/goods/feeds?pageNum=1&pageSize=5
1648145656.7177|110|响应超时|/goods/feeds?pageNum=1&pageSize=5
1648145656.7946|110|响应超时|/goods/feeds?pageNum=1&pageSize=5
1648145656.8215|110|响应超时|/goods/feeds?pageNum=1&pageSize=5
1648145656.8884|110|响应超时|/goods/feeds?pageNum=1&pageSize=5
1648145659.1019|110|响应超时|/goods/feeds?pageNum=1&pageSize=5
1648145659.7403|110|响应超时|/goods/feeds?pageNum=1&pageSize=5
1648145660.5049|110|响应超时|/goods/feeds?pageNum=1&pageSize=5
1648145660.5488|110|响应超时|/goods/feeds?pageNum=1&pageSize=5
1648145661.8165|110|响应超时|/goods/feeds?pageNum=1&pageSize=5
1648145664.1084|110|响应超时|/goods/feeds?pageNum=1&pageSize=5
1648145664.4428|110|响应超时|/goods/feeds?pageNum=1&pageSize=5
1648145664.9608|110|响应超时|/goods/feeds?pageNum=1&pageSize=5
1648145665.1321|110|响应超时|/goods/feeds?pageNum=1&pageSize=5
1648145665.1472|110|响应超时|/goods/feeds?pageNum=1&pageSize=5
1648145665.5476|110|响应超时|/goods/feeds?pageNum=1&pageSize=5
1648145665.5648|110|响应超时|/goods/feeds?pageNum=1&pageSize=5
1648145667.9140|110|响应超时|/goods/feeds?pageNum=1&pageSize=5
1648145668.4258|110|响应超时|/goods/feeds?pageNum=1&pageSize=5
1648145669.5301|110|响应超时|/goods/feeds?pageNum=1&pageSize=5
1648145669.6055|110|响应超时|/goods/feeds?pageNum=1&pageSize=5
1648145670.5786|110|响应超时|/goods/feeds?pageNum=1&pageSize=5
1648145674.5174|110|响应超时|/goods/feeds?pageNum=1&pageSize=5
1648145674.8746|110|响应超时|/goods/feeds?pageNum=1&pageSize=5
1648145678.2722|110|响应超时|/goods/feeds?pageNum=1&pageSize=5
1648145679.1923|110|响应超时|/goods/feeds?pageNum=1&pageSize=5
1648145682.9967|110|响应超时|/goods/feeds?pageNum=1&pageSize=5
1648145685.3277|110|响应超时|/goods/feeds?pageNum=1&pageSize=5
1648145685.4503|110|响应超时|/goods/feeds?pageNum=1&pageSize=5
1648145687.8231|110|响应超时|/goods/feeds?pageNum=1&pageSize=5
1648145688.0263|110|响应超时|/goods/feeds?pageNum=1&pageSize=5
1648145694.3342|110|响应超时|/goods/feeds?pageNum=1&pageSize=5
1648145695.5613|110|响应超时|/goods/feeds?pageNum=1&pageSize=5
1648145698.3566|110|响应超时|/goods/feeds?pageNum=1&pageSize=5
1648145698.7884|110|响应超时|/goods/feeds?pageNum=1&pageSize=5
1648145698.9103|110|响应超时|/goods/feeds?pageNum=1&pageSize=5
1648145705.7078|110|响应超时|/goods/feeds?pageNum=1&pageSize=5
1648145708.7670|110|响应超时|/goods/feeds?pageNum=1&pageSize=5
1648145714.8557|110|响应超时|/goods/feeds?pageNum=1&pageSize=5
1648145717.6537|110|响应超时|/goods/feeds?pageNum=1&pageSize=5
1648145719.9923|110|响应超时|/goods/feeds?pageNum=1&pageSize=5
1648145731.9554|110|响应超时|/goods/feeds?pageNum=1&pageSize=5
1648145731.9718|110|响应超时|/goods/feeds?pageNum=1&pageSize=5
1648145732.2634|110|响应超时|/goods/feeds?pageNum=1&pageSize=5
