1648142079.6189|110|响应超时|/goods/feeds?pageNum=1&pageSize=5
1648142080.9453|110|响应超时|/goods/feeds?pageNum=1&pageSize=5
1648142081.3802|110|响应超时|/goods/feeds?pageNum=1&pageSize=5
1648142081.6231|130|请求发出后服务端不回响应断开连接|/api/path1
1648142081.9101|110|响应超时|/goods/feeds?pageNum=1&pageSize=5
1648142081.9612|110|响应超时|/goods/feeds?pageNum=1&pageSize=5
1648142082.0045|110|响应超时|/goods/feeds?pageNum=1&pageSize=5
1648142082.1395|110|响应超时|/goods/feeds?pageNum=1&pageSize=5
1648142082.2551|110|响应超时|/goods/feeds?pageNum=1&pageSize=5
1648142082.2571|110|响应超时|/goods/feeds?pageNum=1&pageSize=5
1648142082.2591|110|响应超时|/goods/feeds?pageNum=1&pageSize=5
1648142082.2657|110|响应超时|/goods/feeds?pageNum=1&pageSize=5
1648142082.3185|110|响应超时|/goods/feeds?pageNum=1&pageSize=5
1648142082.4072|110|响应超时|/goods/feeds?pageNum=1&pageSize=5
1648142082.4112|130|请求发出后服务端不回响应断开连接|/api/path1
1648142082.4481|110|响应超时|/goods/feeds?pageNum=1&pageSize=5
1648142082.4526|110|响应超时|/goods/feeds?pageNum=1&pageSize=5
1648142082.4682|110|响应超时|/goods/feeds?pageNum=1&pageSize=5
1648142082.6421|110|响应超时|/goods/feeds?pageNum=1&pageSize=5
1648142082.6518|110|响应超时|/goods/feeds?pageNum=1&pageSize=5
1648142082.6558|110|响应超时|/goods/feeds?pageNum=1&pageSize=5
1648142082.8519|110|响应超时|/goods/feeds?pageNum=1&pageSize=5
1648142082.8616|110|响应超时|/goods/feeds?pageNum=1&pageSize=5
1648142082.8655|130|请求发出后服务端不回响应断开连接|/api/path1
1648142082.9972|110|响应超时|/goods/feeds?pageNum=1&pageSize=5
1648142083.1132|110|响应超时|/goods/feeds?pageNum=1&pageSize=5
1648142083.4222|110|响应超时|/goods/feeds?pageNum=1&pageSize=5
1648142083.4583|130|请求发出后服务端不回响应断开连接|/api/path1
1648142083.5562|110|响应超时|/goods/feeds?pageNum=1&pageSize=5
1648142083.6193|110|响应超时|/goods/feeds?pageNum=1&pageSize=5
1648142083.8523|110|响应超时|/goods/feeds?pageNum=1&pageSize=5
1648142083.9132|110|响应超时|/goods/feeds?pageNum=1&pageSize=5
1648142084.0161|110|响应超时|/goods/feeds?pageNum=1&pageSize=5
1648142084.1823|110|响应超时|/goods/feeds?pageNum=1&pageSize=5
1648142084.5095|110|响应超时|/goods/feeds?pageNum=1&pageSize=5
1648142084.5837|110|响应超时|/goods/feeds?pageNum=1&pageSize=5
1648142084.7005|110|响应超时|/goods/feeds?pageNum=1&pageSize=5
1648142084.7223|110|响应超时|/goods/feeds?pageNum=1&pageSize=5
1648142084.7274|110|响应超时|/api/path1
1648142084.7783|110|响应超时|/goods/feeds?pageNum=1&pageSize=5
1648142084.8323|110|响应超时|/goods/feeds?pageNum=1&pageSize=5
1648142084.8512|110|响应超时|/goods/feeds?pageNum=1&pageSize=5
1648142084.9063|110|响应超时|/goods/feeds?pageNum=1&pageSize=5
1648142084.9618|110|响应超时|/api/path1
1648142085.1907|110|响应超时|/goods/feeds?pageNum=1&pageSize=5
1648142085.2541|110|响应超时|/goods/feeds?pageNum=1&pageSize=5
1648142085.4325|110|响应超时|/goods/feeds?pageNum=1&pageSize=5
1648142085.5732|110|响应超时|/goods/feeds?pageNum=1&pageSize=5
1648142085.6224|110|响应超时|/goods/feeds?pageNum=1&pageSize=5
1648142085.8542|110|响应超时|/goods/feeds?pageNum=1&pageSize=5
1648142086.3052|110|响应超时|/goods/feeds?pageNum=1&pageSize=5
1648142086.3812|110|响应超时|/api/path1
1648142086.7412|110|响应超时|/goods/feeds?pageNum=1&pageSize=5
1648142086.8045|110|响应超时|/goods/feeds?pageNum=1&pageSize=5
1648142086.8165|110|响应超时|/goods/feeds?pageNum=1&pageSize=5
1648142086.8947|110|响应超时|/goods/feeds?pageNum=1&pageSize=5
1648142087.4495|110|响应超时|/goods/feeds?pageNum=1&pageSize=5
1648142088.2242|110|响应超时|/goods/feeds?pageNum=1&pageSize=5
1648142088.2302|110|响应超时|/goods/feeds?pageNum=1&pageSize=5
1648142088.3054|110|响应超时|/goods/feeds?pageNum=1&pageSize=5
1648142088.3213|130|请求发出后服务端不回响应断开连接|/api/path1
1648142088.3303|110|响应超时|/goods/feeds?pageNum=1&pageSize=5
1648142089.4793|110|响应超时|/goods/feeds?pageNum=1&pageSize=5
1648142089.5863|110|响应超时|/goods/feeds?pageNum=1&pageSize=5
1648142089.6172|110|响应超时|/goods/feeds?pageNum=1&pageSize=5
1648142089.8147|110|响应超时|/goods/feeds?pageNum=1&pageSize=5
1648142089.8392|110|响应超时|/goods/feeds?pageNum=1&pageSize=5
1648142090.0167|110|响应超时|/goods/feeds?pageNum=1&pageSize=5
1648142090.5293|100|连接超时|/goods/feeds?pageNum=1&pageSize=5
1648142090.5477|100|连接超时|/goods/feeds?pageNum=1&pageSize=5
1648142090.5763|100|连接超时|/goods/feeds?pageNum=1&pageSize=5
1648142090.5872|100|连接超时|/goods/feeds?pageNum=1&pageSize=5
1648142090.5952|100|连接超时|/goods/feeds?pageNum=1&pageSize=5
1648142090.6132|100|连接超时|/goods/feeds?pageNum=1&pageSize=5
1648142090.6756|100|连接超时|/goods/feeds?pageNum=1&pageSize=5
1648142090.6856|100|连接超时|/goods/feeds?pageNum=1&pageSize=5
1648142090.7093|100|连接超时|/goods/feeds?pageNum=1&pageSize=5
1648142090.7187|100|连接超时|/goods/feeds?pageNum=1&pageSize=5
1648142090.7264|110|响应超时|/api/path1
1648142090.7274|100|连接超时|/goods/feeds?pageNum=1&pageSize=5
1648142090.7373|100|连接超时|/goods/feeds?pageNum=1&pageSize=5
1648142090.8041|100|连接超时|/goods/feeds?pageNum=1&pageSize=5
1648142090.8592|100|连接超时|/goods/feeds?pageNum=1&pageSize=5
1648142090.8831|100|连接超时|/goods/feeds?pageNum=1&pageSize=5
1648142090.8941|100|连接超时|/goods/feeds?pageNum=1&pageSize=5
1648142090.9146|100|连接超时|/goods/feeds?pageNum=1&pageSize=5
1648142090.9507|100|连接超时|/goods/feeds?pageNum=1&pageSize=5
1648142090.9602|100|连接超时|/goods/feeds?pageNum=1&pageSize=5
1648142090.9692|100|连接超时|/goods/feeds?pageNum=1&pageSize=5
1648142090.9921|100|连接超时|/goods/feeds?pageNum=1&pageSize=5
1648142091.0320|100|连接超时|/goods/feeds?pageNum=1&pageSize=5
1648142091.0407|100|连接超时|/goods/feeds?pageNum=1&pageSize=5
1648142091.0514|100|连接超时|/goods/feeds?pageNum=1&pageSize=5
1648142091.0728|100|连接超时|/goods/feeds?pageNum=1&pageSize=5
1648142091.1336|100|连接超时|/goods/feeds?pageNum=1&pageSize=5
1648142091.1512|100|连接超时|/goods/feeds?pageNum=1&pageSize=5
1648142091.1591|100|连接超时|/goods/feeds?pageNum=1&pageSize=5
1648142091.1812|100|连接超时|/goods/feeds?pageNum=1&pageSize=5
1648142091.1862|100|连接超时|/goods/feeds?pageNum=1&pageSize=5
1648142091.2101|100|连接超时|/goods/feeds?pageNum=1&pageSize=5
1648142091.2251|100|连接超时|/goods/feeds?pageNum=1&pageSize=5
1648142091.3184|100|连接超时|/goods/feeds?pageNum=1&pageSize=5
1648142091.3423|100|连接超时|/goods/feeds?pageNum=1&pageSize=5
1648142091.3729|100|连接超时|/goods/feeds?pageNum=1&pageSize=5
1648142091.3932|100|连接超时|/goods/feeds?pageNum=1&pageSize=5
1648142091.3992|100|连接超时|/goods/feeds?pageNum=1&pageSize=5
1648142091.4132|100|连接超时|/goods/feeds?pageNum=1&pageSize=5
1648142091.4331|100|连接超时|/goods/feeds?pageNum=1&pageSize=5
1648142091.4572|100|连接超时|/goods/feeds?pageNum=1&pageSize=5
1648142091.4671|100|连接超时|/goods/feeds?pageNum=1&pageSize=5
1648142091.5402|100|连接超时|/goods/feeds?pageNum=1&pageSize=5
1648142091.5532|100|连接超时|/goods/feeds?pageNum=1&pageSize=5
1648142091.5717|100|连接超时|/goods/feeds?pageNum=1&pageSize=5
1648142091.5902|100|连接超时|/goods/feeds?pageNum=1&pageSize=5
1648142091.6031|100|连接超时|/goods/feeds?pageNum=1&pageSize=5
1648142091.6313|100|连接超时|/goods/feeds?pageNum=1&pageSize=5
1648142091.6943|100|连接超时|/goods/feeds?pageNum=1&pageSize=5
1648142091.7042|100|连接超时|/goods/feeds?pageNum=1&pageSize=5
1648142091.7142|100|连接超时|/goods/feeds?pageNum=1&pageSize=5
1648142091.7302|100|连接超时|/goods/feeds?pageNum=1&pageSize=5
1648142091.8212|100|连接超时|/goods/feeds?pageNum=1&pageSize=5
1648142091.8262|110|响应超时|/goods/feeds?pageNum=1&pageSize=5
1648142091.8332|100|连接超时|/goods/feeds?pageNum=1&pageSize=5
1648142091.8633|110|响应超时|/goods/feeds?pageNum=1&pageSize=5
1648142091.8743|110|响应超时|/goods/feeds?pageNum=1&pageSize=5
1648142091.9212|100|连接超时|/goods/feeds?pageNum=1&pageSize=5
1648142091.9402|100|连接超时|/goods/feeds?pageNum=1&pageSize=5
1648142091.9492|100|连接超时|/goods/feeds?pageNum=1&pageSize=5
1648142091.9631|100|连接超时|/goods/feeds?pageNum=1&pageSize=5
1648142091.9714|100|连接超时|/goods/feeds?pageNum=1&pageSize=5
1648142091.9813|100|连接超时|/goods/feeds?pageNum=1&pageSize=5
1648142091.9933|100|连接超时|/goods/feeds?pageNum=1&pageSize=5
1648142092.0133|100|连接超时|/goods/feeds?pageNum=1&pageSize=5
1648142092.0735|100|连接超时|/goods/feeds?pageNum=1&pageSize=5
1648142092.0834|100|连接超时|/goods/feeds?pageNum=1&pageSize=5
1648142092.0964|100|连接超时|/goods/feeds?pageNum=1&pageSize=5
1648142092.1282|100|连接超时|/goods/feeds?pageNum=1&pageSize=5
1648142092.1481|100|连接超时|/goods/feeds?pageNum=1&pageSize=5
1648142092.1664|100|连接超时|/goods/feeds?pageNum=1&pageSize=5
1648142092.1934|100|连接超时|/goods/feeds?pageNum=1&pageSize=5
1648142092.2043|100|连接超时|/goods/feeds?pageNum=1&pageSize=5
1648142092.2727|100|连接超时|/goods/feeds?pageNum=1&pageSize=5
1648142092.2777|100|连接超时|/goods/feeds?pageNum=1&pageSize=5
1648142092.2813|100|连接超时|/goods/feeds?pageNum=1&pageSize=5
1648142092.3292|100|连接超时|/goods/feeds?pageNum=1&pageSize=5
1648142092.3722|100|连接超时|/goods/feeds?pageNum=1&pageSize=5
1648142092.3831|110|响应超时|/goods/feeds?pageNum=1&pageSize=5
1648142092.3891|100|连接超时|/goods/feeds?pageNum=1&pageSize=5
1648142092.4003|100|连接超时|/goods/feeds?pageNum=1&pageSize=5
1648142092.4122|100|连接超时|/goods/feeds?pageNum=1&pageSize=5
1648142092.4772|100|连接超时|/goods/feeds?pageNum=1&pageSize=5
1648142092.5273|110|响应超时|/goods/feeds?pageNum=1&pageSize=5
1648142092.5343|100|连接超时|/goods/feeds?pageNum=1&pageSize=5
1648142092.5383|100|连接超时|/goods/feeds?pageNum=1&pageSize=5
1648142092.5483|100|连接超时|/goods/feeds?pageNum=1&pageSize=5
1648142092.5592|100|连接超时|/goods/feeds?pageNum=1&pageSize=5
1648142092.5782|100|连接超时|/goods/feeds?pageNum=1&pageSize=5
1648142092.5991|100|连接超时|/goods/feeds?pageNum=1&pageSize=5
1648142092.6233|100|连接超时|/goods/feeds?pageNum=1&pageSize=5
1648142092.6683|100|连接超时|/goods/feeds?pageNum=1&pageSize=5
1648142092.7038|100|连接超时|/goods/feeds?pageNum=1&pageSize=5
1648142092.7145|100|连接超时|/goods/feeds?pageNum=1&pageSize=5
1648142092.7500|100|连接超时|/goods/feeds?pageNum=1&pageSize=5
1648142092.8144|100|连接超时|/goods/feeds?pageNum=1&pageSize=5
1648142092.8213|100|连接超时|/goods/feeds?pageNum=1&pageSize=5
1648142092.9239|110|响应超时|/goods/feeds?pageNum=1&pageSize=5
1648142092.9503|100|连接超时|/goods/feeds?pageNum=1&pageSize=5
1648142092.9563|100|连接超时|/goods/feeds?pageNum=1&pageSize=5
1648142092.9921|100|连接超时|/goods/feeds?pageNum=1&pageSize=5
1648142093.0146|100|连接超时|/goods/feeds?pageNum=1&pageSize=5
1648142093.0423|100|连接超时|/goods/feeds?pageNum=1&pageSize=5
1648142093.0901|100|连接超时|/goods/feeds?pageNum=1&pageSize=5
1648142093.1081|100|连接超时|/goods/feeds?pageNum=1&pageSize=5
1648142093.1328|100|连接超时|/goods/feeds?pageNum=1&pageSize=5
1648142093.1751|100|连接超时|/goods/feeds?pageNum=1&pageSize=5
1648142093.2355|100|连接超时|/goods/feeds?pageNum=1&pageSize=5
1648142093.2835|100|连接超时|/goods/feeds?pageNum=1&pageSize=5
1648142093.2885|100|连接超时|/goods/feeds?pageNum=1&pageSize=5
1648142093.3063|100|连接超时|/goods/feeds?pageNum=1&pageSize=5
1648142093.3462|110|响应超时|/goods/feeds?pageNum=1&pageSize=5
1648142093.4024|100|连接超时|/goods/feeds?pageNum=1&pageSize=5
1648142093.4183|100|连接超时|/goods/feeds?pageNum=1&pageSize=5
1648142093.4394|100|连接超时|/goods/feeds?pageNum=1&pageSize=5
1648142093.4444|100|连接超时|/goods/feeds?pageNum=1&pageSize=5
1648142093.4661|100|连接超时|/goods/feeds?pageNum=1&pageSize=5
1648142093.4761|100|连接超时|/goods/feeds?pageNum=1&pageSize=5
1648142093.5144|100|连接超时|/goods/feeds?pageNum=1&pageSize=5
1648142093.5317|100|连接超时|/goods/feeds?pageNum=1&pageSize=5
1648142093.5367|100|连接超时|/goods/feeds?pageNum=1&pageSize=5
1648142093.5625|100|连接超时|/goods/feeds?pageNum=1&pageSize=5
1648142093.5775|100|连接超时|/goods/feeds?pageNum=1&pageSize=5
1648142093.5871|100|连接超时|/goods/feeds?pageNum=1&pageSize=5
1648142093.5976|100|连接超时|/goods/feeds?pageNum=1&pageSize=5
1648142093.6512|100|连接超时|/goods/feeds?pageNum=1&pageSize=5
1648142093.6662|100|连接超时|/goods/feeds?pageNum=1&pageSize=5
1648142093.7143|100|连接超时|/goods/feeds?pageNum=1&pageSize=5
1648142093.7225|100|连接超时|/goods/feeds?pageNum=1&pageSize=5
1648142093.7460|100|连接超时|/goods/feeds?pageNum=1&pageSize=5
1648142093.8188|100|连接超时|/goods/feeds?pageNum=1&pageSize=5
1648142093.8245|100|连接超时|/goods/feeds?pageNum=1&pageSize=5
1648142093.8359|100|连接超时|/goods/feeds?pageNum=1&pageSize=5
1648142093.9514|100|连接超时|/goods/feeds?pageNum=1&pageSize=5
1648142093.9735|100|连接超时|/goods/feeds?pageNum=1&pageSize=5
1648142093.9765|130|请求发出后服务端不回响应断开连接|/api/path1
1648142093.9853|100|连接超时|/goods/feeds?pageNum=1&pageSize=5
1648142094.0168|100|连接超时|/goods/feeds?pageNum=1&pageSize=5
1648142094.0791|100|连接超时|/goods/feeds?pageNum=1&pageSize=5
1648142094.0946|100|连接超时|/goods/feeds?pageNum=1&pageSize=5
1648142094.1002|100|连接超时|/goods/feeds?pageNum=1&pageSize=5
1648142094.1123|100|连接超时|/goods/feeds?pageNum=1&pageSize=5
1648142094.1242|100|连接超时|/goods/feeds?pageNum=1&pageSize=5
1648142094.1773|100|连接超时|/goods/feeds?pageNum=1&pageSize=5
1648142094.2003|100|连接超时|/goods/feeds?pageNum=1&pageSize=5
1648142094.2094|100|连接超时|/goods/feeds?pageNum=1&pageSize=5
1648142094.2208|100|连接超时|/goods/feeds?pageNum=1&pageSize=5
1648142094.2388|100|连接超时|/goods/feeds?pageNum=1&pageSize=5
1648142094.2493|100|连接超时|/goods/feeds?pageNum=1&pageSize=5
1648142094.2777|100|连接超时|/goods/feeds?pageNum=1&pageSize=5
1648142094.3289|100|连接超时|/goods/feeds?pageNum=1&pageSize=5
1648142094.4057|100|连接超时|/goods/feeds?pageNum=1&pageSize=5
1648142094.4351|100|连接超时|/goods/feeds?pageNum=1&pageSize=5
1648142094.4381|100|连接超时|/goods/feeds?pageNum=1&pageSize=5
1648142094.4407|100|连接超时|/goods/feeds?pageNum=1&pageSize=5
1648142094.4943|100|连接超时|/goods/feeds?pageNum=1&pageSize=5
1648142094.5357|100|连接超时|/goods/feeds?pageNum=1&pageSize=5
1648142094.5512|100|连接超时|/goods/feeds?pageNum=1&pageSize=5
1648142094.5813|100|连接超时|/goods/feeds?pageNum=1&pageSize=5
1648142094.5883|100|连接超时|/goods/feeds?pageNum=1&pageSize=5
1648142094.6093|100|连接超时|/goods/feeds?pageNum=1&pageSize=5
1648142094.6317|100|连接超时|/goods/feeds?pageNum=1&pageSize=5
1648142094.6412|100|连接超时|/goods/feeds?pageNum=1&pageSize=5
1648142094.6731|100|连接超时|/goods/feeds?pageNum=1&pageSize=5
1648142094.6861|100|连接超时|/goods/feeds?pageNum=1&pageSize=5
1648142094.7092|100|连接超时|/goods/feeds?pageNum=1&pageSize=5
1648142094.7141|100|连接超时|/goods/feeds?pageNum=1&pageSize=5
1648142094.7347|100|连接超时|/goods/feeds?pageNum=1&pageSize=5
1648142094.7662|100|连接超时|/goods/feeds?pageNum=1&pageSize=5
1648142094.8742|100|连接超时|/goods/feeds?pageNum=1&pageSize=5
1648142094.8982|100|连接超时|/goods/feeds?pageNum=1&pageSize=5
1648142094.9146|100|连接超时|/goods/feeds?pageNum=1&pageSize=5
1648142094.9231|100|连接超时|/goods/feeds?pageNum=1&pageSize=5
1648142094.9319|100|连接超时|/goods/feeds?pageNum=1&pageSize=5
1648142094.9633|100|连接超时|/goods/feeds?pageNum=1&pageSize=5
1648142094.9733|100|连接超时|/goods/feeds?pageNum=1&pageSize=5
1648142094.9823|100|连接超时|/goods/feeds?pageNum=1&pageSize=5
1648142095.0211|100|连接超时|/goods/feeds?pageNum=1&pageSize=5
1648142095.0302|100|连接超时|/goods/feeds?pageNum=1&pageSize=5
1648142095.0351|100|连接超时|/goods/feeds?pageNum=1&pageSize=5
1648142095.0502|100|连接超时|/goods/feeds?pageNum=1&pageSize=5
1648142095.1034|100|连接超时|/goods/feeds?pageNum=1&pageSize=5
1648142095.1064|100|连接超时|/goods/feeds?pageNum=1&pageSize=5
1648142095.1314|100|连接超时|/goods/feeds?pageNum=1&pageSize=5
1648142095.1424|100|连接超时|/goods/feeds?pageNum=1&pageSize=5
1648142095.1544|100|连接超时|/goods/feeds?pageNum=1&pageSize=5
1648142095.2402|100|连接超时|/goods/feeds?pageNum=1&pageSize=5
1648142095.2653|100|连接超时|/goods/feeds?pageNum=1&pageSize=5
1648142095.2854|100|连接超时|/goods/feeds?pageNum=1&pageSize=5
1648142095.3395|100|连接超时|/goods/feeds?pageNum=1&pageSize=5
1648142095.4058|100|连接超时|/goods/feeds?pageNum=1&pageSize=5
1648142095.4818|100|连接超时|/goods/feeds?pageNum=1&pageSize=5
1648142095.4887|100|连接超时|/goods/feeds?pageNum=1&pageSize=5
1648142095.5177|100|连接超时|/goods/feeds?pageNum=1&pageSize=5
1648142095.5723|100|连接超时|/goods/feeds?pageNum=1&pageSize=5
1648142095.6002|100|连接超时|/goods/feeds?pageNum=1&pageSize=5
1648142095.6071|100|连接超时|/goods/feeds?pageNum=1&pageSize=5
1648142095.6182|100|连接超时|/goods/feeds?pageNum=1&pageSize=5
1648142095.6586|100|连接超时|/goods/feeds?pageNum=1&pageSize=5
1648142095.6665|100|连接超时|/goods/feeds?pageNum=1&pageSize=5
1648142095.6848|100|连接超时|/goods/feeds?pageNum=1&pageSize=5
1648142095.6928|100|连接超时|/goods/feeds?pageNum=1&pageSize=5
1648142095.7252|100|连接超时|/goods/feeds?pageNum=1&pageSize=5
1648142095.7657|100|连接超时|/goods/feeds?pageNum=1&pageSize=5
1648142095.8328|100|连接超时|/goods/feeds?pageNum=1&pageSize=5
1648142095.8442|100|连接超时|/goods/feeds?pageNum=1&pageSize=5
1648142095.8841|100|连接超时|/goods/feeds?pageNum=1&pageSize=5
1648142095.9101|100|连接超时|/goods/feeds?pageNum=1&pageSize=5
1648142095.9181|100|连接超时|/goods/feeds?pageNum=1&pageSize=5
1648142096.0146|100|连接超时|/goods/feeds?pageNum=1&pageSize=5
1648142096.0688|100|连接超时|/goods/feeds?pageNum=1&pageSize=5
1648142096.0922|100|连接超时|/goods/feeds?pageNum=1&pageSize=5
1648142096.1491|100|连接超时|/goods/feeds?pageNum=1&pageSize=5
1648142096.1543|100|连接超时|/goods/feeds?pageNum=1&pageSize=5
1648142096.1758|100|连接超时|/goods/feeds?pageNum=1&pageSize=5
1648142096.1886|100|连接超时|/goods/feeds?pageNum=1&pageSize=5
1648142096.1936|100|连接超时|/goods/feeds?pageNum=1&pageSize=5
1648142096.2287|100|连接超时|/goods/feeds?pageNum=1&pageSize=5
1648142096.2820|100|连接超时|/goods/feeds?pageNum=1&pageSize=5
1648142096.2931|100|连接超时|/goods/feeds?pageNum=1&pageSize=5
1648142096.3021|100|连接超时|/goods/feeds?pageNum=1&pageSize=5
1648142096.3813|110|响应超时|/goods/feeds?pageNum=1&pageSize=5
1648142096.3973|100|连接超时|/goods/feeds?pageNum=1&pageSize=5
1648142096.4172|100|连接超时|/goods/feeds?pageNum=1&pageSize=5
1648142096.4459|100|连接超时|/goods/feeds?pageNum=1&pageSize=5
1648142096.4575|110|响应超时|/goods/feeds?pageNum=1&pageSize=5
1648142096.5224|100|连接超时|/goods/feeds?pageNum=1&pageSize=5
1648142096.5714|100|连接超时|/goods/feeds?pageNum=1&pageSize=5
1648142096.5904|100|连接超时|/goods/feeds?pageNum=1&pageSize=5
1648142096.6166|100|连接超时|/goods/feeds?pageNum=1&pageSize=5
1648142096.6296|100|连接超时|/goods/feeds?pageNum=1&pageSize=5
1648142096.6642|110|响应超时|/api/path1
1648142096.6827|100|连接超时|/goods/feeds?pageNum=1&pageSize=5
1648142096.8253|110|响应超时|/goods/feeds?pageNum=1&pageSize=5
1648142096.8332|100|连接超时|/goods/feeds?pageNum=1&pageSize=5
1648142096.8393|100|连接超时|/goods/feeds?pageNum=1&pageSize=5
1648142096.8442|100|连接超时|/goods/feeds?pageNum=1&pageSize=5
1648142096.8482|100|连接超时|/goods/feeds?pageNum=1&pageSize=5
1648142096.8763|100|连接超时|/goods/feeds?pageNum=1&pageSize=5
1648142096.8892|100|连接超时|/goods/feeds?pageNum=1&pageSize=5
1648142096.9032|100|连接超时|/goods/feeds?pageNum=1&pageSize=5
1648142096.9467|100|连接超时|/goods/feeds?pageNum=1&pageSize=5
1648142096.9914|100|连接超时|/goods/feeds?pageNum=1&pageSize=5
1648142097.0103|100|连接超时|/goods/feeds?pageNum=1&pageSize=5
1648142097.0314|100|连接超时|/goods/feeds?pageNum=1&pageSize=5
1648142097.1262|100|连接超时|/goods/feeds?pageNum=1&pageSize=5
1648142097.1497|100|连接超时|/goods/feeds?pageNum=1&pageSize=5
1648142097.1543|100|连接超时|/goods/feeds?pageNum=1&pageSize=5
1648142097.2212|100|连接超时|/goods/feeds?pageNum=1&pageSize=5
1648142097.2242|100|连接超时|/goods/feeds?pageNum=1&pageSize=5
1648142097.3277|100|连接超时|/goods/feeds?pageNum=1&pageSize=5
1648142097.3337|100|连接超时|/goods/feeds?pageNum=1&pageSize=5
1648142097.3403|100|连接超时|/goods/feeds?pageNum=1&pageSize=5
1648142097.3594|100|连接超时|/goods/feeds?pageNum=1&pageSize=5
1648142097.3694|100|连接超时|/goods/feeds?pageNum=1&pageSize=5
1648142097.3978|100|连接超时|/goods/feeds?pageNum=1&pageSize=5
1648142097.4304|100|连接超时|/goods/feeds?pageNum=1&pageSize=5
1648142097.5413|100|连接超时|/goods/feeds?pageNum=1&pageSize=5
1648142097.5463|100|连接超时|/goods/feeds?pageNum=1&pageSize=5
1648142097.5503|100|连接超时|/goods/feeds?pageNum=1&pageSize=5
1648142097.5695|100|连接超时|/goods/feeds?pageNum=1&pageSize=5
1648142097.6092|100|连接超时|/goods/feeds?pageNum=1&pageSize=5
1648142097.6111|100|连接超时|/goods/feeds?pageNum=1&pageSize=5
1648142097.6141|100|连接超时|/goods/feeds?pageNum=1&pageSize=5
1648142097.6695|100|连接超时|/goods/feeds?pageNum=1&pageSize=5
1648142097.7012|110|响应超时|/goods/feeds?pageNum=1&pageSize=5
1648142097.7222|100|连接超时|/goods/feeds?pageNum=1&pageSize=5
1648142097.8070|110|响应超时|/goods/feeds?pageNum=1&pageSize=5
1648142097.8125|100|连接超时|/goods/feeds?pageNum=1&pageSize=5
1648142097.8164|100|连接超时|/goods/feeds?pageNum=1&pageSize=5
1648142097.8385|100|连接超时|/goods/feeds?pageNum=1&pageSize=5
1648142097.8495|100|连接超时|/goods/feeds?pageNum=1&pageSize=5
1648142097.8761|100|连接超时|/goods/feeds?pageNum=1&pageSize=5
1648142097.8847|100|连接超时|/goods/feeds?pageNum=1&pageSize=5
1648142097.9180|100|连接超时|/goods/feeds?pageNum=1&pageSize=5
1648142097.9724|100|连接超时|/goods/feeds?pageNum=1&pageSize=5
1648142097.9884|100|连接超时|/goods/feeds?pageNum=1&pageSize=5
1648142098.0053|110|响应超时|/api/path1
1648142098.0122|100|连接超时|/goods/feeds?pageNum=1&pageSize=5
1648142098.0162|100|连接超时|/goods/feeds?pageNum=1&pageSize=5
1648142098.0363|100|连接超时|/goods/feeds?pageNum=1&pageSize=5
1648142098.0601|100|连接超时|/goods/feeds?pageNum=1&pageSize=5
1648142098.0671|100|连接超时|/goods/feeds?pageNum=1&pageSize=5
1648142098.0767|100|连接超时|/goods/feeds?pageNum=1&pageSize=5
1648142098.0963|100|连接超时|/goods/feeds?pageNum=1&pageSize=5
1648142098.1033|100|连接超时|/goods/feeds?pageNum=1&pageSize=5
1648142098.1133|100|连接超时|/goods/feeds?pageNum=1&pageSize=5
1648142098.1743|100|连接超时|/goods/feeds?pageNum=1&pageSize=5
1648142098.1922|100|连接超时|/goods/feeds?pageNum=1&pageSize=5
1648142098.2051|100|连接超时|/goods/feeds?pageNum=1&pageSize=5
1648142098.2263|100|连接超时|/goods/feeds?pageNum=1&pageSize=5
1648142098.2553|100|连接超时|/goods/feeds?pageNum=1&pageSize=5
1648142098.2803|100|连接超时|/goods/feeds?pageNum=1&pageSize=5
1648142098.3491|110|响应超时|/goods/feeds?pageNum=1&pageSize=5
1648142098.3648|100|连接超时|/goods/feeds?pageNum=1&pageSize=5
1648142098.3892|100|连接超时|/goods/feeds?pageNum=1&pageSize=5
1648142098.3972|100|连接超时|/goods/feeds?pageNum=1&pageSize=5
1648142098.5332|110|响应超时|/goods/feeds?pageNum=1&pageSize=5
1648142098.5672|100|连接超时|/goods/feeds?pageNum=1&pageSize=5
1648142098.5702|100|连接超时|/goods/feeds?pageNum=1&pageSize=5
1648142098.5732|100|连接超时|/goods/feeds?pageNum=1&pageSize=5
1648142098.5752|100|连接超时|/goods/feeds?pageNum=1&pageSize=5
1648142098.5822|100|连接超时|/goods/feeds?pageNum=1&pageSize=5
1648142098.5962|100|连接超时|/goods/feeds?pageNum=1&pageSize=5
1648142098.6002|100|连接超时|/goods/feeds?pageNum=1&pageSize=5
1648142098.6082|100|连接超时|/goods/feeds?pageNum=1&pageSize=5
1648142098.6182|100|连接超时|/goods/feeds?pageNum=1&pageSize=5
1648142098.6242|100|连接超时|/goods/feeds?pageNum=1&pageSize=5
1648142098.6372|100|连接超时|/goods/feeds?pageNum=1&pageSize=5
1648142098.6501|100|连接超时|/goods/feeds?pageNum=1&pageSize=5
1648142098.6686|100|连接超时|/goods/feeds?pageNum=1&pageSize=5
1648142098.6795|100|连接超时|/goods/feeds?pageNum=1&pageSize=5
1648142098.6913|100|连接超时|/goods/feeds?pageNum=1&pageSize=5
1648142098.7034|100|连接超时|/goods/feeds?pageNum=1&pageSize=5
1648142098.7183|100|连接超时|/goods/feeds?pageNum=1&pageSize=5
1648142098.7223|100|连接超时|/goods/feeds?pageNum=1&pageSize=5
1648142098.8305|100|连接超时|/goods/feeds?pageNum=1&pageSize=5
1648142098.8962|100|连接超时|/goods/feeds?pageNum=1&pageSize=5
1648142098.9032|100|连接超时|/goods/feeds?pageNum=1&pageSize=5
1648142099.0237|100|连接超时|/goods/feeds?pageNum=1&pageSize=5
1648142099.0331|100|连接超时|/goods/feeds?pageNum=1&pageSize=5
1648142099.0619|100|连接超时|/goods/feeds?pageNum=1&pageSize=5
1648142099.0697|100|连接超时|/goods/feeds?pageNum=1&pageSize=5
1648142099.1024|100|连接超时|/goods/feeds?pageNum=1&pageSize=5
1648142099.1364|100|连接超时|/goods/feeds?pageNum=1&pageSize=5
1648142099.1566|100|连接超时|/goods/feeds?pageNum=1&pageSize=5
1648142099.1665|100|连接超时|/goods/feeds?pageNum=1&pageSize=5
1648142099.2055|100|连接超时|/goods/feeds?pageNum=1&pageSize=5
1648142099.2084|110|响应超时|/goods/feeds?pageNum=1&pageSize=5
1648142099.2448|100|连接超时|/goods/feeds?pageNum=1&pageSize=5
1648142099.2727|100|连接超时|/goods/feeds?pageNum=1&pageSize=5
1648142099.2757|100|连接超时|/goods/feeds?pageNum=1&pageSize=5
1648142099.3702|100|连接超时|/goods/feeds?pageNum=1&pageSize=5
1648142099.3988|100|连接超时|/goods/feeds?pageNum=1&pageSize=5
1648142099.4201|100|连接超时|/goods/feeds?pageNum=1&pageSize=5
1648142099.4366|100|连接超时|/goods/feeds?pageNum=1&pageSize=5
1648142099.4781|100|连接超时|/goods/feeds?pageNum=1&pageSize=5
1648142099.4869|100|连接超时|/goods/feeds?pageNum=1&pageSize=5
1648142099.5045|100|连接超时|/goods/feeds?pageNum=1&pageSize=5
1648142099.5874|100|连接超时|/goods/feeds?pageNum=1&pageSize=5
1648142099.5983|100|连接超时|/goods/feeds?pageNum=1&pageSize=5
1648142099.6072|100|连接超时|/goods/feeds?pageNum=1&pageSize=5
1648142099.6436|100|连接超时|/goods/feeds?pageNum=1&pageSize=5
1648142099.6496|100|连接超时|/goods/feeds?pageNum=1&pageSize=5
1648142099.6950|100|连接超时|/goods/feeds?pageNum=1&pageSize=5
1648142099.7371|100|连接超时|/goods/feeds?pageNum=1&pageSize=5
1648142099.7457|100|连接超时|/goods/feeds?pageNum=1&pageSize=5
1648142099.8518|100|连接超时|/goods/feeds?pageNum=1&pageSize=5
1648142099.8869|100|连接超时|/goods/feeds?pageNum=1&pageSize=5
1648142099.9281|100|连接超时|/goods/feeds?pageNum=1&pageSize=5
1648142099.9448|100|连接超时|/goods/feeds?pageNum=1&pageSize=5
1648142099.9692|110|响应超时|/goods/feeds?pageNum=1&pageSize=5
1648142099.9752|100|连接超时|/goods/feeds?pageNum=1&pageSize=5
1648142100.0271|100|连接超时|/goods/feeds?pageNum=1&pageSize=5
1648142100.0381|100|连接超时|/goods/feeds?pageNum=1&pageSize=5
1648142100.0811|100|连接超时|/goods/feeds?pageNum=1&pageSize=5
1648142100.0881|100|连接超时|/goods/feeds?pageNum=1&pageSize=5
1648142100.1572|100|连接超时|/goods/feeds?pageNum=1&pageSize=5
1648142100.1642|100|连接超时|/goods/feeds?pageNum=1&pageSize=5
1648142100.1921|100|连接超时|/goods/feeds?pageNum=1&pageSize=5
1648142100.1981|100|连接超时|/goods/feeds?pageNum=1&pageSize=5
1648142100.2078|100|连接超时|/goods/feeds?pageNum=1&pageSize=5
1648142100.2254|100|连接超时|/goods/feeds?pageNum=1&pageSize=5
1648142100.2472|100|连接超时|/goods/feeds?pageNum=1&pageSize=5
1648142100.2595|100|连接超时|/goods/feeds?pageNum=1&pageSize=5
1648142100.3047|100|连接超时|/goods/feeds?pageNum=1&pageSize=5
1648142100.4058|100|连接超时|/goods/feeds?pageNum=1&pageSize=5
1648142100.4542|100|连接超时|/goods/feeds?pageNum=1&pageSize=5
1648142100.4922|100|连接超时|/goods/feeds?pageNum=1&pageSize=5
1648142100.5013|100|连接超时|/goods/feeds?pageNum=1&pageSize=5
1648142100.5392|100|连接超时|/goods/feeds?pageNum=1&pageSize=5
1648142100.5432|100|连接超时|/goods/feeds?pageNum=1&pageSize=5
1648142100.5532|100|连接超时|/goods/feeds?pageNum=1&pageSize=5
1648142100.5682|100|连接超时|/goods/feeds?pageNum=1&pageSize=5
1648142100.6001|100|连接超时|/goods/feeds?pageNum=1&pageSize=5
1648142100.6090|100|连接超时|/goods/feeds?pageNum=1&pageSize=5
1648142100.6370|100|连接超时|/goods/feeds?pageNum=1&pageSize=5
1648142100.6488|100|连接超时|/goods/feeds?pageNum=1&pageSize=5
1648142100.6644|100|连接超时|/goods/feeds?pageNum=1&pageSize=5
1648142100.6744|100|连接超时|/goods/feeds?pageNum=1&pageSize=5
1648142100.7019|100|连接超时|/goods/feeds?pageNum=1&pageSize=5
1648142100.7328|100|连接超时|/goods/feeds?pageNum=1&pageSize=5
1648142100.7522|100|连接超时|/goods/feeds?pageNum=1&pageSize=5
1648142100.8265|110|响应超时|/goods/feeds?pageNum=1&pageSize=5
1648142100.8714|110|响应超时|/goods/feeds?pageNum=1&pageSize=5
1648142100.8754|100|连接超时|/goods/feeds?pageNum=1&pageSize=5
1648142100.8939|100|连接超时|/goods/feeds?pageNum=1&pageSize=5
1648142100.9017|100|连接超时|/goods/feeds?pageNum=1&pageSize=5
1648142100.9113|100|连接超时|/goods/feeds?pageNum=1&pageSize=5
1648142100.9273|100|连接超时|/goods/feeds?pageNum=1&pageSize=5
1648142100.9352|100|连接超时|/goods/feeds?pageNum=1&pageSize=5
1648142100.9442|100|连接超时|/goods/feeds?pageNum=1&pageSize=5
1648142100.9796|100|连接超时|/goods/feeds?pageNum=1&pageSize=5
1648142100.9917|100|连接超时|/goods/feeds?pageNum=1&pageSize=5
1648142101.0036|100|连接超时|/goods/feeds?pageNum=1&pageSize=5
1648142101.0115|100|连接超时|/goods/feeds?pageNum=1&pageSize=5
1648142101.0230|100|连接超时|/goods/feeds?pageNum=1&pageSize=5
1648142101.0527|100|连接超时|/goods/feeds?pageNum=1&pageSize=5
1648142101.0942|100|连接超时|/goods/feeds?pageNum=1&pageSize=5
1648142101.1002|100|连接超时|/goods/feeds?pageNum=1&pageSize=5
1648142101.1183|100|连接超时|/goods/feeds?pageNum=1&pageSize=5
1648142101.1213|100|连接超时|/goods/feeds?pageNum=1&pageSize=5
1648142101.1594|100|连接超时|/goods/feeds?pageNum=1&pageSize=5
1648142101.1666|100|连接超时|/goods/feeds?pageNum=1&pageSize=5
1648142101.2729|110|响应超时|/goods/feeds?pageNum=1&pageSize=5
1648142101.2769|100|连接超时|/goods/feeds?pageNum=1&pageSize=5
1648142101.3416|100|连接超时|/goods/feeds?pageNum=1&pageSize=5
1648142101.3580|100|连接超时|/goods/feeds?pageNum=1&pageSize=5
1648142101.3676|100|连接超时|/goods/feeds?pageNum=1&pageSize=5
1648142101.3875|100|连接超时|/goods/feeds?pageNum=1&pageSize=5
1648142101.4102|100|连接超时|/goods/feeds?pageNum=1&pageSize=5
1648142101.4162|100|连接超时|/goods/feeds?pageNum=1&pageSize=5
1648142101.4723|100|连接超时|/goods/feeds?pageNum=1&pageSize=5
1648142101.4872|100|连接超时|/goods/feeds?pageNum=1&pageSize=5
1648142101.4912|100|连接超时|/goods/feeds?pageNum=1&pageSize=5
1648142101.5052|100|连接超时|/goods/feeds?pageNum=1&pageSize=5
1648142101.5866|100|连接超时|/goods/feeds?pageNum=1&pageSize=5
1648142101.5913|100|连接超时|/goods/feeds?pageNum=1&pageSize=5
1648142101.6414|100|连接超时|/goods/feeds?pageNum=1&pageSize=5
1648142101.6444|100|连接超时|/goods/feeds?pageNum=1&pageSize=5
1648142101.6703|100|连接超时|/goods/feeds?pageNum=1&pageSize=5
1648142101.7113|100|连接超时|/goods/feeds?pageNum=1&pageSize=5
1648142101.7348|100|连接超时|/goods/feeds?pageNum=1&pageSize=5
1648142101.7439|100|连接超时|/goods/feeds?pageNum=1&pageSize=5
1648142101.7701|100|连接超时|/goods/feeds?pageNum=1&pageSize=5
1648142101.7910|110|响应超时|/goods/feeds?pageNum=1&pageSize=5
1648142101.8753|100|连接超时|/goods/feeds?pageNum=1&pageSize=5
1648142101.9401|100|连接超时|/goods/feeds?pageNum=1&pageSize=5
1648142101.9760|100|连接超时|/goods/feeds?pageNum=1&pageSize=5
1648142101.9893|100|连接超时|/goods/feeds?pageNum=1&pageSize=5
1648142101.9983|100|连接超时|/goods/feeds?pageNum=1&pageSize=5
1648142102.0142|100|连接超时|/goods/feeds?pageNum=1&pageSize=5
1648142102.0372|100|连接超时|/goods/feeds?pageNum=1&pageSize=5
1648142102.1052|100|连接超时|/goods/feeds?pageNum=1&pageSize=5
1648142102.1321|110|响应超时|/api/path1
1648142102.1602|100|连接超时|/goods/feeds?pageNum=1&pageSize=5
1648142102.1834|100|连接超时|/goods/feeds?pageNum=1&pageSize=5
1648142102.1974|100|连接超时|/goods/feeds?pageNum=1&pageSize=5
1648142102.2086|100|连接超时|/goods/feeds?pageNum=1&pageSize=5
1648142102.2242|100|连接超时|/goods/feeds?pageNum=1&pageSize=5
1648142102.2672|100|连接超时|/goods/feeds?pageNum=1&pageSize=5
1648142102.2765|110|响应超时|/api/path1
1648142102.2814|110|响应超时|/api/path1
1648142102.3043|100|连接超时|/goods/feeds?pageNum=1&pageSize=5
1648142102.3391|100|连接超时|/goods/feeds?pageNum=1&pageSize=5
1648142102.3642|100|连接超时|/goods/feeds?pageNum=1&pageSize=5
1648142102.4533|100|连接超时|/goods/feeds?pageNum=1&pageSize=5
1648142102.5046|100|连接超时|/goods/feeds?pageNum=1&pageSize=5
1648142102.5181|100|连接超时|/goods/feeds?pageNum=1&pageSize=5
1648142102.5461|100|连接超时|/goods/feeds?pageNum=1&pageSize=5
1648142102.5581|100|连接超时|/goods/feeds?pageNum=1&pageSize=5
1648142102.5666|110|响应超时|/goods/feeds?pageNum=1&pageSize=5
1648142102.6118|100|连接超时|/goods/feeds?pageNum=1&pageSize=5
1648142102.6157|100|连接超时|/goods/feeds?pageNum=1&pageSize=5
1648142102.6742|100|连接超时|/goods/feeds?pageNum=1&pageSize=5
1648142102.6792|100|连接超时|/goods/feeds?pageNum=1&pageSize=5
1648142102.6838|100|连接超时|/goods/feeds?pageNum=1&pageSize=5
1648142102.7053|110|响应超时|/api/path1
1648142102.7073|100|连接超时|/goods/feeds?pageNum=1&pageSize=5
1648142102.7282|100|连接超时|/goods/feeds?pageNum=1&pageSize=5
1648142102.7561|100|连接超时|/goods/feeds?pageNum=1&pageSize=5
1648142102.7739|110|响应超时|/goods/feeds?pageNum=1&pageSize=5
1648142102.7827|100|连接超时|/goods/feeds?pageNum=1&pageSize=5
1648142102.7857|100|连接超时|/goods/feeds?pageNum=1&pageSize=5
1648142102.7903|100|连接超时|/goods/feeds?pageNum=1&pageSize=5
1648142102.7998|100|连接超时|/goods/feeds?pageNum=1&pageSize=5
1648142102.8848|100|连接超时|/goods/feeds?pageNum=1&pageSize=5
1648142102.9416|100|连接超时|/goods/feeds?pageNum=1&pageSize=5
1648142102.9647|100|连接超时|/goods/feeds?pageNum=1&pageSize=5
1648142103.0040|100|连接超时|/goods/feeds?pageNum=1&pageSize=5
1648142103.0070|100|连接超时|/goods/feeds?pageNum=1&pageSize=5
1648142103.0130|100|连接超时|/goods/feeds?pageNum=1&pageSize=5
1648142103.0513|100|连接超时|/goods/feeds?pageNum=1&pageSize=5
1648142103.0583|100|连接超时|/goods/feeds?pageNum=1&pageSize=5
1648142103.0841|100|连接超时|/goods/feeds?pageNum=1&pageSize=5
1648142103.0871|100|连接超时|/goods/feeds?pageNum=1&pageSize=5
1648142103.0971|100|连接超时|/goods/feeds?pageNum=1&pageSize=5
1648142103.1058|100|连接超时|/goods/feeds?pageNum=1&pageSize=5
1648142103.1274|100|连接超时|/goods/feeds?pageNum=1&pageSize=5
1648142103.1568|100|连接超时|/goods/feeds?pageNum=1&pageSize=5
1648142103.1667|100|连接超时|/goods/feeds?pageNum=1&pageSize=5
1648142103.1831|100|连接超时|/goods/feeds?pageNum=1&pageSize=5
1648142103.2122|100|连接超时|/goods/feeds?pageNum=1&pageSize=5
1648142103.2343|100|连接超时|/goods/feeds?pageNum=1&pageSize=5
1648142103.3085|110|响应超时|/goods/feeds?pageNum=1&pageSize=5
1648142103.3281|100|连接超时|/goods/feeds?pageNum=1&pageSize=5
1648142103.3336|100|连接超时|/goods/feeds?pageNum=1&pageSize=5
1648142103.3346|100|连接超时|/goods/feeds?pageNum=1&pageSize=5
1648142103.3356|100|连接超时|/goods/feeds?pageNum=1&pageSize=5
1648142103.3567|100|连接超时|/goods/feeds?pageNum=1&pageSize=5
1648142103.3647|100|连接超时|/goods/feeds?pageNum=1&pageSize=5
1648142103.3982|110|响应超时|/goods/feeds?pageNum=1&pageSize=5
1648142103.4249|130|请求发出后服务端不回响应断开连接|/api/path1
1648142103.5261|100|连接超时|/goods/feeds?pageNum=1&pageSize=5
1648142103.5371|100|连接超时|/goods/feeds?pageNum=1&pageSize=5
1648142103.5921|100|连接超时|/goods/feeds?pageNum=1&pageSize=5
1648142103.6071|100|连接超时|/goods/feeds?pageNum=1&pageSize=5
1648142103.6091|100|连接超时|/goods/feeds?pageNum=1&pageSize=5
1648142103.6266|110|响应超时|/api/path1
1648142103.6296|110|响应超时|/api/path1
1648142103.6375|100|连接超时|/goods/feeds?pageNum=1&pageSize=5
1648142103.6866|100|连接超时|/goods/feeds?pageNum=1&pageSize=5
1648142103.7060|100|连接超时|/goods/feeds?pageNum=1&pageSize=5
1648142103.7201|100|连接超时|/goods/feeds?pageNum=1&pageSize=5
1648142103.7591|100|连接超时|/goods/feeds?pageNum=1&pageSize=5
1648142103.7676|100|连接超时|/goods/feeds?pageNum=1&pageSize=5
1648142103.7783|100|连接超时|/goods/feeds?pageNum=1&pageSize=5
1648142103.8022|100|连接超时|/goods/feeds?pageNum=1&pageSize=5
1648142103.8072|100|连接超时|/goods/feeds?pageNum=1&pageSize=5
1648142103.8647|100|连接超时|/goods/feeds?pageNum=1&pageSize=5
1648142103.8732|100|连接超时|/goods/feeds?pageNum=1&pageSize=5
1648142103.8950|100|连接超时|/goods/feeds?pageNum=1&pageSize=5
1648142103.8969|100|连接超时|/goods/feeds?pageNum=1&pageSize=5
1648142103.9070|100|连接超时|/goods/feeds?pageNum=1&pageSize=5
1648142103.9412|100|连接超时|/goods/feeds?pageNum=1&pageSize=5
1648142103.9511|100|连接超时|/goods/feeds?pageNum=1&pageSize=5
1648142103.9653|100|连接超时|/goods/feeds?pageNum=1&pageSize=5
1648142103.9683|110|响应超时|/goods/feeds?pageNum=1&pageSize=5
1648142103.9915|100|连接超时|/goods/feeds?pageNum=1&pageSize=5
1648142104.0295|100|连接超时|/goods/feeds?pageNum=1&pageSize=5
1648142104.0403|100|连接超时|/goods/feeds?pageNum=1&pageSize=5
1648142104.0870|100|连接超时|/goods/feeds?pageNum=1&pageSize=5
1648142104.1097|100|连接超时|/goods/feeds?pageNum=1&pageSize=5
1648142104.1345|100|连接超时|/goods/feeds?pageNum=1&pageSize=5
1648142104.1441|100|连接超时|/goods/feeds?pageNum=1&pageSize=5
1648142104.1540|100|连接超时|/goods/feeds?pageNum=1&pageSize=5
1648142104.1851|110|响应超时|/goods/feeds?pageNum=1&pageSize=5
1648142104.1871|100|连接超时|/goods/feeds?pageNum=1&pageSize=5
1648142104.2163|100|连接超时|/goods/feeds?pageNum=1&pageSize=5
1648142104.2183|100|连接超时|/goods/feeds?pageNum=1&pageSize=5
1648142104.2282|100|连接超时|/goods/feeds?pageNum=1&pageSize=5
1648142104.2551|100|连接超时|/goods/feeds?pageNum=1&pageSize=5
1648142104.2615|100|连接超时|/goods/feeds?pageNum=1&pageSize=5
1648142104.2854|100|连接超时|/goods/feeds?pageNum=1&pageSize=5
1648142104.2943|100|连接超时|/goods/feeds?pageNum=1&pageSize=5
1648142104.3237|100|连接超时|/goods/feeds?pageNum=1&pageSize=5
1648142104.3364|100|连接超时|/goods/feeds?pageNum=1&pageSize=5
1648142104.4519|110|响应超时|/goods/feeds?pageNum=1&pageSize=5
1648142104.5918|100|连接超时|/goods/feeds?pageNum=1&pageSize=5
1648142104.6073|100|连接超时|/goods/feeds?pageNum=1&pageSize=5
1648142104.6173|100|连接超时|/goods/feeds?pageNum=1&pageSize=5
1648142104.6244|100|连接超时|/goods/feeds?pageNum=1&pageSize=5
1648142104.6935|100|连接超时|/goods/feeds?pageNum=1&pageSize=5
1648142104.7214|100|连接超时|/goods/feeds?pageNum=1&pageSize=5
1648142104.7574|100|连接超时|/goods/feeds?pageNum=1&pageSize=5
1648142104.8406|100|连接超时|/goods/feeds?pageNum=1&pageSize=5
1648142104.8502|100|连接超时|/goods/feeds?pageNum=1&pageSize=5
1648142104.8803|110|响应超时|/goods/feeds?pageNum=1&pageSize=5
1648142104.8813|100|连接超时|/goods/feeds?pageNum=1&pageSize=5
1648142104.9367|100|连接超时|/goods/feeds?pageNum=1&pageSize=5
1648142104.9826|100|连接超时|/goods/feeds?pageNum=1&pageSize=5
1648142104.9846|100|连接超时|/goods/feeds?pageNum=1&pageSize=5
1648142105.0064|100|连接超时|/goods/feeds?pageNum=1&pageSize=5
1648142105.0429|100|连接超时|/goods/feeds?pageNum=1&pageSize=5
1648142105.0449|100|连接超时|/goods/feeds?pageNum=1&pageSize=5
1648142105.0719|100|连接超时|/goods/feeds?pageNum=1&pageSize=5
1648142105.0729|100|连接超时|/goods/feeds?pageNum=1&pageSize=5
1648142105.1053|100|连接超时|/goods/feeds?pageNum=1&pageSize=5
1648142105.1073|110|响应超时|/api/path1
1648142105.1123|100|连接超时|/goods/feeds?pageNum=1&pageSize=5
1648142105.1252|100|连接超时|/goods/feeds?pageNum=1&pageSize=5
1648142105.1614|100|连接超时|/goods/feeds?pageNum=1&pageSize=5
1648142105.1916|100|连接超时|/goods/feeds?pageNum=1&pageSize=5
1648142105.2057|100|连接超时|/goods/feeds?pageNum=1&pageSize=5
1648142105.2786|100|连接超时|/goods/feeds?pageNum=1&pageSize=5
1648142105.2796|110|响应超时|/goods/feeds?pageNum=1&pageSize=5
1648142105.3477|100|连接超时|/goods/feeds?pageNum=1&pageSize=5
1648142105.3567|100|连接超时|/goods/feeds?pageNum=1&pageSize=5
1648142105.3695|100|连接超时|/goods/feeds?pageNum=1&pageSize=5
1648142105.3824|100|连接超时|/goods/feeds?pageNum=1&pageSize=5
1648142105.4149|100|连接超时|/goods/feeds?pageNum=1&pageSize=5
1648142105.4448|100|连接超时|/goods/feeds?pageNum=1&pageSize=5
1648142105.4513|100|连接超时|/goods/feeds?pageNum=1&pageSize=5
1648142105.5022|100|连接超时|/goods/feeds?pageNum=1&pageSize=5
1648142105.5042|100|连接超时|/goods/feeds?pageNum=1&pageSize=5
1648142105.5468|100|连接超时|/goods/feeds?pageNum=1&pageSize=5
1648142105.5932|100|连接超时|/goods/feeds?pageNum=1&pageSize=5
1648142105.6162|100|连接超时|/goods/feeds?pageNum=1&pageSize=5
1648142105.6307|100|连接超时|/goods/feeds?pageNum=1&pageSize=5
1648142105.6731|100|连接超时|/goods/feeds?pageNum=1&pageSize=5
1648142105.6973|100|连接超时|/goods/feeds?pageNum=1&pageSize=5
1648142105.7036|100|连接超时|/goods/feeds?pageNum=1&pageSize=5
1648142105.7066|110|响应超时|/api/path1
1648142105.7393|100|连接超时|/goods/feeds?pageNum=1&pageSize=5
1648142105.7686|100|连接超时|/goods/feeds?pageNum=1&pageSize=5
1648142105.8161|100|连接超时|/goods/feeds?pageNum=1&pageSize=5
1648142105.8413|100|连接超时|/goods/feeds?pageNum=1&pageSize=5
1648142105.8543|100|连接超时|/goods/feeds?pageNum=1&pageSize=5
1648142105.8767|100|连接超时|/goods/feeds?pageNum=1&pageSize=5
1648142105.8937|100|连接超时|/goods/feeds?pageNum=1&pageSize=5
1648142105.9016|100|连接超时|/goods/feeds?pageNum=1&pageSize=5
1648142105.9240|100|连接超时|/goods/feeds?pageNum=1&pageSize=5
1648142105.9476|100|连接超时|/goods/feeds?pageNum=1&pageSize=5
1648142105.9540|100|连接超时|/goods/feeds?pageNum=1&pageSize=5
1648142105.9882|100|连接超时|/goods/feeds?pageNum=1&pageSize=5
1648142106.0381|100|连接超时|/goods/feeds?pageNum=1&pageSize=5
1648142106.0401|100|连接超时|/goods/feeds?pageNum=1&pageSize=5
1648142106.0411|100|连接超时|/goods/feeds?pageNum=1&pageSize=5
1648142106.0466|100|连接超时|/goods/feeds?pageNum=1&pageSize=5
1648142106.0875|100|连接超时|/goods/feeds?pageNum=1&pageSize=5
1648142106.1018|100|连接超时|/goods/feeds?pageNum=1&pageSize=5
1648142106.2056|100|连接超时|/goods/feeds?pageNum=1&pageSize=5
1648142106.2076|100|连接超时|/goods/feeds?pageNum=1&pageSize=5
1648142106.2096|100|连接超时|/goods/feeds?pageNum=1&pageSize=5
1648142106.2594|100|连接超时|/goods/feeds?pageNum=1&pageSize=5
1648142106.2703|100|连接超时|/goods/feeds?pageNum=1&pageSize=5
1648142106.2793|100|连接超时|/goods/feeds?pageNum=1&pageSize=5
1648142106.3241|100|连接超时|/goods/feeds?pageNum=1&pageSize=5
1648142106.3331|100|连接超时|/goods/feeds?pageNum=1&pageSize=5
1648142106.3426|100|连接超时|/goods/feeds?pageNum=1&pageSize=5
1648142106.4166|100|连接超时|/goods/feeds?pageNum=1&pageSize=5
1648142106.5779|130|请求发出后服务端不回响应断开连接|/api/path1
1648142106.6157|100|连接超时|/goods/feeds?pageNum=1&pageSize=5
1648142106.6227|100|连接超时|/goods/feeds?pageNum=1&pageSize=5
1648142106.6267|100|连接超时|/goods/feeds?pageNum=1&pageSize=5
1648142106.6324|100|连接超时|/goods/feeds?pageNum=1&pageSize=5
1648142106.6374|100|连接超时|/goods/feeds?pageNum=1&pageSize=5
1648142106.6910|100|连接超时|/goods/feeds?pageNum=1&pageSize=5
1648142106.6929|100|连接超时|/goods/feeds?pageNum=1&pageSize=5
1648142106.7264|100|连接超时|/goods/feeds?pageNum=1&pageSize=5
1648142106.7376|100|连接超时|/goods/feeds?pageNum=1&pageSize=5
1648142106.8568|100|连接超时|/goods/feeds?pageNum=1&pageSize=5
1648142106.8708|100|连接超时|/goods/feeds?pageNum=1&pageSize=5
1648142106.8737|100|连接超时|/goods/feeds?pageNum=1&pageSize=5
1648142106.8946|100|连接超时|/goods/feeds?pageNum=1&pageSize=5
1648142106.8966|100|连接超时|/goods/feeds?pageNum=1&pageSize=5
1648142106.9172|100|连接超时|/goods/feeds?pageNum=1&pageSize=5
1648142106.9412|100|连接超时|/goods/feeds?pageNum=1&pageSize=5
1648142106.9862|100|连接超时|/goods/feeds?pageNum=1&pageSize=5
1648142107.0225|100|连接超时|/goods/feeds?pageNum=1&pageSize=5
1648142107.0379|100|连接超时|/goods/feeds?pageNum=1&pageSize=5
1648142107.0631|100|连接超时|/goods/feeds?pageNum=1&pageSize=5
1648142107.0750|100|连接超时|/goods/feeds?pageNum=1&pageSize=5
1648142107.0981|100|连接超时|/goods/feeds?pageNum=1&pageSize=5
1648142107.1090|100|连接超时|/goods/feeds?pageNum=1&pageSize=5
1648142107.1180|100|连接超时|/goods/feeds?pageNum=1&pageSize=5
1648142107.1633|100|连接超时|/goods/feeds?pageNum=1&pageSize=5
1648142107.1829|100|连接超时|/goods/feeds?pageNum=1&pageSize=5
1648142107.2719|100|连接超时|/goods/feeds?pageNum=1&pageSize=5
1648142107.2992|100|连接超时|/goods/feeds?pageNum=1&pageSize=5
1648142107.3162|100|连接超时|/goods/feeds?pageNum=1&pageSize=5
1648142107.3217|100|连接超时|/goods/feeds?pageNum=1&pageSize=5
1648142107.3487|100|连接超时|/goods/feeds?pageNum=1&pageSize=5
1648142107.3925|100|连接超时|/goods/feeds?pageNum=1&pageSize=5
1648142107.4025|100|连接超时|/goods/feeds?pageNum=1&pageSize=5
1648142107.4492|100|连接超时|/goods/feeds?pageNum=1&pageSize=5
1648142107.4581|100|连接超时|/goods/feeds?pageNum=1&pageSize=5
1648142107.4691|100|连接超时|/goods/feeds?pageNum=1&pageSize=5
1648142107.4912|100|连接超时|/goods/feeds?pageNum=1&pageSize=5
1648142107.5112|100|连接超时|/goods/feeds?pageNum=1&pageSize=5
1648142107.6242|100|连接超时|/goods/feeds?pageNum=1&pageSize=5
1648142107.6262|100|连接超时|/goods/feeds?pageNum=1&pageSize=5
1648142107.6355|100|连接超时|/goods/feeds?pageNum=1&pageSize=5
1648142107.6822|100|连接超时|/goods/feeds?pageNum=1&pageSize=5
1648142107.6912|100|连接超时|/goods/feeds?pageNum=1&pageSize=5
1648142107.7806|100|连接超时|/goods/feeds?pageNum=1&pageSize=5
1648142107.8335|100|连接超时|/goods/feeds?pageNum=1&pageSize=5
1648142107.8457|100|连接超时|/goods/feeds?pageNum=1&pageSize=5
1648142107.9044|100|连接超时|/goods/feeds?pageNum=1&pageSize=5
1648142107.9055|100|连接超时|/goods/feeds?pageNum=1&pageSize=5
1648142107.9282|100|连接超时|/goods/feeds?pageNum=1&pageSize=5
1648142107.9386|100|连接超时|/goods/feeds?pageNum=1&pageSize=5
1648142107.9504|100|连接超时|/goods/feeds?pageNum=1&pageSize=5
1648142107.9827|100|连接超时|/goods/feeds?pageNum=1&pageSize=5
1648142107.9866|100|连接超时|/goods/feeds?pageNum=1&pageSize=5
1648142108.0251|100|连接超时|/goods/feeds?pageNum=1&pageSize=5
1648142108.0671|100|连接超时|/goods/feeds?pageNum=1&pageSize=5
1648142108.0761|100|连接超时|/goods/feeds?pageNum=1&pageSize=5
1648142108.1190|100|连接超时|/goods/feeds?pageNum=1&pageSize=5
1648142108.1547|100|连接超时|/goods/feeds?pageNum=1&pageSize=5
1648142108.1729|100|连接超时|/goods/feeds?pageNum=1&pageSize=5
1648142108.2053|100|连接超时|/goods/feeds?pageNum=1&pageSize=5
1648142108.2124|100|连接超时|/goods/feeds?pageNum=1&pageSize=5
1648142108.2376|100|连接超时|/goods/feeds?pageNum=1&pageSize=5
1648142108.3303|100|连接超时|/goods/feeds?pageNum=1&pageSize=5
1648142108.3373|100|连接超时|/goods/feeds?pageNum=1&pageSize=5
1648142108.3743|100|连接超时|/goods/feeds?pageNum=1&pageSize=5
1648142108.3854|100|连接超时|/goods/feeds?pageNum=1&pageSize=5
1648142108.4336|100|连接超时|/goods/feeds?pageNum=1&pageSize=5
1648142108.4430|100|连接超时|/goods/feeds?pageNum=1&pageSize=5
1648142108.4469|110|响应超时|/api/path1
1648142108.4529|100|连接超时|/goods/feeds?pageNum=1&pageSize=5
1648142108.4708|100|连接超时|/goods/feeds?pageNum=1&pageSize=5
1648142108.4923|100|连接超时|/goods/feeds?pageNum=1&pageSize=5
1648142108.5026|100|连接超时|/goods/feeds?pageNum=1&pageSize=5
1648142108.5127|100|连接超时|/goods/feeds?pageNum=1&pageSize=5
1648142108.6627|100|连接超时|/goods/feeds?pageNum=1&pageSize=5
1648142108.7084|100|连接超时|/goods/feeds?pageNum=1&pageSize=5
1648142108.7133|100|连接超时|/goods/feeds?pageNum=1&pageSize=5
1648142108.7282|100|连接超时|/goods/feeds?pageNum=1&pageSize=5
1648142108.7349|100|连接超时|/goods/feeds?pageNum=1&pageSize=5
1648142108.7556|100|连接超时|/goods/feeds?pageNum=1&pageSize=5
1648142108.7720|100|连接超时|/goods/feeds?pageNum=1&pageSize=5
1648142108.7932|100|连接超时|/goods/feeds?pageNum=1&pageSize=5
1648142108.8107|100|连接超时|/goods/feeds?pageNum=1&pageSize=5
1648142108.9234|100|连接超时|/goods/feeds?pageNum=1&pageSize=5
1648142108.9254|100|连接超时|/goods/feeds?pageNum=1&pageSize=5
1648142108.9444|100|连接超时|/goods/feeds?pageNum=1&pageSize=5
1648142109.0532|100|连接超时|/goods/feeds?pageNum=1&pageSize=5
1648142109.0562|100|连接超时|/goods/feeds?pageNum=1&pageSize=5
1648142109.0572|100|连接超时|/goods/feeds?pageNum=1&pageSize=5
1648142109.0591|100|连接超时|/goods/feeds?pageNum=1&pageSize=5
1648142109.1204|100|连接超时|/goods/feeds?pageNum=1&pageSize=5
1648142109.1333|100|连接超时|/goods/feeds?pageNum=1&pageSize=5
1648142109.1743|100|连接超时|/goods/feeds?pageNum=1&pageSize=5
1648142109.1774|100|连接超时|/goods/feeds?pageNum=1&pageSize=5
1648142109.1866|100|连接超时|/goods/feeds?pageNum=1&pageSize=5
1648142109.2152|100|连接超时|/goods/feeds?pageNum=1&pageSize=5
1648142109.3268|100|连接超时|/goods/feeds?pageNum=1&pageSize=5
1648142109.3278|100|连接超时|/goods/feeds?pageNum=1&pageSize=5
1648142109.3462|100|连接超时|/goods/feeds?pageNum=1&pageSize=5
1648142109.3511|100|连接超时|/goods/feeds?pageNum=1&pageSize=5
1648142109.3751|100|连接超时|/goods/feeds?pageNum=1&pageSize=5
1648142109.4543|110|响应超时|/goods/feeds?pageNum=1&pageSize=5
1648142109.4593|100|连接超时|/goods/feeds?pageNum=1&pageSize=5
1648142109.5210|100|连接超时|/goods/feeds?pageNum=1&pageSize=5
1648142109.5230|100|连接超时|/goods/feeds?pageNum=1&pageSize=5
1648142109.5260|100|连接超时|/goods/feeds?pageNum=1&pageSize=5
1648142109.5501|100|连接超时|/goods/feeds?pageNum=1&pageSize=5
1648142109.5617|100|连接超时|/goods/feeds?pageNum=1&pageSize=5
1648142109.6202|100|连接超时|/goods/feeds?pageNum=1&pageSize=5
1648142109.6341|100|连接超时|/goods/feeds?pageNum=1&pageSize=5
1648142109.6937|100|连接超时|/goods/feeds?pageNum=1&pageSize=5
1648142109.7042|100|连接超时|/goods/feeds?pageNum=1&pageSize=5
1648142109.7172|100|连接超时|/goods/feeds?pageNum=1&pageSize=5
1648142109.7272|100|连接超时|/goods/feeds?pageNum=1&pageSize=5
1648142109.7431|100|连接超时|/goods/feeds?pageNum=1&pageSize=5
1648142109.7592|100|连接超时|/goods/feeds?pageNum=1&pageSize=5
1648142109.7682|100|连接超时|/goods/feeds?pageNum=1&pageSize=5
1648142109.7802|100|连接超时|/goods/feeds?pageNum=1&pageSize=5
1648142109.7941|100|连接超时|/goods/feeds?pageNum=1&pageSize=5
1648142109.8131|100|连接超时|/goods/feeds?pageNum=1&pageSize=5
1648142109.9101|100|连接超时|/goods/feeds?pageNum=1&pageSize=5
1648142109.9213|100|连接超时|/goods/feeds?pageNum=1&pageSize=5
1648142109.9342|100|连接超时|/goods/feeds?pageNum=1&pageSize=5
1648142109.9874|100|连接超时|/goods/feeds?pageNum=1&pageSize=5
1648142109.9964|100|连接超时|/goods/feeds?pageNum=1&pageSize=5
1648142110.0173|100|连接超时|/goods/feeds?pageNum=1&pageSize=5
1648142110.0592|100|连接超时|/goods/feeds?pageNum=1&pageSize=5
1648142110.0721|100|连接超时|/goods/feeds?pageNum=1&pageSize=5
1648142110.0741|110|响应超时|/goods/feeds?pageNum=1&pageSize=5
1648142110.1039|100|连接超时|/goods/feeds?pageNum=1&pageSize=5
1648142110.1213|110|响应超时|/goods/feeds?pageNum=1&pageSize=5
1648142110.1327|100|连接超时|/goods/feeds?pageNum=1&pageSize=5
1648142110.2032|100|连接超时|/goods/feeds?pageNum=1&pageSize=5
1648142110.2124|100|连接超时|/goods/feeds?pageNum=1&pageSize=5
1648142110.2715|100|连接超时|/goods/feeds?pageNum=1&pageSize=5
1648142110.2864|100|连接超时|/goods/feeds?pageNum=1&pageSize=5
1648142110.3215|100|连接超时|/goods/feeds?pageNum=1&pageSize=5
1648142110.3348|100|连接超时|/goods/feeds?pageNum=1&pageSize=5
1648142110.3401|100|连接超时|/goods/feeds?pageNum=1&pageSize=5
1648142110.3655|100|连接超时|/goods/feeds?pageNum=1&pageSize=5
1648142110.5237|100|连接超时|/goods/feeds?pageNum=1&pageSize=5
1648142110.5992|110|响应超时|/goods/feeds?pageNum=1&pageSize=5
1648142110.6462|100|连接超时|/goods/feeds?pageNum=1&pageSize=5
1648142110.6637|100|连接超时|/goods/feeds?pageNum=1&pageSize=5
1648142110.6942|100|连接超时|/goods/feeds?pageNum=1&pageSize=5
1648142110.7098|100|连接超时|/goods/feeds?pageNum=1&pageSize=5
1648142110.7185|100|连接超时|/goods/feeds?pageNum=1&pageSize=5
1648142110.7300|100|连接超时|/goods/feeds?pageNum=1&pageSize=5
1648142110.7919|100|连接超时|/goods/feeds?pageNum=1&pageSize=5
1648142110.8321|100|连接超时|/goods/feeds?pageNum=1&pageSize=5
1648142110.8430|100|连接超时|/goods/feeds?pageNum=1&pageSize=5
1648142110.8500|110|响应超时|/goods/feeds?pageNum=1&pageSize=5
1648142110.9923|100|连接超时|/goods/feeds?pageNum=1&pageSize=5
1648142111.0182|100|连接超时|/goods/feeds?pageNum=1&pageSize=5
1648142111.0739|100|连接超时|/goods/feeds?pageNum=1&pageSize=5
1648142111.0849|100|连接超时|/goods/feeds?pageNum=1&pageSize=5
1648142111.1311|100|连接超时|/goods/feeds?pageNum=1&pageSize=5
1648142111.1341|100|连接超时|/goods/feeds?pageNum=1&pageSize=5
1648142111.1524|100|连接超时|/goods/feeds?pageNum=1&pageSize=5
1648142111.1790|100|连接超时|/goods/feeds?pageNum=1&pageSize=5
1648142111.1861|100|连接超时|/goods/feeds?pageNum=1&pageSize=5
1648142111.1920|100|连接超时|/goods/feeds?pageNum=1&pageSize=5
1648142111.2027|100|连接超时|/goods/feeds?pageNum=1&pageSize=5
1648142111.2486|100|连接超时|/goods/feeds?pageNum=1&pageSize=5
1648142111.2851|100|连接超时|/goods/feeds?pageNum=1&pageSize=5
1648142111.3159|100|连接超时|/goods/feeds?pageNum=1&pageSize=5
1648142111.3506|100|连接超时|/goods/feeds?pageNum=1&pageSize=5
1648142111.3526|100|连接超时|/goods/feeds?pageNum=1&pageSize=5
1648142111.3765|100|连接超时|/goods/feeds?pageNum=1&pageSize=5
1648142111.3795|100|连接超时|/goods/feeds?pageNum=1&pageSize=5
1648142111.4038|100|连接超时|/goods/feeds?pageNum=1&pageSize=5
1648142111.4368|100|连接超时|/goods/feeds?pageNum=1&pageSize=5
1648142111.4388|100|连接超时|/goods/feeds?pageNum=1&pageSize=5
1648142111.4534|100|连接超时|/goods/feeds?pageNum=1&pageSize=5
1648142111.4619|100|连接超时|/goods/feeds?pageNum=1&pageSize=5
1648142111.4679|100|连接超时|/goods/feeds?pageNum=1&pageSize=5
1648142111.5097|100|连接超时|/goods/feeds?pageNum=1&pageSize=5
1648142111.5117|100|连接超时|/goods/feeds?pageNum=1&pageSize=5
1648142111.5157|100|连接超时|/goods/feeds?pageNum=1&pageSize=5
1648142111.5252|100|连接超时|/goods/feeds?pageNum=1&pageSize=5
1648142111.7097|100|连接超时|/goods/feeds?pageNum=1&pageSize=5
1648142111.7251|100|连接超时|/goods/feeds?pageNum=1&pageSize=5
1648142111.7338|100|连接超时|/goods/feeds?pageNum=1&pageSize=5
1648142111.7644|100|连接超时|/goods/feeds?pageNum=1&pageSize=5
1648142111.7896|110|响应超时|/goods/feeds?pageNum=1&pageSize=5
1648142111.7962|100|连接超时|/goods/feeds?pageNum=1&pageSize=5
1648142111.8167|100|连接超时|/goods/feeds?pageNum=1&pageSize=5
1648142111.8565|100|连接超时|/goods/feeds?pageNum=1&pageSize=5
1648142111.9264|100|连接超时|/goods/feeds?pageNum=1&pageSize=5
1648142111.9543|100|连接超时|/goods/feeds?pageNum=1&pageSize=5
1648142111.9683|100|连接超时|/goods/feeds?pageNum=1&pageSize=5
1648142112.0446|100|连接超时|/goods/feeds?pageNum=1&pageSize=5
1648142112.0672|110|响应超时|/goods/feeds?pageNum=1&pageSize=5
1648142112.1001|100|连接超时|/goods/feeds?pageNum=1&pageSize=5
1648142112.1362|100|连接超时|/goods/feeds?pageNum=1&pageSize=5
1648142112.1431|100|连接超时|/goods/feeds?pageNum=1&pageSize=5
1648142112.1551|100|连接超时|/goods/feeds?pageNum=1&pageSize=5
1648142112.2372|100|连接超时|/goods/feeds?pageNum=1&pageSize=5
1648142112.3171|100|连接超时|/goods/feeds?pageNum=1&pageSize=5
1648142112.3221|100|连接超时|/goods/feeds?pageNum=1&pageSize=5
1648142112.3337|100|连接超时|/goods/feeds?pageNum=1&pageSize=5
1648142112.3462|100|连接超时|/goods/feeds?pageNum=1&pageSize=5
1648142112.3964|100|连接超时|/goods/feeds?pageNum=1&pageSize=5
1648142112.4164|100|连接超时|/goods/feeds?pageNum=1&pageSize=5
1648142112.4722|100|连接超时|/goods/feeds?pageNum=1&pageSize=5
1648142112.4932|100|连接超时|/goods/feeds?pageNum=1&pageSize=5
1648142112.5171|100|连接超时|/goods/feeds?pageNum=1&pageSize=5
1648142112.5273|100|连接超时|/goods/feeds?pageNum=1&pageSize=5
1648142112.5753|100|连接超时|/goods/feeds?pageNum=1&pageSize=5
1648142112.6893|100|连接超时|/goods/feeds?pageNum=1&pageSize=5
1648142112.7003|100|连接超时|/goods/feeds?pageNum=1&pageSize=5
1648142112.7143|100|连接超时|/goods/feeds?pageNum=1&pageSize=5
1648142112.7493|100|连接超时|/goods/feeds?pageNum=1&pageSize=5
1648142112.7792|100|连接超时|/goods/feeds?pageNum=1&pageSize=5
1648142112.8129|100|连接超时|/goods/feeds?pageNum=1&pageSize=5
1648142112.8331|100|连接超时|/goods/feeds?pageNum=1&pageSize=5
1648142112.8478|100|连接超时|/goods/feeds?pageNum=1&pageSize=5
1648142112.8742|100|连接超时|/goods/feeds?pageNum=1&pageSize=5
1648142112.8957|100|连接超时|/goods/feeds?pageNum=1&pageSize=5
1648142112.9132|110|响应超时|/goods/feeds?pageNum=1&pageSize=5
1648142112.9511|100|连接超时|/goods/feeds?pageNum=1&pageSize=5
1648142112.9946|100|连接超时|/goods/feeds?pageNum=1&pageSize=5
1648142113.0794|110|响应超时|/goods/feeds?pageNum=1&pageSize=5
1648142113.0814|100|连接超时|/goods/feeds?pageNum=1&pageSize=5
1648142113.0914|100|连接超时|/goods/feeds?pageNum=1&pageSize=5
1648142113.0943|100|连接超时|/goods/feeds?pageNum=1&pageSize=5
1648142113.1033|100|连接超时|/goods/feeds?pageNum=1&pageSize=5
1648142113.1153|100|连接超时|/goods/feeds?pageNum=1&pageSize=5
1648142113.1524|100|连接超时|/goods/feeds?pageNum=1&pageSize=5
1648142113.1637|100|连接超时|/goods/feeds?pageNum=1&pageSize=5
1648142113.1742|100|连接超时|/goods/feeds?pageNum=1&pageSize=5
1648142113.1877|100|连接超时|/goods/feeds?pageNum=1&pageSize=5
1648142113.2173|100|连接超时|/goods/feeds?pageNum=1&pageSize=5
1648142113.2252|100|连接超时|/goods/feeds?pageNum=1&pageSize=5
1648142113.2282|110|响应超时|/goods/feeds?pageNum=1&pageSize=5
1648142113.2462|100|连接超时|/goods/feeds?pageNum=1&pageSize=5
1648142113.3521|100|连接超时|/goods/feeds?pageNum=1&pageSize=5
1648142113.3741|100|连接超时|/goods/feeds?pageNum=1&pageSize=5
1648142113.3751|100|连接超时|/goods/feeds?pageNum=1&pageSize=5
1648142113.4191|100|连接超时|/goods/feeds?pageNum=1&pageSize=5
1648142113.4491|100|连接超时|/goods/feeds?pageNum=1&pageSize=5
1648142113.4617|110|响应超时|/goods/feeds?pageNum=1&pageSize=5
1648142113.4714|100|连接超时|/goods/feeds?pageNum=1&pageSize=5
1648142113.4814|100|连接超时|/goods/feeds?pageNum=1&pageSize=5
1648142113.5103|100|连接超时|/goods/feeds?pageNum=1&pageSize=5
1648142113.5322|100|连接超时|/goods/feeds?pageNum=1&pageSize=5
1648142113.5332|100|连接超时|/goods/feeds?pageNum=1&pageSize=5
1648142113.6264|100|连接超时|/goods/feeds?pageNum=1&pageSize=5
1648142113.6333|100|连接超时|/goods/feeds?pageNum=1&pageSize=5
1648142113.6453|100|连接超时|/goods/feeds?pageNum=1&pageSize=5
1648142113.6651|100|连接超时|/goods/feeds?pageNum=1&pageSize=5
1648142113.6971|100|连接超时|/goods/feeds?pageNum=1&pageSize=5
1648142113.7091|100|连接超时|/goods/feeds?pageNum=1&pageSize=5
1648142113.7282|100|连接超时|/goods/feeds?pageNum=1&pageSize=5
1648142113.7516|100|连接超时|/goods/feeds?pageNum=1&pageSize=5
1648142113.7645|100|连接超时|/goods/feeds?pageNum=1&pageSize=5
1648142113.7892|100|连接超时|/goods/feeds?pageNum=1&pageSize=5
1648142113.7962|100|连接超时|/goods/feeds?pageNum=1&pageSize=5
1648142113.8311|100|连接超时|/goods/feeds?pageNum=1&pageSize=5
1648142113.8446|100|连接超时|/goods/feeds?pageNum=1&pageSize=5
1648142113.8644|100|连接超时|/goods/feeds?pageNum=1&pageSize=5
1648142113.9043|100|连接超时|/goods/feeds?pageNum=1&pageSize=5
1648142113.9932|100|连接超时|/goods/feeds?pageNum=1&pageSize=5
1648142114.0583|100|连接超时|/goods/feeds?pageNum=1&pageSize=5
1648142114.0752|100|连接超时|/goods/feeds?pageNum=1&pageSize=5
1648142114.0911|100|连接超时|/goods/feeds?pageNum=1&pageSize=5
1648142114.1098|100|连接超时|/goods/feeds?pageNum=1&pageSize=5
1648142114.1117|110|响应超时|/goods/feeds?pageNum=1&pageSize=5
1648142114.1564|100|连接超时|/goods/feeds?pageNum=1&pageSize=5
1648142114.1624|100|连接超时|/goods/feeds?pageNum=1&pageSize=5
1648142114.1893|100|连接超时|/goods/feeds?pageNum=1&pageSize=5
1648142114.1993|100|连接超时|/goods/feeds?pageNum=1&pageSize=5
1648142114.2133|100|连接超时|/goods/feeds?pageNum=1&pageSize=5
1648142114.2322|100|连接超时|/goods/feeds?pageNum=1&pageSize=5
1648142114.2416|110|响应超时|/api/path1
1648142114.3591|100|连接超时|/goods/feeds?pageNum=1&pageSize=5
1648142114.3973|100|连接超时|/goods/feeds?pageNum=1&pageSize=5
1648142114.4103|100|连接超时|/goods/feeds?pageNum=1&pageSize=5
1648142114.4163|100|连接超时|/goods/feeds?pageNum=1&pageSize=5
1648142114.4622|110|响应超时|/goods/feeds?pageNum=1&pageSize=5
1648142114.4731|100|连接超时|/goods/feeds?pageNum=1&pageSize=5
1648142114.5431|100|连接超时|/goods/feeds?pageNum=1&pageSize=5
1648142114.5501|100|连接超时|/goods/feeds?pageNum=1&pageSize=5
1648142114.7142|100|连接超时|/goods/feeds?pageNum=1&pageSize=5
1648142114.7661|100|连接超时|/goods/feeds?pageNum=1&pageSize=5
1648142114.7737|100|连接超时|/goods/feeds?pageNum=1&pageSize=5
1648142114.7831|100|连接超时|/goods/feeds?pageNum=1&pageSize=5
1648142114.8049|100|连接超时|/goods/feeds?pageNum=1&pageSize=5
1648142114.8137|100|连接超时|/goods/feeds?pageNum=1&pageSize=5
1648142114.8317|100|连接超时|/goods/feeds?pageNum=1&pageSize=5
1648142114.8756|100|连接超时|/goods/feeds?pageNum=1&pageSize=5
1648142114.8912|100|连接超时|/goods/feeds?pageNum=1&pageSize=5
1648142114.8952|100|连接超时|/goods/feeds?pageNum=1&pageSize=5
1648142114.9118|100|连接超时|/goods/feeds?pageNum=1&pageSize=5
1648142114.9197|100|连接超时|/goods/feeds?pageNum=1&pageSize=5
1648142114.9309|100|连接超时|/goods/feeds?pageNum=1&pageSize=5
1648142114.9434|100|连接超时|/goods/feeds?pageNum=1&pageSize=5
1648142115.0222|100|连接超时|/goods/feeds?pageNum=1&pageSize=5
1648142115.0527|100|连接超时|/goods/feeds?pageNum=1&pageSize=5
1648142115.0763|100|连接超时|/goods/feeds?pageNum=1&pageSize=5
1648142115.0834|100|连接超时|/goods/feeds?pageNum=1&pageSize=5
1648142115.0893|100|连接超时|/goods/feeds?pageNum=1&pageSize=5
1648142115.1186|100|连接超时|/goods/feeds?pageNum=1&pageSize=5
1648142115.1832|100|连接超时|/goods/feeds?pageNum=1&pageSize=5
1648142115.1941|100|连接超时|/goods/feeds?pageNum=1&pageSize=5
1648142115.2031|100|连接超时|/goods/feeds?pageNum=1&pageSize=5
1648142115.2236|100|连接超时|/goods/feeds?pageNum=1&pageSize=5
1648142115.2318|100|连接超时|/goods/feeds?pageNum=1&pageSize=5
1648142115.2633|100|连接超时|/goods/feeds?pageNum=1&pageSize=5
1648142115.2813|100|连接超时|/goods/feeds?pageNum=1&pageSize=5
1648142115.2833|100|连接超时|/goods/feeds?pageNum=1&pageSize=5
1648142115.3052|100|连接超时|/goods/feeds?pageNum=1&pageSize=5
1648142115.3221|100|连接超时|/goods/feeds?pageNum=1&pageSize=5
1648142115.3361|100|连接超时|/goods/feeds?pageNum=1&pageSize=5
1648142115.3447|100|连接超时|/goods/feeds?pageNum=1&pageSize=5
1648142115.3595|100|连接超时|/goods/feeds?pageNum=1&pageSize=5
1648142115.3781|100|连接超时|/goods/feeds?pageNum=1&pageSize=5
1648142115.4181|100|连接超时|/goods/feeds?pageNum=1&pageSize=5
1648142115.4539|100|连接超时|/goods/feeds?pageNum=1&pageSize=5
1648142115.4589|100|连接超时|/goods/feeds?pageNum=1&pageSize=5
1648142115.4744|100|连接超时|/goods/feeds?pageNum=1&pageSize=5
1648142115.4857|100|连接超时|/goods/feeds?pageNum=1&pageSize=5
1648142115.5352|130|请求发出后服务端不回响应断开连接|/api/path1
1648142115.5532|100|连接超时|/goods/feeds?pageNum=1&pageSize=5
1648142115.6072|100|连接超时|/goods/feeds?pageNum=1&pageSize=5
1648142115.6446|100|连接超时|/goods/feeds?pageNum=1&pageSize=5
1648142115.6570|100|连接超时|/goods/feeds?pageNum=1&pageSize=5
1648142115.6838|100|连接超时|/goods/feeds?pageNum=1&pageSize=5
1648142115.7289|100|连接超时|/goods/feeds?pageNum=1&pageSize=5
1648142115.7428|100|连接超时|/goods/feeds?pageNum=1&pageSize=5
1648142115.7642|100|连接超时|/goods/feeds?pageNum=1&pageSize=5
1648142115.7753|100|连接超时|/goods/feeds?pageNum=1&pageSize=5
1648142115.7962|100|连接超时|/goods/feeds?pageNum=1&pageSize=5
1648142115.8178|100|连接超时|/goods/feeds?pageNum=1&pageSize=5
1648142115.8435|100|连接超时|/goods/feeds?pageNum=1&pageSize=5
1648142115.9048|100|连接超时|/goods/feeds?pageNum=1&pageSize=5
1648142115.9293|100|连接超时|/goods/feeds?pageNum=1&pageSize=5
1648142115.9373|100|连接超时|/goods/feeds?pageNum=1&pageSize=5
1648142115.9922|100|连接超时|/goods/feeds?pageNum=1&pageSize=5
1648142116.0272|100|连接超时|/goods/feeds?pageNum=1&pageSize=5
1648142116.0791|100|连接超时|/goods/feeds?pageNum=1&pageSize=5
1648142116.0906|100|连接超时|/goods/feeds?pageNum=1&pageSize=5
1648142116.1053|100|连接超时|/goods/feeds?pageNum=1&pageSize=5
1648142116.1352|100|连接超时|/goods/feeds?pageNum=1&pageSize=5
1648142116.1482|100|连接超时|/goods/feeds?pageNum=1&pageSize=5
1648142116.2123|100|连接超时|/goods/feeds?pageNum=1&pageSize=5
1648142116.2133|100|连接超时|/goods/feeds?pageNum=1&pageSize=5
1648142116.2183|100|连接超时|/goods/feeds?pageNum=1&pageSize=5
1648142116.2947|100|连接超时|/goods/feeds?pageNum=1&pageSize=5
1648142116.2987|100|连接超时|/goods/feeds?pageNum=1&pageSize=5
1648142116.3133|100|连接超时|/goods/feeds?pageNum=1&pageSize=5
1648142116.3284|100|连接超时|/goods/feeds?pageNum=1&pageSize=5
1648142116.3473|100|连接超时|/goods/feeds?pageNum=1&pageSize=5
1648142116.3516|100|连接超时|/goods/feeds?pageNum=1&pageSize=5
1648142116.3826|100|连接超时|/goods/feeds?pageNum=1&pageSize=5
1648142116.4242|100|连接超时|/goods/feeds?pageNum=1&pageSize=5
1648142116.4372|100|连接超时|/goods/feeds?pageNum=1&pageSize=5
1648142116.4703|100|连接超时|/goods/feeds?pageNum=1&pageSize=5
1648142116.4813|100|连接超时|/goods/feeds?pageNum=1&pageSize=5
1648142116.5341|100|连接超时|/goods/feeds?pageNum=1&pageSize=5
1648142116.5491|100|连接超时|/goods/feeds?pageNum=1&pageSize=5
1648142116.5851|110|响应超时|/goods/feeds?pageNum=1&pageSize=5
1648142116.6462|100|连接超时|/goods/feeds?pageNum=1&pageSize=5
1648142116.6552|100|连接超时|/goods/feeds?pageNum=1&pageSize=5
1648142116.6642|100|连接超时|/goods/feeds?pageNum=1&pageSize=5
1648142116.6981|100|连接超时|/goods/feeds?pageNum=1&pageSize=5
1648142116.7332|100|连接超时|/goods/feeds?pageNum=1&pageSize=5
1648142116.7442|100|连接超时|/goods/feeds?pageNum=1&pageSize=5
1648142116.7687|100|连接超时|/goods/feeds?pageNum=1&pageSize=5
1648142116.7804|100|连接超时|/goods/feeds?pageNum=1&pageSize=5
1648142116.8511|100|连接超时|/goods/feeds?pageNum=1&pageSize=5
1648142116.8612|100|连接超时|/goods/feeds?pageNum=1&pageSize=5
1648142116.8767|100|连接超时|/goods/feeds?pageNum=1&pageSize=5
1648142116.8973|100|连接超时|/goods/feeds?pageNum=1&pageSize=5
1648142116.9151|100|连接超时|/goods/feeds?pageNum=1&pageSize=5
1648142116.9662|100|连接超时|/goods/feeds?pageNum=1&pageSize=5
1648142116.9911|100|连接超时|/goods/feeds?pageNum=1&pageSize=5
1648142117.0071|100|连接超时|/goods/feeds?pageNum=1&pageSize=5
1648142117.0168|100|连接超时|/goods/feeds?pageNum=1&pageSize=5
1648142117.0301|100|连接超时|/goods/feeds?pageNum=1&pageSize=5
1648142117.0453|100|连接超时|/goods/feeds?pageNum=1&pageSize=5
1648142117.0483|100|连接超时|/goods/feeds?pageNum=1&pageSize=5
1648142117.0702|100|连接超时|/goods/feeds?pageNum=1&pageSize=5
1648142117.0892|100|连接超时|/goods/feeds?pageNum=1&pageSize=5
1648142117.1017|100|连接超时|/goods/feeds?pageNum=1&pageSize=5
1648142117.1152|100|连接超时|/goods/feeds?pageNum=1&pageSize=5
1648142117.1337|100|连接超时|/goods/feeds?pageNum=1&pageSize=5
1648142117.1429|110|响应超时|/api/path1
1648142117.1598|100|连接超时|/goods/feeds?pageNum=1&pageSize=5
