1648122069.6840|100|连接超时|/goods/feeds?pageNum=1&pageSize=5
1648122069.6850|100|连接超时|/goods/feeds?pageNum=1&pageSize=5
1648122069.6860|100|连接超时|/goods/feeds?pageNum=1&pageSize=5
1648122069.6860|100|连接超时|/goods/feeds?pageNum=1&pageSize=5
1648122069.6870|100|连接超时|/goods/feeds?pageNum=1&pageSize=5
1648122069.6880|100|连接超时|/goods/feeds?pageNum=1&pageSize=5
1648122069.6880|100|连接超时|/goods/feeds?pageNum=1&pageSize=5
1648122069.6890|100|连接超时|/goods/feeds?pageNum=1&pageSize=5
1648122069.6900|100|连接超时|/goods/feeds?pageNum=1&pageSize=5
1648122069.6906|100|连接超时|/goods/feeds?pageNum=1&pageSize=5
1648122069.6916|100|连接超时|/goods/feeds?pageNum=1&pageSize=5
1648122069.6916|100|连接超时|/goods/feeds?pageNum=1&pageSize=5
1648122069.6926|100|连接超时|/goods/feeds?pageNum=1&pageSize=5
1648122069.6926|100|连接超时|/goods/feeds?pageNum=1&pageSize=5
1648122069.6936|100|连接超时|/goods/feeds?pageNum=1&pageSize=5
1648122069.6936|100|连接超时|/goods/feeds?pageNum=1&pageSize=5
1648122069.6956|100|连接超时|/goods/feeds?pageNum=1&pageSize=5
1648122069.6966|100|连接超时|/goods/feeds?pageNum=1&pageSize=5
1648122069.6976|100|连接超时|/goods/feeds?pageNum=1&pageSize=5
1648122069.7032|100|连接超时|/goods/feeds?pageNum=1&pageSize=5
1648122069.7042|100|连接超时|/goods/feeds?pageNum=1&pageSize=5
1648122069.7052|100|连接超时|/goods/feeds?pageNum=1&pageSize=5
1648122069.7052|100|连接超时|/goods/feeds?pageNum=1&pageSize=5
1648122069.7062|100|连接超时|/goods/feeds?pageNum=1&pageSize=5
1648122069.7062|100|连接超时|/goods/feeds?pageNum=1&pageSize=5
1648122069.7072|100|连接超时|/goods/feeds?pageNum=1&pageSize=5
1648122069.7082|100|连接超时|/goods/feeds?pageNum=1&pageSize=5
1648122069.7092|100|连接超时|/goods/feeds?pageNum=1&pageSize=5
1648122069.7092|100|连接超时|/goods/feeds?pageNum=1&pageSize=5
1648122069.7102|100|连接超时|/goods/feeds?pageNum=1&pageSize=5
1648122069.7112|100|连接超时|/goods/feeds?pageNum=1&pageSize=5
1648122069.7112|100|连接超时|/goods/feeds?pageNum=1&pageSize=5
1648122069.7122|100|连接超时|/goods/feeds?pageNum=1&pageSize=5
1648122069.7132|100|连接超时|/goods/feeds?pageNum=1&pageSize=5
1648122069.7142|100|连接超时|/goods/feeds?pageNum=1&pageSize=5
1648122069.7172|100|连接超时|/goods/feeds?pageNum=1&pageSize=5
1648122069.7242|100|连接超时|/goods/feeds?pageNum=1&pageSize=5
1648122069.7252|100|连接超时|/goods/feeds?pageNum=1&pageSize=5
1648122069.7262|100|连接超时|/goods/feeds?pageNum=1&pageSize=5
1648122069.7262|100|连接超时|/goods/feeds?pageNum=1&pageSize=5
1648122069.7272|100|连接超时|/goods/feeds?pageNum=1&pageSize=5
1648122069.7282|100|连接超时|/goods/feeds?pageNum=1&pageSize=5
1648122069.7282|100|连接超时|/goods/feeds?pageNum=1&pageSize=5
1648122069.7292|100|连接超时|/goods/feeds?pageNum=1&pageSize=5
1648122069.7337|100|连接超时|/goods/feeds?pageNum=1&pageSize=5
1648122069.7367|100|连接超时|/goods/feeds?pageNum=1&pageSize=5
1648122069.7397|100|连接超时|/goods/feeds?pageNum=1&pageSize=5
1648122069.7403|100|连接超时|/goods/feeds?pageNum=1&pageSize=5
1648122069.7413|100|连接超时|/goods/feeds?pageNum=1&pageSize=5
1648122069.7413|100|连接超时|/goods/feeds?pageNum=1&pageSize=5
1648122069.7423|100|连接超时|/goods/feeds?pageNum=1&pageSize=5
1648122069.7482|100|连接超时|/goods/feeds?pageNum=1&pageSize=5
1648122069.7482|100|连接超时|/goods/feeds?pageNum=1&pageSize=5
1648122069.7522|100|连接超时|/goods/feeds?pageNum=1&pageSize=5
1648122069.7552|100|连接超时|/goods/feeds?pageNum=1&pageSize=5
1648122069.7552|100|连接超时|/goods/feeds?pageNum=1&pageSize=5
1648122069.7562|100|连接超时|/goods/feeds?pageNum=1&pageSize=5
1648122069.7562|100|连接超时|/goods/feeds?pageNum=1&pageSize=5
1648122069.7572|100|连接超时|/goods/feeds?pageNum=1&pageSize=5
1648122069.7572|100|连接超时|/goods/feeds?pageNum=1&pageSize=5
1648122069.7582|100|连接超时|/goods/feeds?pageNum=1&pageSize=5
1648122069.7582|100|连接超时|/goods/feeds?pageNum=1&pageSize=5
1648122069.7592|100|连接超时|/goods/feeds?pageNum=1&pageSize=5
1648122069.7592|100|连接超时|/goods/feeds?pageNum=1&pageSize=5
1648122069.7602|100|连接超时|/goods/feeds?pageNum=1&pageSize=5
1648122069.7612|100|连接超时|/goods/feeds?pageNum=1&pageSize=5
1648122069.7662|100|连接超时|/goods/feeds?pageNum=1&pageSize=5
1648122069.7682|100|连接超时|/goods/feeds?pageNum=1&pageSize=5
1648122069.7752|100|连接超时|/goods/feeds?pageNum=1&pageSize=5
1648122069.7752|100|连接超时|/goods/feeds?pageNum=1&pageSize=5
1648122069.7762|100|连接超时|/goods/feeds?pageNum=1&pageSize=5
1648122069.7792|100|连接超时|/goods/feeds?pageNum=1&pageSize=5
1648122069.7802|100|连接超时|/goods/feeds?pageNum=1&pageSize=5
1648122069.7808|100|连接超时|/goods/feeds?pageNum=1&pageSize=5
1648122069.7818|100|连接超时|/goods/feeds?pageNum=1&pageSize=5
1648122069.7818|100|连接超时|/goods/feeds?pageNum=1&pageSize=5
1648122069.7828|100|连接超时|/goods/feeds?pageNum=1&pageSize=5
1648122069.7838|100|连接超时|/goods/feeds?pageNum=1&pageSize=5
1648122069.7838|100|连接超时|/goods/feeds?pageNum=1&pageSize=5
1648122069.7867|100|连接超时|/goods/feeds?pageNum=1&pageSize=5
1648122069.7877|100|连接超时|/goods/feeds?pageNum=1&pageSize=5
1648122069.7887|100|连接超时|/goods/feeds?pageNum=1&pageSize=5
1648122069.7887|100|连接超时|/goods/feeds?pageNum=1&pageSize=5
1648122069.7897|100|连接超时|/goods/feeds?pageNum=1&pageSize=5
1648122069.7904|100|连接超时|/goods/feeds?pageNum=1&pageSize=5
1648122069.7914|100|连接超时|/goods/feeds?pageNum=1&pageSize=5
1648122069.7954|100|连接超时|/goods/feeds?pageNum=1&pageSize=5
1648122069.7964|100|连接超时|/goods/feeds?pageNum=1&pageSize=5
1648122069.7974|100|连接超时|/goods/feeds?pageNum=1&pageSize=5
1648122069.7974|100|连接超时|/goods/feeds?pageNum=1&pageSize=5
1648122069.7984|100|连接超时|/goods/feeds?pageNum=1&pageSize=5
1648122069.7984|100|连接超时|/goods/feeds?pageNum=1&pageSize=5
1648122069.8043|100|连接超时|/goods/feeds?pageNum=1&pageSize=5
1648122069.8043|100|连接超时|/goods/feeds?pageNum=1&pageSize=5
1648122069.8053|100|连接超时|/goods/feeds?pageNum=1&pageSize=5
1648122069.8053|100|连接超时|/goods/feeds?pageNum=1&pageSize=5
1648122069.8063|100|连接超时|/goods/feeds?pageNum=1&pageSize=5
1648122069.8073|100|连接超时|/goods/feeds?pageNum=1&pageSize=5
1648122069.8103|100|连接超时|/goods/feeds?pageNum=1&pageSize=5
1648122069.8113|100|连接超时|/goods/feeds?pageNum=1&pageSize=5
1648122069.8123|100|连接超时|/goods/feeds?pageNum=1&pageSize=5
1648122069.8123|100|连接超时|/goods/feeds?pageNum=1&pageSize=5
1648122069.8133|100|连接超时|/goods/feeds?pageNum=1&pageSize=5
1648122069.8143|100|连接超时|/goods/feeds?pageNum=1&pageSize=5
1648122069.8143|100|连接超时|/goods/feeds?pageNum=1&pageSize=5
1648122069.8153|100|连接超时|/goods/feeds?pageNum=1&pageSize=5
1648122069.8153|100|连接超时|/goods/feeds?pageNum=1&pageSize=5
1648122069.8163|100|连接超时|/goods/feeds?pageNum=1&pageSize=5
1648122069.8173|100|连接超时|/goods/feeds?pageNum=1&pageSize=5
1648122069.8193|100|连接超时|/goods/feeds?pageNum=1&pageSize=5
1648122069.8193|100|连接超时|/goods/feeds?pageNum=1&pageSize=5
1648122069.8203|100|连接超时|/goods/feeds?pageNum=1&pageSize=5
1648122069.8223|100|连接超时|/goods/feeds?pageNum=1&pageSize=5
1648122069.8263|100|连接超时|/goods/feeds?pageNum=1&pageSize=5
1648122069.8273|100|连接超时|/goods/feeds?pageNum=1&pageSize=5
1648122069.8283|100|连接超时|/goods/feeds?pageNum=1&pageSize=5
1648122069.8293|100|连接超时|/goods/feeds?pageNum=1&pageSize=5
1648122069.8343|100|连接超时|/goods/feeds?pageNum=1&pageSize=5
1648122069.8353|100|连接超时|/goods/feeds?pageNum=1&pageSize=5
1648122069.8363|100|连接超时|/goods/feeds?pageNum=1&pageSize=5
1648122069.8363|100|连接超时|/goods/feeds?pageNum=1&pageSize=5
1648122069.8373|100|连接超时|/goods/feeds?pageNum=1&pageSize=5
1648122069.8392|100|连接超时|/goods/feeds?pageNum=1&pageSize=5
1648122069.8422|100|连接超时|/goods/feeds?pageNum=1&pageSize=5
1648122069.8432|100|连接超时|/goods/feeds?pageNum=1&pageSize=5
1648122069.8432|100|连接超时|/goods/feeds?pageNum=1&pageSize=5
1648122069.8432|100|连接超时|/goods/feeds?pageNum=1&pageSize=5
1648122069.8442|100|连接超时|/goods/feeds?pageNum=1&pageSize=5
1648122069.8442|100|连接超时|/goods/feeds?pageNum=1&pageSize=5
1648122069.8452|100|连接超时|/goods/feeds?pageNum=1&pageSize=5
1648122069.8462|100|连接超时|/goods/feeds?pageNum=1&pageSize=5
1648122069.8462|100|连接超时|/goods/feeds?pageNum=1&pageSize=5
1648122069.8528|100|连接超时|/goods/feeds?pageNum=1&pageSize=5
1648122069.8537|100|连接超时|/goods/feeds?pageNum=1&pageSize=5
1648122069.8577|100|连接超时|/goods/feeds?pageNum=1&pageSize=5
1648122069.8613|100|连接超时|/goods/feeds?pageNum=1&pageSize=5
1648122069.8613|100|连接超时|/goods/feeds?pageNum=1&pageSize=5
1648122069.8623|100|连接超时|/goods/feeds?pageNum=1&pageSize=5
1648122069.8633|100|连接超时|/goods/feeds?pageNum=1&pageSize=5
1648122069.8693|100|连接超时|/goods/feeds?pageNum=1&pageSize=5
1648122069.8703|100|连接超时|/goods/feeds?pageNum=1&pageSize=5
1648122069.8703|100|连接超时|/goods/feeds?pageNum=1&pageSize=5
1648122069.8743|100|连接超时|/goods/feeds?pageNum=1&pageSize=5
1648122069.8753|100|连接超时|/goods/feeds?pageNum=1&pageSize=5
1648122069.8763|100|连接超时|/goods/feeds?pageNum=1&pageSize=5
1648122069.8763|100|连接超时|/goods/feeds?pageNum=1&pageSize=5
1648122069.8773|100|连接超时|/goods/feeds?pageNum=1&pageSize=5
1648122069.8773|100|连接超时|/goods/feeds?pageNum=1&pageSize=5
1648122069.8783|100|连接超时|/goods/feeds?pageNum=1&pageSize=5
1648122069.8783|100|连接超时|/goods/feeds?pageNum=1&pageSize=5
1648122069.8793|100|连接超时|/goods/feeds?pageNum=1&pageSize=5
1648122069.8793|100|连接超时|/goods/feeds?pageNum=1&pageSize=5
1648122069.8803|100|连接超时|/goods/feeds?pageNum=1&pageSize=5
1648122069.8813|100|连接超时|/goods/feeds?pageNum=1&pageSize=5
1648122069.8813|100|连接超时|/goods/feeds?pageNum=1&pageSize=5
1648122069.8902|100|连接超时|/goods/feeds?pageNum=1&pageSize=5
1648122069.8962|100|连接超时|/goods/feeds?pageNum=1&pageSize=5
1648122069.8972|100|连接超时|/goods/feeds?pageNum=1&pageSize=5
1648122069.8982|100|连接超时|/goods/feeds?pageNum=1&pageSize=5
1648122069.8982|100|连接超时|/goods/feeds?pageNum=1&pageSize=5
1648122069.8992|100|连接超时|/goods/feeds?pageNum=1&pageSize=5
1648122069.9002|100|连接超时|/goods/feeds?pageNum=1&pageSize=5
1648122069.9012|100|连接超时|/goods/feeds?pageNum=1&pageSize=5
1648122069.9072|100|连接超时|/goods/feeds?pageNum=1&pageSize=5
1648122069.9092|100|连接超时|/goods/feeds?pageNum=1&pageSize=5
1648122069.9111|100|连接超时|/goods/feeds?pageNum=1&pageSize=5
1648122069.9122|100|连接超时|/goods/feeds?pageNum=1&pageSize=5
1648122069.9122|100|连接超时|/goods/feeds?pageNum=1&pageSize=5
1648122069.9132|100|连接超时|/goods/feeds?pageNum=1&pageSize=5
1648122069.9132|100|连接超时|/goods/feeds?pageNum=1&pageSize=5
1648122069.9142|100|连接超时|/goods/feeds?pageNum=1&pageSize=5
1648122069.9152|100|连接超时|/goods/feeds?pageNum=1&pageSize=5
1648122069.9152|100|连接超时|/goods/feeds?pageNum=1&pageSize=5
1648122069.9162|100|连接超时|/goods/feeds?pageNum=1&pageSize=5
1648122069.9162|100|连接超时|/goods/feeds?pageNum=1&pageSize=5
1648122069.9213|100|连接超时|/goods/feeds?pageNum=1&pageSize=5
1648122069.9222|100|连接超时|/goods/feeds?pageNum=1&pageSize=5
1648122069.9281|100|连接超时|/goods/feeds?pageNum=1&pageSize=5
1648122069.9291|100|连接超时|/goods/feeds?pageNum=1&pageSize=5
1648122069.9301|100|连接超时|/goods/feeds?pageNum=1&pageSize=5
1648122069.9301|100|连接超时|/goods/feeds?pageNum=1&pageSize=5
1648122069.9311|100|连接超时|/goods/feeds?pageNum=1&pageSize=5
1648122069.9311|100|连接超时|/goods/feeds?pageNum=1&pageSize=5
1648122069.9321|100|连接超时|/goods/feeds?pageNum=1&pageSize=5
1648122069.9331|100|连接超时|/goods/feeds?pageNum=1&pageSize=5
1648122069.9361|100|连接超时|/goods/feeds?pageNum=1&pageSize=5
1648122069.9427|100|连接超时|/goods/feeds?pageNum=1&pageSize=5
1648122069.9427|100|连接超时|/goods/feeds?pageNum=1&pageSize=5
1648122069.9447|100|连接超时|/goods/feeds?pageNum=1&pageSize=5
1648122069.9457|100|连接超时|/goods/feeds?pageNum=1&pageSize=5
1648122069.9467|100|连接超时|/goods/feeds?pageNum=1&pageSize=5
1648122069.9477|100|连接超时|/goods/feeds?pageNum=1&pageSize=5
1648122069.9477|100|连接超时|/goods/feeds?pageNum=1&pageSize=5
1648122069.9505|100|连接超时|/goods/feeds?pageNum=1&pageSize=5
1648122069.9525|100|连接超时|/goods/feeds?pageNum=1&pageSize=5
1648122069.9534|100|连接超时|/goods/feeds?pageNum=1&pageSize=5
1648122069.9534|100|连接超时|/goods/feeds?pageNum=1&pageSize=5
1648122069.9544|100|连接超时|/goods/feeds?pageNum=1&pageSize=5
1648122069.9544|100|连接超时|/goods/feeds?pageNum=1&pageSize=5
1648122069.9554|100|连接超时|/goods/feeds?pageNum=1&pageSize=5
1648122069.9554|100|连接超时|/goods/feeds?pageNum=1&pageSize=5
1648122069.9564|100|连接超时|/goods/feeds?pageNum=1&pageSize=5
1648122069.9564|100|连接超时|/goods/feeds?pageNum=1&pageSize=5
1648122069.9574|100|连接超时|/goods/feeds?pageNum=1&pageSize=5
1648122069.9574|100|连接超时|/goods/feeds?pageNum=1&pageSize=5
1648122069.9644|100|连接超时|/goods/feeds?pageNum=1&pageSize=5
1648122069.9654|100|连接超时|/goods/feeds?pageNum=1&pageSize=5
1648122069.9664|100|连接超时|/goods/feeds?pageNum=1&pageSize=5
1648122069.9674|100|连接超时|/goods/feeds?pageNum=1&pageSize=5
1648122069.9684|100|连接超时|/goods/feeds?pageNum=1&pageSize=5
1648122069.9694|100|连接超时|/goods/feeds?pageNum=1&pageSize=5
1648122069.9704|100|连接超时|/goods/feeds?pageNum=1&pageSize=5
1648122069.9704|100|连接超时|/goods/feeds?pageNum=1&pageSize=5
1648122069.9714|100|连接超时|/goods/feeds?pageNum=1&pageSize=5
1648122069.9714|100|连接超时|/goods/feeds?pageNum=1&pageSize=5
1648122069.9724|100|连接超时|/goods/feeds?pageNum=1&pageSize=5
1648122069.9724|100|连接超时|/goods/feeds?pageNum=1&pageSize=5
1648122069.9734|100|连接超时|/goods/feeds?pageNum=1&pageSize=5
1648122069.9744|100|连接超时|/goods/feeds?pageNum=1&pageSize=5
1648122069.9744|100|连接超时|/goods/feeds?pageNum=1&pageSize=5
1648122069.9754|100|连接超时|/goods/feeds?pageNum=1&pageSize=5
1648122069.9764|100|连接超时|/goods/feeds?pageNum=1&pageSize=5
1648122069.9764|100|连接超时|/goods/feeds?pageNum=1&pageSize=5
1648122069.9844|100|连接超时|/goods/feeds?pageNum=1&pageSize=5
1648122069.9864|100|连接超时|/goods/feeds?pageNum=1&pageSize=5
1648122069.9864|100|连接超时|/goods/feeds?pageNum=1&pageSize=5
1648122069.9874|100|连接超时|/goods/feeds?pageNum=1&pageSize=5
1648122069.9874|100|连接超时|/goods/feeds?pageNum=1&pageSize=5
1648122069.9884|100|连接超时|/goods/feeds?pageNum=1&pageSize=5
1648122069.9923|100|连接超时|/goods/feeds?pageNum=1&pageSize=5
1648122069.9933|100|连接超时|/goods/feeds?pageNum=1&pageSize=5
1648122069.9933|100|连接超时|/goods/feeds?pageNum=1&pageSize=5
1648122069.9953|100|连接超时|/goods/feeds?pageNum=1&pageSize=5
1648122069.9973|100|连接超时|/goods/feeds?pageNum=1&pageSize=5
1648122069.9983|100|连接超时|/goods/feeds?pageNum=1&pageSize=5
1648122069.9993|100|连接超时|/goods/feeds?pageNum=1&pageSize=5
1648122070.0015|100|连接超时|/goods/feeds?pageNum=1&pageSize=5
1648122070.0023|100|连接超时|/goods/feeds?pageNum=1&pageSize=5
1648122070.0023|100|连接超时|/goods/feeds?pageNum=1&pageSize=5
1648122070.0033|100|连接超时|/goods/feeds?pageNum=1&pageSize=5
1648122070.0043|100|连接超时|/goods/feeds?pageNum=1&pageSize=5
1648122070.0043|100|连接超时|/goods/feeds?pageNum=1&pageSize=5
1648122070.0053|100|连接超时|/goods/feeds?pageNum=1&pageSize=5
1648122070.0053|100|连接超时|/goods/feeds?pageNum=1&pageSize=5
1648122070.0063|100|连接超时|/goods/feeds?pageNum=1&pageSize=5
1648122070.0073|100|连接超时|/goods/feeds?pageNum=1&pageSize=5
1648122070.0083|100|连接超时|/goods/feeds?pageNum=1&pageSize=5
1648122070.0093|100|连接超时|/goods/feeds?pageNum=1&pageSize=5
1648122070.0118|100|连接超时|/goods/feeds?pageNum=1&pageSize=5
1648122070.0138|100|连接超时|/goods/feeds?pageNum=1&pageSize=5
1648122070.0148|100|连接超时|/goods/feeds?pageNum=1&pageSize=5
1648122070.0158|100|连接超时|/goods/feeds?pageNum=1&pageSize=5
1648122070.0168|100|连接超时|/goods/feeds?pageNum=1&pageSize=5
1648122070.0178|100|连接超时|/goods/feeds?pageNum=1&pageSize=5
1648122070.0188|100|连接超时|/goods/feeds?pageNum=1&pageSize=5
1648122070.0198|100|连接超时|/goods/feeds?pageNum=1&pageSize=5
1648122070.0243|100|连接超时|/goods/feeds?pageNum=1&pageSize=5
1648122070.0253|100|连接超时|/goods/feeds?pageNum=1&pageSize=5
1648122070.0283|100|连接超时|/goods/feeds?pageNum=1&pageSize=5
1648122070.0283|100|连接超时|/goods/feeds?pageNum=1&pageSize=5
1648122070.0303|100|连接超时|/goods/feeds?pageNum=1&pageSize=5
1648122070.0315|100|连接超时|/goods/feeds?pageNum=1&pageSize=5
1648122070.0323|100|连接超时|/goods/feeds?pageNum=1&pageSize=5
1648122070.0343|100|连接超时|/goods/feeds?pageNum=1&pageSize=5
1648122070.0353|100|连接超时|/goods/feeds?pageNum=1&pageSize=5
1648122070.0363|100|连接超时|/goods/feeds?pageNum=1&pageSize=5
1648122070.0363|100|连接超时|/goods/feeds?pageNum=1&pageSize=5
1648122070.0373|100|连接超时|/goods/feeds?pageNum=1&pageSize=5
1648122070.0383|100|连接超时|/goods/feeds?pageNum=1&pageSize=5
1648122070.0383|100|连接超时|/goods/feeds?pageNum=1&pageSize=5
1648122070.0393|100|连接超时|/goods/feeds?pageNum=1&pageSize=5
1648122070.0433|100|连接超时|/goods/feeds?pageNum=1&pageSize=5
1648122070.0453|100|连接超时|/goods/feeds?pageNum=1&pageSize=5
1648122070.0453|100|连接超时|/goods/feeds?pageNum=1&pageSize=5
1648122070.0463|100|连接超时|/goods/feeds?pageNum=1&pageSize=5
1648122070.0463|100|连接超时|/goods/feeds?pageNum=1&pageSize=5
1648122070.0473|100|连接超时|/goods/feeds?pageNum=1&pageSize=5
1648122070.0483|100|连接超时|/goods/feeds?pageNum=1&pageSize=5
1648122070.0503|100|连接超时|/goods/feeds?pageNum=1&pageSize=5
1648122070.0514|100|连接超时|/goods/feeds?pageNum=1&pageSize=5
1648122070.0514|100|连接超时|/goods/feeds?pageNum=1&pageSize=5
1648122070.0523|100|连接超时|/goods/feeds?pageNum=1&pageSize=5
1648122070.0583|100|连接超时|/goods/feeds?pageNum=1&pageSize=5
1648122070.0593|100|连接超时|/goods/feeds?pageNum=1&pageSize=5
1648122070.0662|100|连接超时|/goods/feeds?pageNum=1&pageSize=5
1648122070.0672|100|连接超时|/goods/feeds?pageNum=1&pageSize=5
1648122070.0692|100|连接超时|/goods/feeds?pageNum=1&pageSize=5
1648122070.0702|100|连接超时|/goods/feeds?pageNum=1&pageSize=5
1648122070.0702|100|连接超时|/goods/feeds?pageNum=1&pageSize=5
1648122070.0722|100|连接超时|/goods/feeds?pageNum=1&pageSize=5
1648122070.0732|100|连接超时|/goods/feeds?pageNum=1&pageSize=5
1648122070.0732|100|连接超时|/goods/feeds?pageNum=1&pageSize=5
1648122070.0742|100|连接超时|/goods/feeds?pageNum=1&pageSize=5
1648122070.0742|100|连接超时|/goods/feeds?pageNum=1&pageSize=5
1648122070.0782|100|连接超时|/goods/feeds?pageNum=1&pageSize=5
1648122070.0792|100|连接超时|/goods/feeds?pageNum=1&pageSize=5
1648122070.0802|100|连接超时|/goods/feeds?pageNum=1&pageSize=5
1648122070.0812|100|连接超时|/goods/feeds?pageNum=1&pageSize=5
1648122070.0822|100|连接超时|/goods/feeds?pageNum=1&pageSize=5
1648122070.0832|100|连接超时|/goods/feeds?pageNum=1&pageSize=5
1648122070.0852|100|连接超时|/goods/feeds?pageNum=1&pageSize=5
1648122070.0862|100|连接超时|/goods/feeds?pageNum=1&pageSize=5
1648122070.0902|100|连接超时|/goods/feeds?pageNum=1&pageSize=5
1648122070.0912|100|连接超时|/goods/feeds?pageNum=1&pageSize=5
1648122070.0922|100|连接超时|/goods/feeds?pageNum=1&pageSize=5
1648122070.0932|100|连接超时|/goods/feeds?pageNum=1&pageSize=5
1648122070.0932|100|连接超时|/goods/feeds?pageNum=1&pageSize=5
1648122070.0942|100|连接超时|/goods/feeds?pageNum=1&pageSize=5
1648122070.1027|100|连接超时|/goods/feeds?pageNum=1&pageSize=5
1648122070.1103|100|连接超时|/goods/feeds?pageNum=1&pageSize=5
1648122070.1113|100|连接超时|/goods/feeds?pageNum=1&pageSize=5
1648122070.1118|100|连接超时|/goods/feeds?pageNum=1&pageSize=5
1648122070.1118|100|连接超时|/goods/feeds?pageNum=1&pageSize=5
1648122070.1128|100|连接超时|/goods/feeds?pageNum=1&pageSize=5
1648122070.1138|100|连接超时|/goods/feeds?pageNum=1&pageSize=5
1648122070.1138|100|连接超时|/goods/feeds?pageNum=1&pageSize=5
1648122070.1148|100|连接超时|/goods/feeds?pageNum=1&pageSize=5
1648122070.1148|100|连接超时|/goods/feeds?pageNum=1&pageSize=5
1648122070.1168|100|连接超时|/goods/feeds?pageNum=1&pageSize=5
1648122070.1198|100|连接超时|/goods/feeds?pageNum=1&pageSize=5
1648122070.1207|100|连接超时|/goods/feeds?pageNum=1&pageSize=5
1648122070.1207|100|连接超时|/goods/feeds?pageNum=1&pageSize=5
1648122070.1218|100|连接超时|/goods/feeds?pageNum=1&pageSize=5
1648122070.1218|100|连接超时|/goods/feeds?pageNum=1&pageSize=5
1648122070.1237|100|连接超时|/goods/feeds?pageNum=1&pageSize=5
1648122070.1237|100|连接超时|/goods/feeds?pageNum=1&pageSize=5
1648122070.1247|100|连接超时|/goods/feeds?pageNum=1&pageSize=5
1648122070.1257|100|连接超时|/goods/feeds?pageNum=1&pageSize=5
1648122070.1257|100|连接超时|/goods/feeds?pageNum=1&pageSize=5
1648122070.1267|100|连接超时|/goods/feeds?pageNum=1&pageSize=5
1648122070.1277|100|连接超时|/goods/feeds?pageNum=1&pageSize=5
1648122070.1287|100|连接超时|/goods/feeds?pageNum=1&pageSize=5
1648122070.1297|100|连接超时|/goods/feeds?pageNum=1&pageSize=5
1648122070.1303|100|连接超时|/goods/feeds?pageNum=1&pageSize=5
1648122070.1313|100|连接超时|/goods/feeds?pageNum=1&pageSize=5
1648122070.1313|100|连接超时|/goods/feeds?pageNum=1&pageSize=5
1648122070.1323|100|连接超时|/goods/feeds?pageNum=1&pageSize=5
1648122070.1353|100|连接超时|/goods/feeds?pageNum=1&pageSize=5
1648122070.1373|100|连接超时|/goods/feeds?pageNum=1&pageSize=5
1648122070.1383|100|连接超时|/goods/feeds?pageNum=1&pageSize=5
1648122070.1393|100|连接超时|/goods/feeds?pageNum=1&pageSize=5
1648122070.1419|100|连接超时|/goods/feeds?pageNum=1&pageSize=5
1648122070.1429|100|连接超时|/goods/feeds?pageNum=1&pageSize=5
1648122070.1429|100|连接超时|/goods/feeds?pageNum=1&pageSize=5
1648122070.1439|100|连接超时|/goods/feeds?pageNum=1&pageSize=5
1648122070.1439|100|连接超时|/goods/feeds?pageNum=1&pageSize=5
1648122070.1449|100|连接超时|/goods/feeds?pageNum=1&pageSize=5
1648122070.1449|100|连接超时|/goods/feeds?pageNum=1&pageSize=5
1648122070.1459|100|连接超时|/goods/feeds?pageNum=1&pageSize=5
1648122070.1469|100|连接超时|/goods/feeds?pageNum=1&pageSize=5
1648122070.1469|100|连接超时|/goods/feeds?pageNum=1&pageSize=5
1648122070.1479|100|连接超时|/goods/feeds?pageNum=1&pageSize=5
1648122070.1489|100|连接超时|/goods/feeds?pageNum=1&pageSize=5
1648122070.1535|100|连接超时|/goods/feeds?pageNum=1&pageSize=5
1648122070.1544|100|连接超时|/goods/feeds?pageNum=1&pageSize=5
1648122070.1554|100|连接超时|/goods/feeds?pageNum=1&pageSize=5
1648122070.1564|100|连接超时|/goods/feeds?pageNum=1&pageSize=5
1648122070.1574|100|连接超时|/goods/feeds?pageNum=1&pageSize=5
1648122070.1574|100|连接超时|/goods/feeds?pageNum=1&pageSize=5
1648122070.1584|100|连接超时|/goods/feeds?pageNum=1&pageSize=5
1648122070.1594|100|连接超时|/goods/feeds?pageNum=1&pageSize=5
1648122070.1660|100|连接超时|/goods/feeds?pageNum=1&pageSize=5
1648122070.1670|100|连接超时|/goods/feeds?pageNum=1&pageSize=5
1648122070.1715|100|连接超时|/goods/feeds?pageNum=1&pageSize=5
1648122070.1725|100|连接超时|/goods/feeds?pageNum=1&pageSize=5
1648122070.1735|100|连接超时|/goods/feeds?pageNum=1&pageSize=5
1648122070.1735|100|连接超时|/goods/feeds?pageNum=1&pageSize=5
1648122070.1745|100|连接超时|/goods/feeds?pageNum=1&pageSize=5
1648122070.1745|100|连接超时|/goods/feeds?pageNum=1&pageSize=5
1648122070.1755|100|连接超时|/goods/feeds?pageNum=1&pageSize=5
1648122070.1755|100|连接超时|/goods/feeds?pageNum=1&pageSize=5
1648122070.1765|100|连接超时|/goods/feeds?pageNum=1&pageSize=5
1648122070.1765|100|连接超时|/goods/feeds?pageNum=1&pageSize=5
1648122070.1775|100|连接超时|/goods/feeds?pageNum=1&pageSize=5
1648122070.1775|100|连接超时|/goods/feeds?pageNum=1&pageSize=5
1648122070.1785|100|连接超时|/goods/feeds?pageNum=1&pageSize=5
1648122070.1785|100|连接超时|/goods/feeds?pageNum=1&pageSize=5
1648122070.1795|100|连接超时|/goods/feeds?pageNum=1&pageSize=5
1648122070.1805|100|连接超时|/goods/feeds?pageNum=1&pageSize=5
1648122070.1845|100|连接超时|/goods/feeds?pageNum=1&pageSize=5
1648122070.1855|100|连接超时|/goods/feeds?pageNum=1&pageSize=5
1648122070.1865|100|连接超时|/goods/feeds?pageNum=1&pageSize=5
1648122070.1865|100|连接超时|/goods/feeds?pageNum=1&pageSize=5
1648122070.1875|100|连接超时|/goods/feeds?pageNum=1&pageSize=5
1648122070.1875|100|连接超时|/goods/feeds?pageNum=1&pageSize=5
1648122070.1885|100|连接超时|/goods/feeds?pageNum=1&pageSize=5
1648122070.1895|100|连接超时|/goods/feeds?pageNum=1&pageSize=5
1648122070.1901|100|连接超时|/goods/feeds?pageNum=1&pageSize=5
1648122070.1912|100|连接超时|/goods/feeds?pageNum=1&pageSize=5
1648122070.1921|100|连接超时|/goods/feeds?pageNum=1&pageSize=5
1648122070.1921|100|连接超时|/goods/feeds?pageNum=1&pageSize=5
1648122070.1931|100|连接超时|/goods/feeds?pageNum=1&pageSize=5
1648122070.1931|100|连接超时|/goods/feeds?pageNum=1&pageSize=5
1648122070.1941|100|连接超时|/goods/feeds?pageNum=1&pageSize=5
1648122070.1951|100|连接超时|/goods/feeds?pageNum=1&pageSize=5
1648122070.1951|100|连接超时|/goods/feeds?pageNum=1&pageSize=5
1648122070.1981|100|连接超时|/goods/feeds?pageNum=1&pageSize=5
1648122070.1991|100|连接超时|/goods/feeds?pageNum=1&pageSize=5
1648122070.2001|100|连接超时|/goods/feeds?pageNum=1&pageSize=5
1648122070.2007|100|连接超时|/goods/feeds?pageNum=1&pageSize=5
1648122070.2018|100|连接超时|/goods/feeds?pageNum=1&pageSize=5
1648122070.2037|100|连接超时|/goods/feeds?pageNum=1&pageSize=5
1648122070.2057|100|连接超时|/goods/feeds?pageNum=1&pageSize=5
1648122070.2067|100|连接超时|/goods/feeds?pageNum=1&pageSize=5
1648122070.2077|100|连接超时|/goods/feeds?pageNum=1&pageSize=5
1648122070.2087|100|连接超时|/goods/feeds?pageNum=1&pageSize=5
1648122070.2087|100|连接超时|/goods/feeds?pageNum=1&pageSize=5
1648122070.2097|100|连接超时|/goods/feeds?pageNum=1&pageSize=5
1648122070.2106|100|连接超时|/goods/feeds?pageNum=1&pageSize=5
1648122079.7764|100|连接超时|/api/path1
1648122079.7784|100|连接超时|/api/path1
1648122079.7804|100|连接超时|/api/path1
1648122079.7814|100|连接超时|/api/path1
1648122079.7819|100|连接超时|/api/path1
1648122079.7829|100|连接超时|/api/path1
1648122079.7849|100|连接超时|/api/path1
1648122079.7906|100|连接超时|/api/path1
1648122079.8395|100|连接超时|/api/path1
1648122079.8441|100|连接超时|/api/path1
1648122079.8461|100|连接超时|/api/path1
1648122079.8562|100|连接超时|/api/path1
1648122079.8602|100|连接超时|/api/path1
1648122079.8612|100|连接超时|/api/path1
1648122079.8617|100|连接超时|/api/path1
1648122079.8627|100|连接超时|/api/path1
1648122079.8627|100|连接超时|/api/path1
1648122079.8637|100|连接超时|/api/path1
1648122079.8637|100|连接超时|/api/path1
1648122079.8647|100|连接超时|/api/path1
1648122079.8677|100|连接超时|/api/path1
1648122079.8687|100|连接超时|/api/path1
1648122079.8727|100|连接超时|/api/path1
1648122079.8758|100|连接超时|/api/path1
1648122079.8767|100|连接超时|/api/path1
1648122079.8777|100|连接超时|/api/path1
1648122079.8777|100|连接超时|/api/path1
1648122079.8787|100|连接超时|/api/path1
1648122079.8797|100|连接超时|/api/path1
1648122079.8797|100|连接超时|/api/path1
1648122079.9017|100|连接超时|/api/path1
1648122079.9037|100|连接超时|/api/path1
1648122079.9047|100|连接超时|/api/path1
1648122079.9067|100|连接超时|/api/path1
1648122079.9076|100|连接超时|/api/path1
1648122079.9096|100|连接超时|/api/path1
1648122079.9106|100|连接超时|/api/path1
1648122079.9106|100|连接超时|/api/path1
1648122079.9116|100|连接超时|/api/path1
1648122079.9116|100|连接超时|/api/path1
1648122079.9126|100|连接超时|/api/path1
1648122079.9136|100|连接超时|/api/path1
1648122079.9136|100|连接超时|/api/path1
1648122079.9146|100|连接超时|/api/path1
1648122079.9156|100|连接超时|/api/path1
1648122079.9222|100|连接超时|/api/path1
1648122079.9232|100|连接超时|/api/path1
1648122079.9242|100|连接超时|/api/path1
1648122079.9242|100|连接超时|/api/path1
1648122079.9252|100|连接超时|/api/path1
1648122079.9262|100|连接超时|/api/path1
1648122079.9272|100|连接超时|/api/path1
1648122079.9272|100|连接超时|/api/path1
1648122079.9282|100|连接超时|/api/path1
1648122079.9292|100|连接超时|/api/path1
1648122079.9462|100|连接超时|/api/path1
1648122079.9482|100|连接超时|/api/path1
1648122079.9523|100|连接超时|/api/path1
1648122079.9533|100|连接超时|/api/path1
1648122079.9543|100|连接超时|/api/path1
1648122079.9543|100|连接超时|/api/path1
1648122079.9553|100|连接超时|/api/path1
1648122079.9553|100|连接超时|/api/path1
1648122079.9563|100|连接超时|/api/path1
1648122079.9573|100|连接超时|/api/path1
1648122079.9583|100|连接超时|/api/path1
1648122079.9643|100|连接超时|/api/path1
1648122079.9643|100|连接超时|/api/path1
1648122079.9673|100|连接超时|/api/path1
1648122079.9683|100|连接超时|/api/path1
1648122079.9683|100|连接超时|/api/path1
1648122079.9693|100|连接超时|/api/path1
1648122079.9702|100|连接超时|/api/path1
1648122079.9702|100|连接超时|/api/path1
1648122080.0332|100|连接超时|/api/path1
1648122080.0342|100|连接超时|/api/path1
1648122080.0544|100|连接超时|/api/path1
1648122080.0564|100|连接超时|/api/path1
1648122080.0614|100|连接超时|/api/path1
1648122080.0624|100|连接超时|/api/path1
1648122080.0624|100|连接超时|/api/path1
1648122080.0634|100|连接超时|/api/path1
1648122080.0634|100|连接超时|/api/path1
1648122080.0644|100|连接超时|/api/path1
1648122080.0654|100|连接超时|/api/path1
1648122080.1024|100|连接超时|/api/path1
1648122080.1093|100|连接超时|/api/path1
1648122080.1347|100|连接超时|/api/path1
1648122080.1377|100|连接超时|/api/path1
1648122080.1503|100|连接超时|/api/path1
1648122080.1603|100|连接超时|/api/path1
1648122080.2721|100|连接超时|/api/path1
1648122080.2918|100|连接超时|/api/path1
1648122080.2926|100|连接超时|/api/path1
1648122080.2936|100|连接超时|/api/path1
1648122080.2946|100|连接超时|/api/path1
1648122080.2946|100|连接超时|/api/path1
1648122080.3036|100|连接超时|/api/path1
1648122080.3066|100|连接超时|/api/path1
1648122080.3086|100|连接超时|/api/path1
1648122080.3096|100|连接超时|/api/path1
1648122080.3116|100|连接超时|/api/path1
1648122080.3176|100|连接超时|/api/path1
1648122080.3212|100|连接超时|/api/path1
1648122080.3292|100|连接超时|/api/path1
1648122080.3302|100|连接超时|/api/path1
1648122080.3315|100|连接超时|/api/path1
1648122080.3374|100|连接超时|/api/path1
1648122080.3405|100|连接超时|/api/path1
1648122080.3417|100|连接超时|/api/path1
1648122080.3437|100|连接超时|/api/path1
1648122080.3525|100|连接超时|/api/path1
1648122080.3677|100|连接超时|/api/path1
1648122080.3786|100|连接超时|/api/path1
1648122080.3834|100|连接超时|/api/path1
1648122080.3844|100|连接超时|/api/path1
1648122080.3914|100|连接超时|/api/path1
1648122080.3966|100|连接超时|/api/path1
1648122080.3986|100|连接超时|/api/path1
1648122080.4002|100|连接超时|/api/path1
1648122080.4072|100|连接超时|/api/path1
1648122080.4102|100|连接超时|/api/path1
1648122080.4142|100|连接超时|/api/path1
1648122080.4233|100|连接超时|/api/path1
1648122080.4263|100|连接超时|/api/path1
1648122080.4283|100|连接超时|/api/path1
1648122080.4303|100|连接超时|/api/path1
1648122080.4312|100|连接超时|/api/path1
1648122080.4332|100|连接超时|/api/path1
1648122080.4382|100|连接超时|/api/path1
1648122080.4402|100|连接超时|/api/path1
1648122080.4413|100|连接超时|/api/path1
1648122080.4423|100|连接超时|/api/path1
1648122080.4423|100|连接超时|/api/path1
1648122080.4453|100|连接超时|/api/path1
1648122080.4463|100|连接超时|/api/path1
1648122080.4473|100|连接超时|/api/path1
1648122080.4533|100|连接超时|/api/path1
1648122080.4563|100|连接超时|/api/path1
1648122080.4573|100|连接超时|/api/path1
1648122080.4583|100|连接超时|/api/path1
1648122080.4603|100|连接超时|/api/path1
1648122080.4683|100|连接超时|/api/path1
1648122080.4725|100|连接超时|/api/path1
1648122080.4745|100|连接超时|/api/path1
1648122080.4765|100|连接超时|/api/path1
1648122080.4775|100|连接超时|/api/path1
1648122080.4795|100|连接超时|/api/path1
1648122080.4825|100|连接超时|/api/path1
1648122080.4845|100|连接超时|/api/path1
1648122080.4855|100|连接超时|/api/path1
1648122080.4855|100|连接超时|/api/path1
1648122080.4865|100|连接超时|/api/path1
1648122080.4875|100|连接超时|/api/path1
1648122080.4875|100|连接超时|/api/path1
1648122080.4913|100|连接超时|/api/path1
1648122080.4913|100|连接超时|/api/path1
1648122080.4922|100|连接超时|/api/path1
1648122080.4932|100|连接超时|/api/path1
1648122080.4932|100|连接超时|/api/path1
1648122080.4942|100|连接超时|/api/path1
1648122080.4952|100|连接超时|/api/path1
1648122080.4952|100|连接超时|/api/path1
1648122080.4962|100|连接超时|/api/path1
1648122080.5002|100|连接超时|/api/path1
1648122080.5053|100|连接超时|/api/path1
1648122080.5083|100|连接超时|/api/path1
1648122080.5083|100|连接超时|/api/path1
1648122080.5114|100|连接超时|/api/path1
1648122080.5144|100|连接超时|/api/path1
1648122080.5164|100|连接超时|/api/path1
1648122080.5174|100|连接超时|/api/path1
1648122080.5184|100|连接超时|/api/path1
1648122080.5204|100|连接超时|/api/path1
1648122080.5256|100|连接超时|/api/path1
1648122080.5266|100|连接超时|/api/path1
1648122080.5276|100|连接超时|/api/path1
1648122080.5276|100|连接超时|/api/path1
1648122080.5306|100|连接超时|/api/path1
1648122080.5317|100|连接超时|/api/path1
1648122080.5346|100|连接超时|/api/path1
1648122080.5356|100|连接超时|/api/path1
1648122080.5406|100|连接超时|/api/path1
1648122080.5426|100|连接超时|/api/path1
1648122080.5426|100|连接超时|/api/path1
1648122080.5436|100|连接超时|/api/path1
1648122080.5436|100|连接超时|/api/path1
1648122080.5446|100|连接超时|/api/path1
1648122080.5466|100|连接超时|/api/path1
1648122080.5476|100|连接超时|/api/path1
1648122080.5476|100|连接超时|/api/path1
1648122080.5486|100|连接超时|/api/path1
1648122080.5496|100|连接超时|/api/path1
1648122080.5506|100|连接超时|/api/path1
1648122080.5506|100|连接超时|/api/path1
1648122080.5515|100|连接超时|/api/path1
1648122080.5544|100|连接超时|/api/path1
1648122080.5564|100|连接超时|/api/path1
1648122080.5564|100|连接超时|/api/path1
1648122080.5574|100|连接超时|/api/path1
1648122080.5574|100|连接超时|/api/path1
1648122080.5584|100|连接超时|/api/path1
1648122080.5584|100|连接超时|/api/path1
1648122080.5594|100|连接超时|/api/path1
1648122080.5604|100|连接超时|/api/path1
1648122080.5630|100|连接超时|/api/path1
1648122080.5640|100|连接超时|/api/path1
1648122080.5640|100|连接超时|/api/path1
1648122080.5650|100|连接超时|/api/path1
1648122080.5669|100|连接超时|/api/path1
1648122080.5669|100|连接超时|/api/path1
1648122080.5699|100|连接超时|/api/path1
1648122080.5729|100|连接超时|/api/path1
1648122080.5739|100|连接超时|/api/path1
1648122080.5749|100|连接超时|/api/path1
1648122080.5809|100|连接超时|/api/path1
1648122080.5819|100|连接超时|/api/path1
1648122080.5829|100|连接超时|/api/path1
1648122080.5849|100|连接超时|/api/path1
1648122080.5879|100|连接超时|/api/path1
1648122080.5889|100|连接超时|/api/path1
1648122080.5889|100|连接超时|/api/path1
1648122080.5908|100|连接超时|/api/path1
1648122080.5908|100|连接超时|/api/path1
1648122080.5917|100|连接超时|/api/path1
1648122080.5927|100|连接超时|/api/path1
1648122080.5927|100|连接超时|/api/path1
1648122080.5947|100|连接超时|/api/path1
1648122080.5957|100|连接超时|/api/path1
1648122080.5967|100|连接超时|/api/path1
1648122080.5967|100|连接超时|/api/path1
1648122080.5977|100|连接超时|/api/path1
1648122080.5977|100|连接超时|/api/path1
1648122080.6027|100|连接超时|/api/path1
1648122080.6067|100|连接超时|/api/path1
1648122080.6087|100|连接超时|/api/path1
1648122080.6107|100|连接超时|/api/path1
1648122080.6117|100|连接超时|/api/path1
1648122080.6127|100|连接超时|/api/path1
1648122080.6127|100|连接超时|/api/path1
1648122080.6137|100|连接超时|/api/path1
1648122080.6157|100|连接超时|/api/path1
1648122080.6167|100|连接超时|/api/path1
1648122080.6204|100|连接超时|/api/path1
1648122080.6230|100|连接超时|/api/path1
1648122080.6240|100|连接超时|/api/path1
1648122080.6250|100|连接超时|/api/path1
1648122080.6260|100|连接超时|/api/path1
1648122080.6270|100|连接超时|/api/path1
1648122080.6280|100|连接超时|/api/path1
1648122080.6290|100|连接超时|/api/path1
1648122080.6310|100|连接超时|/api/path1
1648122080.6310|100|连接超时|/api/path1
1648122080.6320|100|连接超时|/api/path1
1648122080.6340|100|连接超时|/api/path1
1648122080.6350|100|连接超时|/api/path1
1648122080.6380|100|连接超时|/api/path1
1648122080.6389|100|连接超时|/api/path1
1648122080.6389|100|连接超时|/api/path1
1648122080.6399|100|连接超时|/api/path1
1648122080.6429|100|连接超时|/api/path1
1648122080.6439|100|连接超时|/api/path1
1648122080.6449|100|连接超时|/api/path1
1648122080.6459|100|连接超时|/api/path1
1648122080.6469|100|连接超时|/api/path1
1648122080.6469|100|连接超时|/api/path1
1648122080.6479|100|连接超时|/api/path1
1648122080.6499|100|连接超时|/api/path1
1648122080.6509|100|连接超时|/api/path1
1648122080.6535|100|连接超时|/api/path1
1648122080.6545|100|连接超时|/api/path1
1648122080.6545|100|连接超时|/api/path1
1648122080.6555|100|连接超时|/api/path1
1648122080.6565|100|连接超时|/api/path1
1648122080.6575|100|连接超时|/api/path1
1648122080.6585|100|连接超时|/api/path1
1648122080.6585|100|连接超时|/api/path1
1648122080.6595|100|连接超时|/api/path1
1648122080.6625|100|连接超时|/api/path1
1648122080.6635|100|连接超时|/api/path1
1648122080.6635|100|连接超时|/api/path1
1648122080.6645|100|连接超时|/api/path1
1648122080.6645|100|连接超时|/api/path1
1648122080.6655|100|连接超时|/api/path1
1648122080.6674|100|连接超时|/api/path1
1648122080.6684|100|连接超时|/api/path1
1648122080.6694|100|连接超时|/api/path1
1648122080.6694|100|连接超时|/api/path1
1648122080.6704|100|连接超时|/api/path1
1648122080.6704|100|连接超时|/api/path1
1648122080.6714|100|连接超时|/api/path1
1648122080.6714|100|连接超时|/api/path1
1648122080.6724|100|连接超时|/api/path1
1648122080.6734|100|连接超时|/api/path1
1648122080.6744|100|连接超时|/api/path1
1648122080.6744|100|连接超时|/api/path1
1648122080.6774|100|连接超时|/api/path1
1648122080.6784|100|连接超时|/api/path1
1648122080.6794|100|连接超时|/api/path1
1648122080.6794|100|连接超时|/api/path1
1648122080.6806|100|连接超时|/api/path1
1648122080.6814|100|连接超时|/api/path1
1648122080.6824|100|连接超时|/api/path1
1648122080.6824|100|连接超时|/api/path1
1648122080.6834|100|连接超时|/api/path1
1648122080.6844|100|连接超时|/api/path1
1648122080.6844|100|连接超时|/api/path1
1648122080.6854|100|连接超时|/api/path1
1648122080.6874|100|连接超时|/api/path1
1648122080.6884|100|连接超时|/api/path1
1648122080.6894|100|连接超时|/api/path1
1648122080.6894|100|连接超时|/api/path1
1648122080.6915|100|连接超时|/api/path1
1648122080.6934|100|连接超时|/api/path1
1648122080.6944|100|连接超时|/api/path1
1648122080.6944|100|连接超时|/api/path1
1648122080.6954|100|连接超时|/api/path1
1648122091.1383|100|连接超时|/api/path1
1648122091.1403|100|连接超时|/api/path1
1648122091.1428|100|连接超时|/api/path1
1648122091.1438|100|连接超时|/api/path1
1648122091.1458|100|连接超时|/api/path1
1648122091.1701|100|连接超时|/api/path1
1648122091.1717|100|连接超时|/api/path1
1648122091.1727|100|连接超时|/api/path1
1648122091.1727|100|连接超时|/api/path1
1648122091.1737|100|连接超时|/api/path1
1648122091.1737|100|连接超时|/api/path1
1648122091.1747|100|连接超时|/api/path1
1648122091.1757|100|连接超时|/api/path1
1648122091.1767|100|连接超时|/api/path1
1648122091.1777|100|连接超时|/api/path1
1648122091.1797|100|连接超时|/api/path1
1648122091.1807|100|连接超时|/api/path1
1648122091.1807|100|连接超时|/api/path1
1648122091.1877|100|连接超时|/api/path1
1648122091.1886|100|连接超时|/api/path1
1648122091.1922|100|连接超时|/api/path1
1648122091.1952|100|连接超时|/api/path1
1648122091.1962|100|连接超时|/api/path1
1648122091.1962|100|连接超时|/api/path1
1648122091.1972|100|连接超时|/api/path1
1648122091.2013|100|连接超时|/api/path1
1648122091.2071|100|连接超时|/api/path1
1648122091.2081|100|连接超时|/api/path1
1648122091.2081|100|连接超时|/api/path1
1648122091.2117|100|连接超时|/api/path1
1648122091.2127|100|连接超时|/api/path1
1648122091.2157|100|连接超时|/api/path1
1648122091.2212|100|连接超时|/api/path1
1648122091.2222|100|连接超时|/api/path1
1648122091.2222|100|连接超时|/api/path1
1648122091.2232|100|连接超时|/api/path1
1648122091.2242|100|连接超时|/api/path1
1648122091.2242|100|连接超时|/api/path1
1648122091.2272|100|连接超时|/api/path1
1648122091.2302|100|连接超时|/api/path1
1648122091.2317|100|连接超时|/api/path1
1648122091.2327|100|连接超时|/api/path1
1648122091.2347|100|连接超时|/api/path1
1648122091.2357|100|连接超时|/api/path1
1648122091.2357|100|连接超时|/api/path1
1648122091.2367|100|连接超时|/api/path1
1648122091.2377|100|连接超时|/api/path1
1648122091.2377|100|连接超时|/api/path1
1648122091.2388|100|连接超时|/api/path1
1648122091.2388|100|连接超时|/api/path1
1648122091.2397|100|连接超时|/api/path1
1648122091.2397|100|连接超时|/api/path1
1648122091.2407|100|连接超时|/api/path1
1648122091.2437|100|连接超时|/api/path1
1648122091.2447|100|连接超时|/api/path1
1648122091.2467|100|连接超时|/api/path1
