1648187742.6068|100|连接超时|/goods/feeds?pageNum=1&pageSize=5
1648187742.6220|100|连接超时|/goods/feeds?pageNum=1&pageSize=5
1648187742.6385|100|连接超时|/goods/feeds?pageNum=1&pageSize=5
1648187743.6400|100|连接超时|/goods/feeds?pageNum=1&pageSize=5
1648187746.6712|100|连接超时|/goods/feeds?pageNum=1&pageSize=5
1648187746.6782|100|连接超时|/goods/feeds?pageNum=1&pageSize=5
1648187746.6920|100|连接超时|/goods/feeds?pageNum=1&pageSize=5
1648187753.7163|100|连接超时|/goods/feeds?pageNum=1&pageSize=5
1648187754.0172|100|连接超时|/goods/feeds?pageNum=1&pageSize=5
1648187754.2831|100|连接超时|/goods/feeds?pageNum=1&pageSize=5
1648187755.2545|100|连接超时|/goods/feeds?pageNum=1&pageSize=5
1648187756.2891|100|连接超时|/goods/feeds?pageNum=1&pageSize=5
1648187760.7697|100|连接超时|/goods/feeds?pageNum=1&pageSize=5
1648187760.7853|100|连接超时|/goods/feeds?pageNum=1&pageSize=5
1648187761.0133|100|连接超时|/goods/feeds?pageNum=1&pageSize=5
1648187761.0263|100|连接超时|/goods/feeds?pageNum=1&pageSize=5
1648187765.4620|100|连接超时|/goods/feeds?pageNum=1&pageSize=5
1648187765.4926|100|连接超时|/goods/feeds?pageNum=1&pageSize=5
1648187769.6160|100|连接超时|/goods/feeds?pageNum=1&pageSize=5
1648187771.8480|100|连接超时|/goods/feeds?pageNum=1&pageSize=5
1648187772.8725|100|连接超时|/goods/feeds?pageNum=1&pageSize=5
1648187772.8912|100|连接超时|/goods/feeds?pageNum=1&pageSize=5
1648187773.4668|100|连接超时|/goods/feeds?pageNum=1&pageSize=5
1648187773.4792|100|连接超时|/goods/feeds?pageNum=1&pageSize=5
1648187773.8970|100|连接超时|/goods/feeds?pageNum=1&pageSize=5
1648187775.4590|100|连接超时|/goods/feeds?pageNum=1&pageSize=5
1648187779.4100|100|连接超时|/goods/feeds?pageNum=1&pageSize=5
1648187779.4136|100|连接超时|/goods/feeds?pageNum=1&pageSize=5
1648187781.4814|100|连接超时|/goods/feeds?pageNum=1&pageSize=5
1648187781.8242|100|连接超时|/goods/feeds?pageNum=1&pageSize=5
1648187781.8341|100|连接超时|/goods/feeds?pageNum=1&pageSize=5
1648187781.9806|110|响应超时|/goods/feeds?pageNum=1&pageSize=5
1648187782.2290|100|连接超时|/goods/feeds?pageNum=1&pageSize=5
1648187782.2619|110|响应超时|/goods/feeds?pageNum=1&pageSize=5
1648187782.3170|110|响应超时|/goods/feeds?pageNum=1&pageSize=5
1648187782.3246|110|响应超时|/goods/feeds?pageNum=1&pageSize=5
1648187782.6361|110|响应超时|/goods/feeds?pageNum=1&pageSize=5
1648187782.8427|110|响应超时|/goods/feeds?pageNum=1&pageSize=5
1648187782.8437|110|响应超时|/goods/feeds?pageNum=1&pageSize=5
1648187782.9662|110|响应超时|/goods/feeds?pageNum=1&pageSize=5
1648187783.1414|110|响应超时|/goods/feeds?pageNum=1&pageSize=5
1648187783.1772|100|连接超时|/goods/feeds?pageNum=1&pageSize=5
1648187783.4305|110|响应超时|/goods/feeds?pageNum=1&pageSize=5
1648187783.5373|110|响应超时|/goods/feeds?pageNum=1&pageSize=5
1648187783.6911|100|连接超时|/goods/feeds?pageNum=1&pageSize=5
1648187783.7001|100|连接超时|/goods/feeds?pageNum=1&pageSize=5
1648187783.7739|110|响应超时|/goods/feeds?pageNum=1&pageSize=5
1648187783.9623|110|响应超时|/goods/feeds?pageNum=1&pageSize=5
1648187784.1305|110|响应超时|/goods/feeds?pageNum=1&pageSize=5
1648187784.2304|110|响应超时|/goods/feeds?pageNum=1&pageSize=5
1648187784.3001|110|响应超时|/goods/feeds?pageNum=1&pageSize=5
1648187784.3303|100|连接超时|/goods/feeds?pageNum=1&pageSize=5
1648187784.6833|100|连接超时|/goods/feeds?pageNum=1&pageSize=5
1648187784.7121|100|连接超时|/goods/feeds?pageNum=1&pageSize=5
1648187784.7131|100|连接超时|/goods/feeds?pageNum=1&pageSize=5
1648187784.7370|100|连接超时|/goods/feeds?pageNum=1&pageSize=5
1648187784.9921|110|响应超时|/goods/feeds?pageNum=1&pageSize=5
1648187785.0651|100|连接超时|/goods/feeds?pageNum=1&pageSize=5
1648187785.1255|110|响应超时|/goods/feeds?pageNum=1&pageSize=5
1648187785.2268|110|响应超时|/goods/feeds?pageNum=1&pageSize=5
1648187785.6926|100|连接超时|/goods/feeds?pageNum=1&pageSize=5
1648187785.7121|100|连接超时|/goods/feeds?pageNum=1&pageSize=5
1648187785.7241|100|连接超时|/goods/feeds?pageNum=1&pageSize=5
1648187786.0845|100|连接超时|/goods/feeds?pageNum=1&pageSize=5
1648187786.1552|100|连接超时|/goods/feeds?pageNum=1&pageSize=5
1648187786.1681|100|连接超时|/goods/feeds?pageNum=1&pageSize=5
1648187786.2663|110|响应超时|/goods/feeds?pageNum=1&pageSize=5
1648187786.3014|100|连接超时|/goods/feeds?pageNum=1&pageSize=5
1648187786.3571|100|连接超时|/goods/feeds?pageNum=1&pageSize=5
1648187786.7061|100|连接超时|/goods/feeds?pageNum=1&pageSize=5
1648187786.7295|100|连接超时|/goods/feeds?pageNum=1&pageSize=5
1648187786.7819|100|连接超时|/goods/feeds?pageNum=1&pageSize=5
1648187786.8639|100|连接超时|/goods/feeds?pageNum=1&pageSize=5
1648187787.1431|100|连接超时|/goods/feeds?pageNum=1&pageSize=5
1648187787.1600|100|连接超时|/goods/feeds?pageNum=1&pageSize=5
1648187787.3341|100|连接超时|/goods/feeds?pageNum=1&pageSize=5
1648187787.4111|100|连接超时|/goods/feeds?pageNum=1&pageSize=5
1648187787.7001|100|连接超时|/goods/feeds?pageNum=1&pageSize=5
1648187787.7011|100|连接超时|/goods/feeds?pageNum=1&pageSize=5
1648187787.7021|100|连接超时|/goods/feeds?pageNum=1&pageSize=5
1648187787.7235|100|连接超时|/goods/feeds?pageNum=1&pageSize=5
1648187787.7470|100|连接超时|/goods/feeds?pageNum=1&pageSize=5
1648187787.7807|100|连接超时|/goods/feeds?pageNum=1&pageSize=5
1648187787.8154|100|连接超时|/goods/feeds?pageNum=1&pageSize=5
1648187787.8762|100|连接超时|/goods/feeds?pageNum=1&pageSize=5
1648187787.8942|100|连接超时|/goods/feeds?pageNum=1&pageSize=5
1648187788.1353|100|连接超时|/goods/feeds?pageNum=1&pageSize=5
1648187788.1452|100|连接超时|/goods/feeds?pageNum=1&pageSize=5
1648187788.1844|100|连接超时|/goods/feeds?pageNum=1&pageSize=5
1648187788.2316|100|连接超时|/goods/feeds?pageNum=1&pageSize=5
1648187788.4216|100|连接超时|/goods/feeds?pageNum=1&pageSize=5
1648187788.4513|100|连接超时|/goods/feeds?pageNum=1&pageSize=5
1648187788.4573|100|连接超时|/goods/feeds?pageNum=1&pageSize=5
1648187788.4676|100|连接超时|/goods/feeds?pageNum=1&pageSize=5
1648187788.4983|100|连接超时|/goods/feeds?pageNum=1&pageSize=5
1648187788.9756|100|连接超时|/goods/feeds?pageNum=1&pageSize=5
1648187788.9877|100|连接超时|/goods/feeds?pageNum=1&pageSize=5
1648187789.3195|100|连接超时|/goods/feeds?pageNum=1&pageSize=5
1648187789.4655|100|连接超时|/goods/feeds?pageNum=1&pageSize=5
1648187789.5527|100|连接超时|/goods/feeds?pageNum=1&pageSize=5
1648187789.6833|100|连接超时|/goods/feeds?pageNum=1&pageSize=5
1648187789.7152|100|连接超时|/goods/feeds?pageNum=1&pageSize=5
1648187789.7921|100|连接超时|/goods/feeds?pageNum=1&pageSize=5
1648187790.0437|100|连接超时|/goods/feeds?pageNum=1&pageSize=5
1648187790.0825|100|连接超时|/goods/feeds?pageNum=1&pageSize=5
1648187790.1491|100|连接超时|/goods/feeds?pageNum=1&pageSize=5
1648187790.1724|100|连接超时|/goods/feeds?pageNum=1&pageSize=5
1648187790.2001|100|连接超时|/goods/feeds?pageNum=1&pageSize=5
1648187790.3234|100|连接超时|/goods/feeds?pageNum=1&pageSize=5
1648187790.3618|100|连接超时|/goods/feeds?pageNum=1&pageSize=5
1648187790.4894|100|连接超时|/goods/feeds?pageNum=1&pageSize=5
1648187790.5341|100|连接超时|/goods/feeds?pageNum=1&pageSize=5
1648187790.5481|100|连接超时|/goods/feeds?pageNum=1&pageSize=5
1648187790.6950|100|连接超时|/goods/feeds?pageNum=1&pageSize=5
1648187790.7170|100|连接超时|/goods/feeds?pageNum=1&pageSize=5
1648187790.7664|100|连接超时|/goods/feeds?pageNum=1&pageSize=5
1648187791.0831|100|连接超时|/goods/feeds?pageNum=1&pageSize=5
1648187791.1141|100|连接超时|/goods/feeds?pageNum=1&pageSize=5
1648187791.1161|100|连接超时|/goods/feeds?pageNum=1&pageSize=5
1648187791.1304|100|连接超时|/goods/feeds?pageNum=1&pageSize=5
1648187791.1448|100|连接超时|/goods/feeds?pageNum=1&pageSize=5
1648187791.3140|100|连接超时|/goods/feeds?pageNum=1&pageSize=5
1648187791.3481|100|连接超时|/goods/feeds?pageNum=1&pageSize=5
1648187791.3701|100|连接超时|/goods/feeds?pageNum=1&pageSize=5
1648187791.3810|100|连接超时|/goods/feeds?pageNum=1&pageSize=5
1648187791.4040|100|连接超时|/goods/feeds?pageNum=1&pageSize=5
1648187791.4188|100|连接超时|/goods/feeds?pageNum=1&pageSize=5
1648187791.5258|100|连接超时|/goods/feeds?pageNum=1&pageSize=5
1648187791.5651|100|连接超时|/goods/feeds?pageNum=1&pageSize=5
1648187791.5720|100|连接超时|/goods/feeds?pageNum=1&pageSize=5
1648187791.5961|100|连接超时|/goods/feeds?pageNum=1&pageSize=5
1648187791.6120|100|连接超时|/goods/feeds?pageNum=1&pageSize=5
1648187791.7894|100|连接超时|/goods/feeds?pageNum=1&pageSize=5
1648187791.8020|100|连接超时|/goods/feeds?pageNum=1&pageSize=5
1648187791.9523|110|响应超时|/goods/feeds?pageNum=1&pageSize=5
1648187792.1336|100|连接超时|/goods/feeds?pageNum=1&pageSize=5
1648187792.1971|100|连接超时|/goods/feeds?pageNum=1&pageSize=5
1648187792.2302|100|连接超时|/goods/feeds?pageNum=1&pageSize=5
1648187792.3079|100|连接超时|/goods/feeds?pageNum=1&pageSize=5
1648187792.3392|110|响应超时|/goods/feeds?pageNum=1&pageSize=5
1648187792.3402|100|连接超时|/goods/feeds?pageNum=1&pageSize=5
1648187792.3918|100|连接超时|/goods/feeds?pageNum=1&pageSize=5
1648187792.4083|100|连接超时|/goods/feeds?pageNum=1&pageSize=5
1648187792.5085|100|连接超时|/goods/feeds?pageNum=1&pageSize=5
1648187792.6539|100|连接超时|/goods/feeds?pageNum=1&pageSize=5
1648187793.0232|100|连接超时|/goods/feeds?pageNum=1&pageSize=5
1648187793.0252|100|连接超时|/goods/feeds?pageNum=1&pageSize=5
1648187793.1041|100|连接超时|/goods/feeds?pageNum=1&pageSize=5
1648187793.1280|100|连接超时|/goods/feeds?pageNum=1&pageSize=5
1648187793.1971|110|响应超时|/goods/feeds?pageNum=1&pageSize=5
1648187793.2606|100|连接超时|/goods/feeds?pageNum=1&pageSize=5
1648187793.3060|100|连接超时|/goods/feeds?pageNum=1&pageSize=5
1648187793.4211|100|连接超时|/goods/feeds?pageNum=1&pageSize=5
1648187793.4222|100|连接超时|/goods/feeds?pageNum=1&pageSize=5
1648187793.4743|100|连接超时|/goods/feeds?pageNum=1&pageSize=5
1648187793.5354|100|连接超时|/goods/feeds?pageNum=1&pageSize=5
1648187793.5743|100|连接超时|/goods/feeds?pageNum=1&pageSize=5
1648187793.6042|100|连接超时|/goods/feeds?pageNum=1&pageSize=5
1648187793.7336|100|连接超时|/goods/feeds?pageNum=1&pageSize=5
1648187793.7567|100|连接超时|/goods/feeds?pageNum=1&pageSize=5
1648187793.8131|100|连接超时|/goods/feeds?pageNum=1&pageSize=5
1648187794.0892|100|连接超时|/goods/feeds?pageNum=1&pageSize=5
1648187794.0947|100|连接超时|/goods/feeds?pageNum=1&pageSize=5
1648187794.1742|100|连接超时|/goods/feeds?pageNum=1&pageSize=5
1648187794.2022|100|连接超时|/goods/feeds?pageNum=1&pageSize=5
1648187794.3102|110|响应超时|/goods/feeds?pageNum=1&pageSize=5
1648187794.3261|100|连接超时|/goods/feeds?pageNum=1&pageSize=5
1648187794.3411|100|连接超时|/goods/feeds?pageNum=1&pageSize=5
1648187794.3726|110|响应超时|/goods/feeds?pageNum=1&pageSize=5
1648187794.3911|100|连接超时|/goods/feeds?pageNum=1&pageSize=5
1648187794.5556|100|连接超时|/goods/feeds?pageNum=1&pageSize=5
1648187794.5702|100|连接超时|/goods/feeds?pageNum=1&pageSize=5
1648187794.6765|110|响应超时|/goods/feeds?pageNum=1&pageSize=5
1648187794.6775|100|连接超时|/goods/feeds?pageNum=1&pageSize=5
1648187794.8860|100|连接超时|/goods/feeds?pageNum=1&pageSize=5
1648187794.8986|100|连接超时|/goods/feeds?pageNum=1&pageSize=5
1648187795.1001|100|连接超时|/goods/feeds?pageNum=1&pageSize=5
1648187795.1691|100|连接超时|/goods/feeds?pageNum=1&pageSize=5
1648187795.1925|100|连接超时|/goods/feeds?pageNum=1&pageSize=5
1648187795.2232|100|连接超时|/goods/feeds?pageNum=1&pageSize=5
1648187795.2373|100|连接超时|/goods/feeds?pageNum=1&pageSize=5
1648187795.2391|110|响应超时|/goods/feeds?pageNum=1&pageSize=5
1648187795.2461|100|连接超时|/goods/feeds?pageNum=1&pageSize=5
1648187795.2671|100|连接超时|/goods/feeds?pageNum=1&pageSize=5
1648187795.2961|100|连接超时|/goods/feeds?pageNum=1&pageSize=5
1648187795.3222|100|连接超时|/goods/feeds?pageNum=1&pageSize=5
1648187795.6409|100|连接超时|/goods/feeds?pageNum=1&pageSize=5
1648187795.8295|110|响应超时|/goods/feeds?pageNum=1&pageSize=5
1648187795.9124|100|连接超时|/goods/feeds?pageNum=1&pageSize=5
1648187795.9141|100|连接超时|/goods/feeds?pageNum=1&pageSize=5
1648187795.9991|100|连接超时|/goods/feeds?pageNum=1&pageSize=5
1648187796.0809|100|连接超时|/goods/feeds?pageNum=1&pageSize=5
1648187796.2692|100|连接超时|/goods/feeds?pageNum=1&pageSize=5
1648187796.2831|100|连接超时|/goods/feeds?pageNum=1&pageSize=5
1648187796.3280|100|连接超时|/goods/feeds?pageNum=1&pageSize=5
1648187796.3889|100|连接超时|/goods/feeds?pageNum=1&pageSize=5
1648187796.7727|100|连接超时|/goods/feeds?pageNum=1&pageSize=5
1648187796.9888|110|响应超时|/goods/feeds?pageNum=1&pageSize=5
1648187797.0068|110|响应超时|/goods/feeds?pageNum=1&pageSize=5
1648187797.1000|110|响应超时|/goods/feeds?pageNum=1&pageSize=5
1648187797.2803|110|响应超时|/goods/feeds?pageNum=1&pageSize=5
1648187797.7688|110|响应超时|/goods/feeds?pageNum=1&pageSize=5
1648187798.1254|110|响应超时|/goods/feeds?pageNum=1&pageSize=5
1648187798.3401|110|响应超时|/goods/feeds?pageNum=1&pageSize=5
1648187798.3710|110|响应超时|/goods/feeds?pageNum=1&pageSize=5
1648187798.4015|110|响应超时|/goods/feeds?pageNum=1&pageSize=5
