1648122034.8372|100|连接超时|/goods/feeds?pageNum=1&pageSize=5
1648122034.8382|100|连接超时|/goods/feeds?pageNum=1&pageSize=5
1648122034.8392|100|连接超时|/goods/feeds?pageNum=1&pageSize=5
1648122034.8402|100|连接超时|/goods/feeds?pageNum=1&pageSize=5
1648122034.8514|100|连接超时|/goods/feeds?pageNum=1&pageSize=5
1648122034.8522|100|连接超时|/goods/feeds?pageNum=1&pageSize=5
1648122034.8532|100|连接超时|/goods/feeds?pageNum=1&pageSize=5
1648122034.8552|100|连接超时|/goods/feeds?pageNum=1&pageSize=5
1648122034.8622|100|连接超时|/goods/feeds?pageNum=1&pageSize=5
1648122034.8632|100|连接超时|/goods/feeds?pageNum=1&pageSize=5
1648122034.8632|100|连接超时|/goods/feeds?pageNum=1&pageSize=5
1648122034.8642|100|连接超时|/goods/feeds?pageNum=1&pageSize=5
1648122034.8652|100|连接超时|/goods/feeds?pageNum=1&pageSize=5
1648122034.8682|100|连接超时|/goods/feeds?pageNum=1&pageSize=5
1648122034.8691|100|连接超时|/goods/feeds?pageNum=1&pageSize=5
1648122034.8691|100|连接超时|/goods/feeds?pageNum=1&pageSize=5
1648122034.8702|100|连接超时|/goods/feeds?pageNum=1&pageSize=5
1648122034.8721|100|连接超时|/goods/feeds?pageNum=1&pageSize=5
1648122034.8742|100|连接超时|/goods/feeds?pageNum=1&pageSize=5
1648122034.8751|100|连接超时|/goods/feeds?pageNum=1&pageSize=5
1648122034.8751|100|连接超时|/goods/feeds?pageNum=1&pageSize=5
1648122034.8761|100|连接超时|/goods/feeds?pageNum=1&pageSize=5
1648122034.8761|100|连接超时|/goods/feeds?pageNum=1&pageSize=5
1648122034.8771|100|连接超时|/goods/feeds?pageNum=1&pageSize=5
1648122034.8771|100|连接超时|/goods/feeds?pageNum=1&pageSize=5
1648122034.8837|100|连接超时|/goods/feeds?pageNum=1&pageSize=5
1648122034.8847|100|连接超时|/goods/feeds?pageNum=1&pageSize=5
1648122034.8857|100|连接超时|/goods/feeds?pageNum=1&pageSize=5
1648122034.8877|100|连接超时|/goods/feeds?pageNum=1&pageSize=5
1648122034.8887|100|连接超时|/goods/feeds?pageNum=1&pageSize=5
1648122034.8887|100|连接超时|/goods/feeds?pageNum=1&pageSize=5
1648122034.8897|100|连接超时|/goods/feeds?pageNum=1&pageSize=5
1648122034.8902|100|连接超时|/goods/feeds?pageNum=1&pageSize=5
1648122034.8902|100|连接超时|/goods/feeds?pageNum=1&pageSize=5
1648122034.8912|100|连接超时|/goods/feeds?pageNum=1&pageSize=5
1648122034.8912|100|连接超时|/goods/feeds?pageNum=1&pageSize=5
1648122034.8922|100|连接超时|/goods/feeds?pageNum=1&pageSize=5
1648122034.8922|100|连接超时|/goods/feeds?pageNum=1&pageSize=5
1648122034.8932|100|连接超时|/goods/feeds?pageNum=1&pageSize=5
1648122034.8932|100|连接超时|/goods/feeds?pageNum=1&pageSize=5
1648122034.8942|100|连接超时|/goods/feeds?pageNum=1&pageSize=5
1648122034.9014|100|连接超时|/goods/feeds?pageNum=1&pageSize=5
1648122034.9032|100|连接超时|/goods/feeds?pageNum=1&pageSize=5
1648122034.9032|100|连接超时|/goods/feeds?pageNum=1&pageSize=5
1648122034.9042|100|连接超时|/goods/feeds?pageNum=1&pageSize=5
1648122034.9042|100|连接超时|/goods/feeds?pageNum=1&pageSize=5
1648122034.9052|100|连接超时|/goods/feeds?pageNum=1&pageSize=5
1648122034.9062|100|连接超时|/goods/feeds?pageNum=1&pageSize=5
1648122034.9062|100|连接超时|/goods/feeds?pageNum=1&pageSize=5
1648122034.9072|100|连接超时|/goods/feeds?pageNum=1&pageSize=5
1648122034.9072|100|连接超时|/goods/feeds?pageNum=1&pageSize=5
1648122034.9082|100|连接超时|/goods/feeds?pageNum=1&pageSize=5
1648122034.9092|100|连接超时|/goods/feeds?pageNum=1&pageSize=5
1648122034.9092|100|连接超时|/goods/feeds?pageNum=1&pageSize=5
1648122034.9102|100|连接超时|/goods/feeds?pageNum=1&pageSize=5
1648122034.9102|100|连接超时|/goods/feeds?pageNum=1&pageSize=5
1648122034.9112|100|连接超时|/goods/feeds?pageNum=1&pageSize=5
1648122034.9122|100|连接超时|/goods/feeds?pageNum=1&pageSize=5
1648122034.9142|100|连接超时|/goods/feeds?pageNum=1&pageSize=5
1648122034.9152|100|连接超时|/goods/feeds?pageNum=1&pageSize=5
1648122034.9221|100|连接超时|/goods/feeds?pageNum=1&pageSize=5
1648122034.9231|100|连接超时|/goods/feeds?pageNum=1&pageSize=5
1648122034.9231|100|连接超时|/goods/feeds?pageNum=1&pageSize=5
1648122034.9241|100|连接超时|/goods/feeds?pageNum=1&pageSize=5
1648122034.9241|100|连接超时|/goods/feeds?pageNum=1&pageSize=5
1648122034.9251|100|连接超时|/goods/feeds?pageNum=1&pageSize=5
1648122034.9251|100|连接超时|/goods/feeds?pageNum=1&pageSize=5
1648122034.9261|100|连接超时|/goods/feeds?pageNum=1&pageSize=5
1648122034.9261|100|连接超时|/goods/feeds?pageNum=1&pageSize=5
1648122034.9281|100|连接超时|/goods/feeds?pageNum=1&pageSize=5
1648122034.9291|100|连接超时|/goods/feeds?pageNum=1&pageSize=5
1648122034.9291|100|连接超时|/goods/feeds?pageNum=1&pageSize=5
1648122034.9301|100|连接超时|/goods/feeds?pageNum=1&pageSize=5
1648122034.9311|100|连接超时|/goods/feeds?pageNum=1&pageSize=5
1648122034.9371|100|连接超时|/goods/feeds?pageNum=1&pageSize=5
1648122034.9371|100|连接超时|/goods/feeds?pageNum=1&pageSize=5
1648122034.9381|100|连接超时|/goods/feeds?pageNum=1&pageSize=5
1648122034.9391|100|连接超时|/goods/feeds?pageNum=1&pageSize=5
1648122034.9391|100|连接超时|/goods/feeds?pageNum=1&pageSize=5
1648122034.9401|100|连接超时|/goods/feeds?pageNum=1&pageSize=5
1648122034.9411|100|连接超时|/goods/feeds?pageNum=1&pageSize=5
1648122034.9451|100|连接超时|/goods/feeds?pageNum=1&pageSize=5
1648122034.9461|100|连接超时|/goods/feeds?pageNum=1&pageSize=5
1648122034.9461|100|连接超时|/goods/feeds?pageNum=1&pageSize=5
1648122034.9471|100|连接超时|/goods/feeds?pageNum=1&pageSize=5
1648122034.9481|100|连接超时|/goods/feeds?pageNum=1&pageSize=5
1648122034.9557|100|连接超时|/goods/feeds?pageNum=1&pageSize=5
1648122034.9567|100|连接超时|/goods/feeds?pageNum=1&pageSize=5
1648122034.9567|100|连接超时|/goods/feeds?pageNum=1&pageSize=5
1648122034.9587|100|连接超时|/goods/feeds?pageNum=1&pageSize=5
1648122034.9597|100|连接超时|/goods/feeds?pageNum=1&pageSize=5
1648122034.9603|100|连接超时|/goods/feeds?pageNum=1&pageSize=5
1648122034.9603|100|连接超时|/goods/feeds?pageNum=1&pageSize=5
1648122034.9613|100|连接超时|/goods/feeds?pageNum=1&pageSize=5
1648122034.9613|100|连接超时|/goods/feeds?pageNum=1&pageSize=5
1648122034.9623|100|连接超时|/goods/feeds?pageNum=1&pageSize=5
1648122034.9623|100|连接超时|/goods/feeds?pageNum=1&pageSize=5
1648122034.9703|100|连接超时|/goods/feeds?pageNum=1&pageSize=5
1648122034.9703|100|连接超时|/goods/feeds?pageNum=1&pageSize=5
1648122034.9713|100|连接超时|/goods/feeds?pageNum=1&pageSize=5
1648122034.9713|100|连接超时|/goods/feeds?pageNum=1&pageSize=5
1648122034.9763|100|连接超时|/goods/feeds?pageNum=1&pageSize=5
1648122034.9773|100|连接超时|/goods/feeds?pageNum=1&pageSize=5
1648122034.9783|100|连接超时|/goods/feeds?pageNum=1&pageSize=5
1648122034.9783|100|连接超时|/goods/feeds?pageNum=1&pageSize=5
1648122034.9813|100|连接超时|/goods/feeds?pageNum=1&pageSize=5
1648122034.9828|100|连接超时|/goods/feeds?pageNum=1&pageSize=5
1648122034.9838|100|连接超时|/goods/feeds?pageNum=1&pageSize=5
1648122034.9848|100|连接超时|/goods/feeds?pageNum=1&pageSize=5
1648122034.9858|100|连接超时|/goods/feeds?pageNum=1&pageSize=5
1648122034.9868|100|连接超时|/goods/feeds?pageNum=1&pageSize=5
1648122034.9878|100|连接超时|/goods/feeds?pageNum=1&pageSize=5
1648122034.9878|100|连接超时|/goods/feeds?pageNum=1&pageSize=5
1648122034.9904|100|连接超时|/goods/feeds?pageNum=1&pageSize=5
1648122034.9913|100|连接超时|/goods/feeds?pageNum=1&pageSize=5
1648122034.9953|100|连接超时|/goods/feeds?pageNum=1&pageSize=5
1648122034.9953|100|连接超时|/goods/feeds?pageNum=1&pageSize=5
1648122034.9963|100|连接超时|/goods/feeds?pageNum=1&pageSize=5
1648122034.9973|100|连接超时|/goods/feeds?pageNum=1&pageSize=5
1648122034.9973|100|连接超时|/goods/feeds?pageNum=1&pageSize=5
1648122035.0013|100|连接超时|/goods/feeds?pageNum=1&pageSize=5
1648122035.0023|100|连接超时|/goods/feeds?pageNum=1&pageSize=5
1648122035.0033|100|连接超时|/goods/feeds?pageNum=1&pageSize=5
1648122035.0043|100|连接超时|/goods/feeds?pageNum=1&pageSize=5
1648122035.0063|100|连接超时|/goods/feeds?pageNum=1&pageSize=5
1648122035.0073|100|连接超时|/goods/feeds?pageNum=1&pageSize=5
1648122035.0073|100|连接超时|/goods/feeds?pageNum=1&pageSize=5
1648122035.0123|100|连接超时|/goods/feeds?pageNum=1&pageSize=5
1648122035.0123|100|连接超时|/goods/feeds?pageNum=1&pageSize=5
1648122035.0133|100|连接超时|/goods/feeds?pageNum=1&pageSize=5
1648122035.0133|100|连接超时|/goods/feeds?pageNum=1&pageSize=5
1648122035.0143|100|连接超时|/goods/feeds?pageNum=1&pageSize=5
1648122035.0153|100|连接超时|/goods/feeds?pageNum=1&pageSize=5
1648122035.0183|100|连接超时|/goods/feeds?pageNum=1&pageSize=5
1648122035.0212|100|连接超时|/goods/feeds?pageNum=1&pageSize=5
1648122035.0233|100|连接超时|/goods/feeds?pageNum=1&pageSize=5
1648122035.0243|100|连接超时|/goods/feeds?pageNum=1&pageSize=5
1648122035.0243|100|连接超时|/goods/feeds?pageNum=1&pageSize=5
1648122035.0253|100|连接超时|/goods/feeds?pageNum=1&pageSize=5
1648122035.0253|100|连接超时|/goods/feeds?pageNum=1&pageSize=5
1648122035.0263|100|连接超时|/goods/feeds?pageNum=1&pageSize=5
1648122035.0273|100|连接超时|/goods/feeds?pageNum=1&pageSize=5
1648122035.0273|100|连接超时|/goods/feeds?pageNum=1&pageSize=5
1648122035.0283|100|连接超时|/goods/feeds?pageNum=1&pageSize=5
1648122035.0283|100|连接超时|/goods/feeds?pageNum=1&pageSize=5
1648122035.0292|100|连接超时|/goods/feeds?pageNum=1&pageSize=5
1648122035.0302|100|连接超时|/goods/feeds?pageNum=1&pageSize=5
1648122035.0322|100|连接超时|/goods/feeds?pageNum=1&pageSize=5
1648122035.0372|100|连接超时|/goods/feeds?pageNum=1&pageSize=5
1648122035.0382|100|连接超时|/goods/feeds?pageNum=1&pageSize=5
1648122035.0392|100|连接超时|/goods/feeds?pageNum=1&pageSize=5
1648122035.0402|100|连接超时|/goods/feeds?pageNum=1&pageSize=5
1648122035.0412|100|连接超时|/goods/feeds?pageNum=1&pageSize=5
1648122035.0417|100|连接超时|/goods/feeds?pageNum=1&pageSize=5
1648122035.0417|100|连接超时|/goods/feeds?pageNum=1&pageSize=5
1648122035.0427|100|连接超时|/goods/feeds?pageNum=1&pageSize=5
1648122035.0427|100|连接超时|/goods/feeds?pageNum=1&pageSize=5
1648122035.0447|100|连接超时|/goods/feeds?pageNum=1&pageSize=5
1648122035.0457|100|连接超时|/goods/feeds?pageNum=1&pageSize=5
1648122035.0467|100|连接超时|/goods/feeds?pageNum=1&pageSize=5
1648122035.0467|100|连接超时|/goods/feeds?pageNum=1&pageSize=5
1648122035.0477|100|连接超时|/goods/feeds?pageNum=1&pageSize=5
1648122035.0477|100|连接超时|/goods/feeds?pageNum=1&pageSize=5
1648122035.0487|100|连接超时|/goods/feeds?pageNum=1&pageSize=5
1648122035.0497|100|连接超时|/goods/feeds?pageNum=1&pageSize=5
1648122035.0505|100|连接超时|/goods/feeds?pageNum=1&pageSize=5
1648122035.0523|100|连接超时|/goods/feeds?pageNum=1&pageSize=5
1648122035.0543|100|连接超时|/goods/feeds?pageNum=1&pageSize=5
1648122035.0553|100|连接超时|/goods/feeds?pageNum=1&pageSize=5
1648122035.0563|100|连接超时|/goods/feeds?pageNum=1&pageSize=5
1648122035.0563|100|连接超时|/goods/feeds?pageNum=1&pageSize=5
1648122035.0573|100|连接超时|/goods/feeds?pageNum=1&pageSize=5
1648122035.0649|100|连接超时|/goods/feeds?pageNum=1&pageSize=5
1648122035.0649|100|连接超时|/goods/feeds?pageNum=1&pageSize=5
1648122035.0678|100|连接超时|/goods/feeds?pageNum=1&pageSize=5
1648122035.0688|100|连接超时|/goods/feeds?pageNum=1&pageSize=5
1648122035.0705|100|连接超时|/goods/feeds?pageNum=1&pageSize=5
1648122035.0775|100|连接超时|/goods/feeds?pageNum=1&pageSize=5
1648122035.0785|100|连接超时|/goods/feeds?pageNum=1&pageSize=5
1648122035.0795|100|连接超时|/goods/feeds?pageNum=1&pageSize=5
1648122035.0795|100|连接超时|/goods/feeds?pageNum=1&pageSize=5
1648122035.0805|100|连接超时|/goods/feeds?pageNum=1&pageSize=5
1648122035.0814|100|连接超时|/goods/feeds?pageNum=1&pageSize=5
1648122035.0835|100|连接超时|/goods/feeds?pageNum=1&pageSize=5
1648122035.0845|100|连接超时|/goods/feeds?pageNum=1&pageSize=5
1648122035.0845|100|连接超时|/goods/feeds?pageNum=1&pageSize=5
1648122035.0855|100|连接超时|/goods/feeds?pageNum=1&pageSize=5
1648122035.0865|100|连接超时|/goods/feeds?pageNum=1&pageSize=5
1648122035.0875|100|连接超时|/goods/feeds?pageNum=1&pageSize=5
1648122035.0903|100|连接超时|/goods/feeds?pageNum=1&pageSize=5
1648122035.0912|100|连接超时|/goods/feeds?pageNum=1&pageSize=5
1648122035.0923|100|连接超时|/goods/feeds?pageNum=1&pageSize=5
1648122035.0923|100|连接超时|/goods/feeds?pageNum=1&pageSize=5
1648122035.0933|100|连接超时|/goods/feeds?pageNum=1&pageSize=5
1648122035.0933|100|连接超时|/goods/feeds?pageNum=1&pageSize=5
1648122035.0943|100|连接超时|/goods/feeds?pageNum=1&pageSize=5
1648122035.0953|100|连接超时|/goods/feeds?pageNum=1&pageSize=5
1648122035.0953|100|连接超时|/goods/feeds?pageNum=1&pageSize=5
1648122035.0963|100|连接超时|/goods/feeds?pageNum=1&pageSize=5
1648122035.0983|100|连接超时|/goods/feeds?pageNum=1&pageSize=5
1648122035.0993|100|连接超时|/goods/feeds?pageNum=1&pageSize=5
1648122035.0993|100|连接超时|/goods/feeds?pageNum=1&pageSize=5
1648122035.1003|100|连接超时|/goods/feeds?pageNum=1&pageSize=5
1648122035.1013|100|连接超时|/goods/feeds?pageNum=1&pageSize=5
1648122035.1022|100|连接超时|/goods/feeds?pageNum=1&pageSize=5
1648122035.1022|100|连接超时|/goods/feeds?pageNum=1&pageSize=5
1648122035.1052|100|连接超时|/goods/feeds?pageNum=1&pageSize=5
1648122035.1122|100|连接超时|/goods/feeds?pageNum=1&pageSize=5
1648122035.1142|100|连接超时|/goods/feeds?pageNum=1&pageSize=5
1648122035.1152|100|连接超时|/goods/feeds?pageNum=1&pageSize=5
1648122035.1152|100|连接超时|/goods/feeds?pageNum=1&pageSize=5
1648122035.1162|100|连接超时|/goods/feeds?pageNum=1&pageSize=5
1648122035.1162|100|连接超时|/goods/feeds?pageNum=1&pageSize=5
1648122035.1172|100|连接超时|/goods/feeds?pageNum=1&pageSize=5
1648122035.1182|100|连接超时|/goods/feeds?pageNum=1&pageSize=5
1648122035.1192|100|连接超时|/goods/feeds?pageNum=1&pageSize=5
1648122035.1202|100|连接超时|/goods/feeds?pageNum=1&pageSize=5
1648122035.1212|100|连接超时|/goods/feeds?pageNum=1&pageSize=5
1648122035.1212|100|连接超时|/goods/feeds?pageNum=1&pageSize=5
1648122035.1222|100|连接超时|/goods/feeds?pageNum=1&pageSize=5
1648122035.1222|100|连接超时|/goods/feeds?pageNum=1&pageSize=5
1648122035.1232|100|连接超时|/goods/feeds?pageNum=1&pageSize=5
1648122035.1242|100|连接超时|/goods/feeds?pageNum=1&pageSize=5
1648122035.1262|100|连接超时|/goods/feeds?pageNum=1&pageSize=5
1648122035.1272|100|连接超时|/goods/feeds?pageNum=1&pageSize=5
1648122035.1292|100|连接超时|/goods/feeds?pageNum=1&pageSize=5
1648122035.1292|100|连接超时|/goods/feeds?pageNum=1&pageSize=5
1648122035.1302|100|连接超时|/goods/feeds?pageNum=1&pageSize=5
1648122035.1312|100|连接超时|/goods/feeds?pageNum=1&pageSize=5
1648122035.1332|100|连接超时|/goods/feeds?pageNum=1&pageSize=5
1648122035.1342|100|连接超时|/goods/feeds?pageNum=1&pageSize=5
1648122035.1342|100|连接超时|/goods/feeds?pageNum=1&pageSize=5
1648122035.1352|100|连接超时|/goods/feeds?pageNum=1&pageSize=5
1648122035.1362|100|连接超时|/goods/feeds?pageNum=1&pageSize=5
1648122035.1372|100|连接超时|/goods/feeds?pageNum=1&pageSize=5
1648122035.1372|100|连接超时|/goods/feeds?pageNum=1&pageSize=5
1648122035.1401|100|连接超时|/goods/feeds?pageNum=1&pageSize=5
1648122035.1408|100|连接超时|/goods/feeds?pageNum=1&pageSize=5
1648122035.1418|100|连接超时|/goods/feeds?pageNum=1&pageSize=5
1648122035.1428|100|连接超时|/goods/feeds?pageNum=1&pageSize=5
1648122035.1448|100|连接超时|/goods/feeds?pageNum=1&pageSize=5
1648122035.1458|100|连接超时|/goods/feeds?pageNum=1&pageSize=5
1648122035.1458|100|连接超时|/goods/feeds?pageNum=1&pageSize=5
1648122035.1468|100|连接超时|/goods/feeds?pageNum=1&pageSize=5
1648122035.1468|100|连接超时|/goods/feeds?pageNum=1&pageSize=5
1648122035.1478|100|连接超时|/goods/feeds?pageNum=1&pageSize=5
1648122035.1488|100|连接超时|/goods/feeds?pageNum=1&pageSize=5
1648122035.1488|100|连接超时|/goods/feeds?pageNum=1&pageSize=5
1648122035.1504|100|连接超时|/goods/feeds?pageNum=1&pageSize=5
1648122035.1504|100|连接超时|/goods/feeds?pageNum=1&pageSize=5
1648122035.1534|100|连接超时|/goods/feeds?pageNum=1&pageSize=5
1648122035.1604|100|连接超时|/goods/feeds?pageNum=1&pageSize=5
1648122035.1614|100|连接超时|/goods/feeds?pageNum=1&pageSize=5
1648122035.1614|100|连接超时|/goods/feeds?pageNum=1&pageSize=5
1648122035.1623|100|连接超时|/goods/feeds?pageNum=1&pageSize=5
1648122035.1623|100|连接超时|/goods/feeds?pageNum=1&pageSize=5
1648122035.1633|100|连接超时|/goods/feeds?pageNum=1&pageSize=5
1648122035.1633|100|连接超时|/goods/feeds?pageNum=1&pageSize=5
1648122035.1643|100|连接超时|/goods/feeds?pageNum=1&pageSize=5
1648122035.1643|100|连接超时|/goods/feeds?pageNum=1&pageSize=5
1648122035.1653|100|连接超时|/goods/feeds?pageNum=1&pageSize=5
1648122035.1653|100|连接超时|/goods/feeds?pageNum=1&pageSize=5
1648122035.1663|100|连接超时|/goods/feeds?pageNum=1&pageSize=5
1648122035.1673|100|连接超时|/goods/feeds?pageNum=1&pageSize=5
1648122035.1683|100|连接超时|/goods/feeds?pageNum=1&pageSize=5
1648122035.1713|100|连接超时|/goods/feeds?pageNum=1&pageSize=5
1648122035.1723|100|连接超时|/goods/feeds?pageNum=1&pageSize=5
1648122035.1723|100|连接超时|/goods/feeds?pageNum=1&pageSize=5
1648122035.1733|100|连接超时|/goods/feeds?pageNum=1&pageSize=5
1648122035.1743|100|连接超时|/goods/feeds?pageNum=1&pageSize=5
1648122035.1773|100|连接超时|/goods/feeds?pageNum=1&pageSize=5
1648122035.1783|100|连接超时|/goods/feeds?pageNum=1&pageSize=5
1648122035.1783|100|连接超时|/goods/feeds?pageNum=1&pageSize=5
1648122035.1793|100|连接超时|/goods/feeds?pageNum=1&pageSize=5
1648122035.1793|100|连接超时|/goods/feeds?pageNum=1&pageSize=5
1648122035.1803|100|连接超时|/goods/feeds?pageNum=1&pageSize=5
1648122035.1813|100|连接超时|/goods/feeds?pageNum=1&pageSize=5
1648122035.1813|100|连接超时|/goods/feeds?pageNum=1&pageSize=5
1648122035.1823|100|连接超时|/goods/feeds?pageNum=1&pageSize=5
1648122035.1863|100|连接超时|/goods/feeds?pageNum=1&pageSize=5
1648122035.1873|100|连接超时|/goods/feeds?pageNum=1&pageSize=5
1648122035.1883|100|连接超时|/goods/feeds?pageNum=1&pageSize=5
1648122035.1883|100|连接超时|/goods/feeds?pageNum=1&pageSize=5
1648122035.1893|100|连接超时|/goods/feeds?pageNum=1&pageSize=5
1648122035.1893|100|连接超时|/goods/feeds?pageNum=1&pageSize=5
1648122035.1923|100|连接超时|/goods/feeds?pageNum=1&pageSize=5
1648122035.1923|100|连接超时|/goods/feeds?pageNum=1&pageSize=5
1648122035.1933|100|连接超时|/goods/feeds?pageNum=1&pageSize=5
1648122035.1943|100|连接超时|/goods/feeds?pageNum=1&pageSize=5
1648122035.1953|100|连接超时|/goods/feeds?pageNum=1&pageSize=5
1648122035.1973|100|连接超时|/goods/feeds?pageNum=1&pageSize=5
1648122035.1973|100|连接超时|/goods/feeds?pageNum=1&pageSize=5
1648122035.1983|100|连接超时|/goods/feeds?pageNum=1&pageSize=5
1648122035.1983|100|连接超时|/goods/feeds?pageNum=1&pageSize=5
1648122035.1993|100|连接超时|/goods/feeds?pageNum=1&pageSize=5
1648122035.1993|100|连接超时|/goods/feeds?pageNum=1&pageSize=5
1648122035.2003|100|连接超时|/goods/feeds?pageNum=1&pageSize=5
1648122035.2022|100|连接超时|/goods/feeds?pageNum=1&pageSize=5
1648122035.2022|100|连接超时|/goods/feeds?pageNum=1&pageSize=5
1648122035.2102|100|连接超时|/goods/feeds?pageNum=1&pageSize=5
1648122035.2122|100|连接超时|/goods/feeds?pageNum=1&pageSize=5
1648122035.2132|100|连接超时|/goods/feeds?pageNum=1&pageSize=5
1648122035.2132|100|连接超时|/goods/feeds?pageNum=1&pageSize=5
1648122035.2142|100|连接超时|/goods/feeds?pageNum=1&pageSize=5
1648122035.2152|100|连接超时|/goods/feeds?pageNum=1&pageSize=5
1648122035.2152|100|连接超时|/goods/feeds?pageNum=1&pageSize=5
1648122035.2162|100|连接超时|/goods/feeds?pageNum=1&pageSize=5
1648122035.2172|100|连接超时|/goods/feeds?pageNum=1&pageSize=5
1648122035.2172|100|连接超时|/goods/feeds?pageNum=1&pageSize=5
1648122035.2192|100|连接超时|/goods/feeds?pageNum=1&pageSize=5
1648122035.2222|100|连接超时|/goods/feeds?pageNum=1&pageSize=5
1648122035.2232|100|连接超时|/goods/feeds?pageNum=1&pageSize=5
1648122035.2232|100|连接超时|/goods/feeds?pageNum=1&pageSize=5
1648122035.2242|100|连接超时|/goods/feeds?pageNum=1&pageSize=5
1648122035.2242|100|连接超时|/goods/feeds?pageNum=1&pageSize=5
1648122035.2252|100|连接超时|/goods/feeds?pageNum=1&pageSize=5
1648122035.2252|100|连接超时|/goods/feeds?pageNum=1&pageSize=5
1648122035.2262|100|连接超时|/goods/feeds?pageNum=1&pageSize=5
1648122035.2262|100|连接超时|/goods/feeds?pageNum=1&pageSize=5
1648122035.2282|100|连接超时|/goods/feeds?pageNum=1&pageSize=5
1648122035.2292|100|连接超时|/goods/feeds?pageNum=1&pageSize=5
1648122035.2302|100|连接超时|/goods/feeds?pageNum=1&pageSize=5
1648122035.2302|100|连接超时|/goods/feeds?pageNum=1&pageSize=5
1648122035.2312|100|连接超时|/goods/feeds?pageNum=1&pageSize=5
1648122035.2312|100|连接超时|/goods/feeds?pageNum=1&pageSize=5
1648122035.2332|100|连接超时|/goods/feeds?pageNum=1&pageSize=5
1648122035.2381|100|连接超时|/goods/feeds?pageNum=1&pageSize=5
1648122035.2412|100|连接超时|/goods/feeds?pageNum=1&pageSize=5
1648122035.2421|100|连接超时|/goods/feeds?pageNum=1&pageSize=5
1648122035.2431|100|连接超时|/goods/feeds?pageNum=1&pageSize=5
1648122035.2431|100|连接超时|/goods/feeds?pageNum=1&pageSize=5
1648122035.2442|100|连接超时|/goods/feeds?pageNum=1&pageSize=5
1648122035.2451|100|连接超时|/goods/feeds?pageNum=1&pageSize=5
1648122035.2461|100|连接超时|/goods/feeds?pageNum=1&pageSize=5
1648122035.2461|100|连接超时|/goods/feeds?pageNum=1&pageSize=5
1648122035.2472|100|连接超时|/goods/feeds?pageNum=1&pageSize=5
1648122035.2472|100|连接超时|/goods/feeds?pageNum=1&pageSize=5
1648122035.2481|100|连接超时|/goods/feeds?pageNum=1&pageSize=5
1648122035.2481|100|连接超时|/goods/feeds?pageNum=1&pageSize=5
1648122035.2501|100|连接超时|/goods/feeds?pageNum=1&pageSize=5
1648122035.2521|100|连接超时|/goods/feeds?pageNum=1&pageSize=5
1648122035.2531|100|连接超时|/goods/feeds?pageNum=1&pageSize=5
1648122035.2541|100|连接超时|/goods/feeds?pageNum=1&pageSize=5
1648122035.2551|100|连接超时|/goods/feeds?pageNum=1&pageSize=5
1648122035.2551|100|连接超时|/goods/feeds?pageNum=1&pageSize=5
1648122035.2561|100|连接超时|/goods/feeds?pageNum=1&pageSize=5
1648122035.2561|100|连接超时|/goods/feeds?pageNum=1&pageSize=5
1648122035.2571|100|连接超时|/goods/feeds?pageNum=1&pageSize=5
1648122035.2581|100|连接超时|/goods/feeds?pageNum=1&pageSize=5
1648122035.2581|100|连接超时|/goods/feeds?pageNum=1&pageSize=5
1648122035.2591|100|连接超时|/goods/feeds?pageNum=1&pageSize=5
1648122035.2601|100|连接超时|/goods/feeds?pageNum=1&pageSize=5
1648122035.2627|100|连接超时|/goods/feeds?pageNum=1&pageSize=5
1648122035.2637|100|连接超时|/goods/feeds?pageNum=1&pageSize=5
1648122035.2647|100|连接超时|/goods/feeds?pageNum=1&pageSize=5
1648122035.2647|100|连接超时|/goods/feeds?pageNum=1&pageSize=5
1648122035.2677|100|连接超时|/goods/feeds?pageNum=1&pageSize=5
1648122035.2704|100|连接超时|/goods/feeds?pageNum=1&pageSize=5
1648122035.2714|100|连接超时|/goods/feeds?pageNum=1&pageSize=5
1648122035.2714|100|连接超时|/goods/feeds?pageNum=1&pageSize=5
1648122035.2724|100|连接超时|/goods/feeds?pageNum=1&pageSize=5
1648122035.2734|100|连接超时|/goods/feeds?pageNum=1&pageSize=5
1648122035.2734|100|连接超时|/goods/feeds?pageNum=1&pageSize=5
1648122035.2745|100|连接超时|/goods/feeds?pageNum=1&pageSize=5
1648122035.2745|100|连接超时|/goods/feeds?pageNum=1&pageSize=5
1648122035.2755|100|连接超时|/goods/feeds?pageNum=1&pageSize=5
1648122035.2755|100|连接超时|/goods/feeds?pageNum=1&pageSize=5
1648122035.2764|100|连接超时|/goods/feeds?pageNum=1&pageSize=5
1648122035.2764|100|连接超时|/goods/feeds?pageNum=1&pageSize=5
1648122035.2774|100|连接超时|/goods/feeds?pageNum=1&pageSize=5
1648122035.2784|100|连接超时|/goods/feeds?pageNum=1&pageSize=5
1648122035.2879|100|连接超时|/goods/feeds?pageNum=1&pageSize=5
1648122035.2889|100|连接超时|/goods/feeds?pageNum=1&pageSize=5
1648122035.2900|100|连接超时|/goods/feeds?pageNum=1&pageSize=5
1648122035.2906|100|连接超时|/goods/feeds?pageNum=1&pageSize=5
1648122035.2906|100|连接超时|/goods/feeds?pageNum=1&pageSize=5
1648122035.2916|100|连接超时|/goods/feeds?pageNum=1&pageSize=5
1648122035.2926|100|连接超时|/goods/feeds?pageNum=1&pageSize=5
1648122035.2926|100|连接超时|/goods/feeds?pageNum=1&pageSize=5
1648122035.2936|100|连接超时|/goods/feeds?pageNum=1&pageSize=5
1648122035.2986|100|连接超时|/goods/feeds?pageNum=1&pageSize=5
1648122035.3016|100|连接超时|/goods/feeds?pageNum=1&pageSize=5
1648122035.3022|100|连接超时|/goods/feeds?pageNum=1&pageSize=5
1648122035.3032|100|连接超时|/goods/feeds?pageNum=1&pageSize=5
1648122035.3042|100|连接超时|/goods/feeds?pageNum=1&pageSize=5
1648122035.3042|100|连接超时|/goods/feeds?pageNum=1&pageSize=5
1648122035.3051|100|连接超时|/goods/feeds?pageNum=1&pageSize=5
1648122035.3051|100|连接超时|/goods/feeds?pageNum=1&pageSize=5
1648122035.3061|100|连接超时|/goods/feeds?pageNum=1&pageSize=5
1648122035.3061|100|连接超时|/goods/feeds?pageNum=1&pageSize=5
1648122035.3071|100|连接超时|/goods/feeds?pageNum=1&pageSize=5
1648122035.3071|100|连接超时|/goods/feeds?pageNum=1&pageSize=5
1648122035.3081|100|连接超时|/goods/feeds?pageNum=1&pageSize=5
1648122035.3091|100|连接超时|/goods/feeds?pageNum=1&pageSize=5
1648122035.3121|100|连接超时|/goods/feeds?pageNum=1&pageSize=5
1648122035.3131|100|连接超时|/goods/feeds?pageNum=1&pageSize=5
1648122035.3131|100|连接超时|/goods/feeds?pageNum=1&pageSize=5
1648122035.3141|100|连接超时|/goods/feeds?pageNum=1&pageSize=5
1648122035.3151|100|连接超时|/goods/feeds?pageNum=1&pageSize=5
1648122035.3161|100|连接超时|/goods/feeds?pageNum=1&pageSize=5
1648122035.3171|100|连接超时|/goods/feeds?pageNum=1&pageSize=5
1648122035.3181|100|连接超时|/goods/feeds?pageNum=1&pageSize=5
1648122035.3181|100|连接超时|/goods/feeds?pageNum=1&pageSize=5
1648122035.3191|100|连接超时|/goods/feeds?pageNum=1&pageSize=5
1648122035.3191|100|连接超时|/goods/feeds?pageNum=1&pageSize=5
1648122035.3211|100|连接超时|/goods/feeds?pageNum=1&pageSize=5
1648122035.3211|100|连接超时|/goods/feeds?pageNum=1&pageSize=5
1648122035.3221|100|连接超时|/goods/feeds?pageNum=1&pageSize=5
1648122035.3221|100|连接超时|/goods/feeds?pageNum=1&pageSize=5
1648122035.3231|100|连接超时|/goods/feeds?pageNum=1&pageSize=5
1648122035.3231|100|连接超时|/goods/feeds?pageNum=1&pageSize=5
1648122035.3251|100|连接超时|/goods/feeds?pageNum=1&pageSize=5
1648122035.3261|100|连接超时|/goods/feeds?pageNum=1&pageSize=5
1648122035.3261|100|连接超时|/goods/feeds?pageNum=1&pageSize=5
1648122035.3291|100|连接超时|/goods/feeds?pageNum=1&pageSize=5
1648122035.3301|100|连接超时|/goods/feeds?pageNum=1&pageSize=5
1648122035.3307|100|连接超时|/goods/feeds?pageNum=1&pageSize=5
1648122035.3307|100|连接超时|/goods/feeds?pageNum=1&pageSize=5
1648122035.3317|100|连接超时|/goods/feeds?pageNum=1&pageSize=5
1648122035.3327|100|连接超时|/goods/feeds?pageNum=1&pageSize=5
1648122035.3347|100|连接超时|/goods/feeds?pageNum=1&pageSize=5
1648122035.3357|100|连接超时|/goods/feeds?pageNum=1&pageSize=5
1648122035.3357|100|连接超时|/goods/feeds?pageNum=1&pageSize=5
1648122035.3367|100|连接超时|/goods/feeds?pageNum=1&pageSize=5
1648122035.3377|100|连接超时|/goods/feeds?pageNum=1&pageSize=5
1648122035.3377|100|连接超时|/goods/feeds?pageNum=1&pageSize=5
1648122035.3403|100|连接超时|/goods/feeds?pageNum=1&pageSize=5
1648122035.3412|100|连接超时|/goods/feeds?pageNum=1&pageSize=5
1648122035.3423|100|连接超时|/goods/feeds?pageNum=1&pageSize=5
1648122035.3443|100|连接超时|/goods/feeds?pageNum=1&pageSize=5
1648122035.3452|100|连接超时|/goods/feeds?pageNum=1&pageSize=5
1648122035.3452|100|连接超时|/goods/feeds?pageNum=1&pageSize=5
1648122035.3462|100|连接超时|/goods/feeds?pageNum=1&pageSize=5
1648122035.3462|100|连接超时|/goods/feeds?pageNum=1&pageSize=5
1648122035.3472|100|连接超时|/goods/feeds?pageNum=1&pageSize=5
1648122035.3482|100|连接超时|/goods/feeds?pageNum=1&pageSize=5
1648122035.3492|100|连接超时|/goods/feeds?pageNum=1&pageSize=5
1648122035.3515|100|连接超时|/goods/feeds?pageNum=1&pageSize=5
1648122035.3532|100|连接超时|/goods/feeds?pageNum=1&pageSize=5
1648122035.3562|100|连接超时|/goods/feeds?pageNum=1&pageSize=5
1648122035.3562|100|连接超时|/goods/feeds?pageNum=1&pageSize=5
1648122035.3572|100|连接超时|/goods/feeds?pageNum=1&pageSize=5
1648122035.3592|100|连接超时|/goods/feeds?pageNum=1&pageSize=5
1648122035.3592|100|连接超时|/goods/feeds?pageNum=1&pageSize=5
1648122035.3602|100|连接超时|/goods/feeds?pageNum=1&pageSize=5
1648122035.3602|100|连接超时|/goods/feeds?pageNum=1&pageSize=5
1648122035.3612|100|连接超时|/goods/feeds?pageNum=1&pageSize=5
1648122035.3612|100|连接超时|/goods/feeds?pageNum=1&pageSize=5
1648122035.3622|100|连接超时|/goods/feeds?pageNum=1&pageSize=5
1648122035.3622|100|连接超时|/goods/feeds?pageNum=1&pageSize=5
1648122035.3632|100|连接超时|/goods/feeds?pageNum=1&pageSize=5
1648122035.3642|100|连接超时|/goods/feeds?pageNum=1&pageSize=5
1648122035.3642|100|连接超时|/goods/feeds?pageNum=1&pageSize=5
1648122035.3652|100|连接超时|/goods/feeds?pageNum=1&pageSize=5
1648122035.3652|100|连接超时|/goods/feeds?pageNum=1&pageSize=5
1648122035.3662|100|连接超时|/goods/feeds?pageNum=1&pageSize=5
1648122035.3672|100|连接超时|/goods/feeds?pageNum=1&pageSize=5
1648122035.3682|100|连接超时|/goods/feeds?pageNum=1&pageSize=5
1648122035.3692|100|连接超时|/goods/feeds?pageNum=1&pageSize=5
1648122035.3702|100|连接超时|/goods/feeds?pageNum=1&pageSize=5
1648122035.3712|100|连接超时|/goods/feeds?pageNum=1&pageSize=5
